{"/Users/Q247532/effective-fortnight/effective-fortnight/backend/middleware/auth.js": {"path":"/Users/Q247532/effective-fortnight/effective-fortnight/backend/middleware/auth.js","statementMap":{"0":{"start":{"line":1,"column":12},"end":{"line":1,"column":35}},"1":{"start":{"line":4,"column":26},"end":{"line":19,"column":1}},"2":{"start":{"line":5,"column":21},"end":{"line":5,"column":49}},"3":{"start":{"line":6,"column":16},"end":{"line":6,"column":54}},"4":{"start":{"line":8,"column":2},"end":{"line":10,"column":3}},"5":{"start":{"line":9,"column":4},"end":{"line":9,"column":68}},"6":{"start":{"line":12,"column":2},"end":{"line":18,"column":5}},"7":{"start":{"line":13,"column":4},"end":{"line":15,"column":5}},"8":{"start":{"line":14,"column":6},"end":{"line":14,"column":73}},"9":{"start":{"line":16,"column":4},"end":{"line":16,"column":20}},"10":{"start":{"line":17,"column":4},"end":{"line":17,"column":11}},"11":{"start":{"line":22,"column":21},"end":{"line":27,"column":1}},"12":{"start":{"line":23,"column":2},"end":{"line":25,"column":3}},"13":{"start":{"line":24,"column":4},"end":{"line":24,"column":68}},"14":{"start":{"line":26,"column":2},"end":{"line":26,"column":9}},"15":{"start":{"line":30,"column":22},"end":{"line":35,"column":1}},"16":{"start":{"line":31,"column":2},"end":{"line":33,"column":3}},"17":{"start":{"line":32,"column":4},"end":{"line":32,"column":69}},"18":{"start":{"line":34,"column":2},"end":{"line":34,"column":9}},"19":{"start":{"line":37,"column":0},"end":{"line":41,"column":2}}},"fnMap":{"0":{"name":"(anonymous_0)","decl":{"start":{"line":4,"column":26},"end":{"line":4,"column":27}},"loc":{"start":{"line":4,"column":46},"end":{"line":19,"column":1}},"line":4},"1":{"name":"(anonymous_1)","decl":{"start":{"line":12,"column":44},"end":{"line":12,"column":45}},"loc":{"start":{"line":12,"column":59},"end":{"line":18,"column":3}},"line":12},"2":{"name":"(anonymous_2)","decl":{"start":{"line":22,"column":21},"end":{"line":22,"column":22}},"loc":{"start":{"line":22,"column":41},"end":{"line":27,"column":1}},"line":22},"3":{"name":"(anonymous_3)","decl":{"start":{"line":30,"column":22},"end":{"line":30,"column":23}},"loc":{"start":{"line":30,"column":42},"end":{"line":35,"column":1}},"line":30}},"branchMap":{"0":{"loc":{"start":{"line":6,"column":16},"end":{"line":6,"column":54}},"type":"binary-expr","locations":[{"start":{"line":6,"column":16},"end":{"line":6,"column":26}},{"start":{"line":6,"column":30},"end":{"line":6,"column":54}}],"line":6},"1":{"loc":{"start":{"line":8,"column":2},"end":{"line":10,"column":3}},"type":"if","locations":[{"start":{"line":8,"column":2},"end":{"line":10,"column":3}},{"start":{},"end":{}}],"line":8},"2":{"loc":{"start":{"line":13,"column":4},"end":{"line":15,"column":5}},"type":"if","locations":[{"start":{"line":13,"column":4},"end":{"line":15,"column":5}},{"start":{},"end":{}}],"line":13},"3":{"loc":{"start":{"line":23,"column":2},"end":{"line":25,"column":3}},"type":"if","locations":[{"start":{"line":23,"column":2},"end":{"line":25,"column":3}},{"start":{},"end":{}}],"line":23},"4":{"loc":{"start":{"line":31,"column":2},"end":{"line":33,"column":3}},"type":"if","locations":[{"start":{"line":31,"column":2},"end":{"line":33,"column":3}},{"start":{},"end":{}}],"line":31}},"s":{"0":2,"1":2,"2":13,"3":13,"4":13,"5":3,"6":10,"7":10,"8":4,"9":6,"10":6,"11":2,"12":7,"13":5,"14":2,"15":2,"16":0,"17":0,"18":0,"19":2},"f":{"0":13,"1":10,"2":7,"3":0},"b":{"0":[13,11],"1":[3,10],"2":[4,6],"3":[5,2],"4":[0,0]},"_coverageSchema":"1a1c01bbd47fc00a2c39e90264f33305004495a9","hash":"4aab03ac42e892256b944bbe5db1e14f0ee38f05"}
,"/Users/Q247532/effective-fortnight/effective-fortnight/backend/routes/attendance.js": {"path":"/Users/Q247532/effective-fortnight/effective-fortnight/backend/routes/attendance.js","statementMap":{"0":{"start":{"line":1,"column":16},"end":{"line":1,"column":34}},"1":{"start":{"line":2,"column":35},"end":{"line":2,"column":63}},"2":{"start":{"line":3,"column":11},"end":{"line":3,"column":40}},"3":{"start":{"line":4,"column":45},"end":{"line":4,"column":74}},"4":{"start":{"line":6,"column":15},"end":{"line":6,"column":31}},"5":{"start":{"line":9,"column":0},"end":{"line":59,"column":3}},"6":{"start":{"line":10,"column":28},"end":{"line":10,"column":38}},"7":{"start":{"line":12,"column":2},"end":{"line":58,"column":3}},"8":{"start":{"line":14,"column":4},"end":{"line":22,"column":5}},"9":{"start":{"line":15,"column":22},"end":{"line":18,"column":7}},"10":{"start":{"line":19,"column":6},"end":{"line":21,"column":7}},"11":{"start":{"line":20,"column":8},"end":{"line":20,"column":78}},"12":{"start":{"line":24,"column":21},"end":{"line":30,"column":5}},"13":{"start":{"line":32,"column":4},"end":{"line":41,"column":5}},"14":{"start":{"line":33,"column":6},"end":{"line":40,"column":9}},"15":{"start":{"line":43,"column":4},"end":{"line":54,"column":7}},"16":{"start":{"line":56,"column":4},"end":{"line":56,"column":57}},"17":{"start":{"line":57,"column":4},"end":{"line":57,"column":73}},"18":{"start":{"line":62,"column":0},"end":{"line":249,"column":2}},"19":{"start":{"line":70,"column":19},"end":{"line":70,"column":40}},"20":{"start":{"line":71,"column":4},"end":{"line":73,"column":5}},"21":{"start":{"line":72,"column":6},"end":{"line":72,"column":62}},"22":{"start":{"line":75,"column":30},"end":{"line":75,"column":40}},"23":{"start":{"line":76,"column":38},"end":{"line":76,"column":46}},"24":{"start":{"line":77,"column":22},"end":{"line":77,"column":28}},"25":{"start":{"line":79,"column":4},"end":{"line":247,"column":5}},"26":{"start":{"line":81,"column":22},"end":{"line":84,"column":7}},"27":{"start":{"line":85,"column":6},"end":{"line":87,"column":7}},"28":{"start":{"line":86,"column":8},"end":{"line":86,"column":78}},"29":{"start":{"line":90,"column":25},"end":{"line":93,"column":7}},"30":{"start":{"line":95,"column":6},"end":{"line":110,"column":7}},"31":{"start":{"line":97,"column":8},"end":{"line":102,"column":10}},"32":{"start":{"line":105,"column":8},"end":{"line":109,"column":10}},"33":{"start":{"line":113,"column":6},"end":{"line":205,"column":7}},"34":{"start":{"line":114,"column":8},"end":{"line":114,"column":98}},"35":{"start":{"line":115,"column":31},"end":{"line":115,"column":33}},"36":{"start":{"line":118,"column":24},"end":{"line":118,"column":101}},"37":{"start":{"line":119,"column":8},"end":{"line":119,"column":50}},"38":{"start":{"line":121,"column":8},"end":{"line":204,"column":9}},"39":{"start":{"line":122,"column":29},"end":{"line":122,"column":52}},"40":{"start":{"line":123,"column":10},"end":{"line":123,"column":50}},"41":{"start":{"line":126,"column":30},"end":{"line":129,"column":11}},"42":{"start":{"line":130,"column":10},"end":{"line":130,"column":59}},"43":{"start":{"line":132,"column":32},"end":{"line":132,"column":52}},"44":{"start":{"line":133,"column":10},"end":{"line":135,"column":11}},"45":{"start":{"line":134,"column":12},"end":{"line":134,"column":72}},"46":{"start":{"line":136,"column":10},"end":{"line":136,"column":60}},"47":{"start":{"line":138,"column":40},"end":{"line":138,"column":76}},"48":{"start":{"line":139,"column":10},"end":{"line":139,"column":74}},"49":{"start":{"line":142,"column":10},"end":{"line":203,"column":11}},"50":{"start":{"line":143,"column":12},"end":{"line":143,"column":75}},"51":{"start":{"line":144,"column":33},"end":{"line":151,"column":13}},"52":{"start":{"line":152,"column":12},"end":{"line":152,"column":87}},"53":{"start":{"line":154,"column":12},"end":{"line":166,"column":13}},"54":{"start":{"line":155,"column":14},"end":{"line":155,"column":77}},"55":{"start":{"line":157,"column":14},"end":{"line":162,"column":16}},"56":{"start":{"line":163,"column":14},"end":{"line":163,"column":40}},"57":{"start":{"line":165,"column":14},"end":{"line":165,"column":59}},"58":{"start":{"line":170,"column":12},"end":{"line":170,"column":87}},"59":{"start":{"line":171,"column":37},"end":{"line":171,"column":42}},"60":{"start":{"line":173,"column":12},"end":{"line":188,"column":13}},"61":{"start":{"line":174,"column":35},"end":{"line":180,"column":15}},"62":{"start":{"line":181,"column":14},"end":{"line":181,"column":72}},"63":{"start":{"line":183,"column":14},"end":{"line":187,"column":15}},"64":{"start":{"line":184,"column":16},"end":{"line":184,"column":42}},"65":{"start":{"line":185,"column":16},"end":{"line":185,"column":64}},"66":{"start":{"line":186,"column":16},"end":{"line":186,"column":22}},"67":{"start":{"line":190,"column":12},"end":{"line":202,"column":13}},"68":{"start":{"line":191,"column":14},"end":{"line":191,"column":85}},"69":{"start":{"line":193,"column":14},"end":{"line":198,"column":16}},"70":{"start":{"line":199,"column":14},"end":{"line":199,"column":40}},"71":{"start":{"line":201,"column":14},"end":{"line":201,"column":60}},"72":{"start":{"line":207,"column":6},"end":{"line":207,"column":80}},"73":{"start":{"line":209,"column":24},"end":{"line":215,"column":7}},"74":{"start":{"line":216,"column":6},"end":{"line":216,"column":59}},"75":{"start":{"line":218,"column":6},"end":{"line":220,"column":7}},"76":{"start":{"line":219,"column":8},"end":{"line":219,"column":84}},"77":{"start":{"line":222,"column":6},"end":{"line":236,"column":9}},"78":{"start":{"line":238,"column":6},"end":{"line":238,"column":62}},"79":{"start":{"line":239,"column":6},"end":{"line":245,"column":9}},"80":{"start":{"line":246,"column":6},"end":{"line":246,"column":76}},"81":{"start":{"line":252,"column":0},"end":{"line":282,"column":3}},"82":{"start":{"line":253,"column":19},"end":{"line":253,"column":29}},"83":{"start":{"line":255,"column":2},"end":{"line":281,"column":3}},"84":{"start":{"line":256,"column":22},"end":{"line":264,"column":5}},"85":{"start":{"line":266,"column":4},"end":{"line":277,"column":9}},"86":{"start":{"line":266,"column":31},"end":{"line":277,"column":5}},"87":{"start":{"line":279,"column":4},"end":{"line":279,"column":52}},"88":{"start":{"line":280,"column":4},"end":{"line":280,"column":68}},"89":{"start":{"line":284,"column":0},"end":{"line":284,"column":24}}},"fnMap":{"0":{"name":"(anonymous_0)","decl":{"start":{"line":9,"column":60},"end":{"line":9,"column":61}},"loc":{"start":{"line":9,"column":80},"end":{"line":59,"column":1}},"line":9},"1":{"name":"(anonymous_1)","decl":{"start":{"line":69,"column":2},"end":{"line":69,"column":3}},"loc":{"start":{"line":69,"column":22},"end":{"line":248,"column":3}},"line":69},"2":{"name":"(anonymous_2)","decl":{"start":{"line":252,"column":58},"end":{"line":252,"column":59}},"loc":{"start":{"line":252,"column":78},"end":{"line":282,"column":1}},"line":252},"3":{"name":"(anonymous_3)","decl":{"start":{"line":266,"column":25},"end":{"line":266,"column":26}},"loc":{"start":{"line":266,"column":31},"end":{"line":277,"column":5}},"line":266}},"branchMap":{"0":{"loc":{"start":{"line":14,"column":4},"end":{"line":22,"column":5}},"type":"if","locations":[{"start":{"line":14,"column":4},"end":{"line":22,"column":5}},{"start":{},"end":{}}],"line":14},"1":{"loc":{"start":{"line":19,"column":6},"end":{"line":21,"column":7}},"type":"if","locations":[{"start":{"line":19,"column":6},"end":{"line":21,"column":7}},{"start":{},"end":{}}],"line":19},"2":{"loc":{"start":{"line":32,"column":4},"end":{"line":41,"column":5}},"type":"if","locations":[{"start":{"line":32,"column":4},"end":{"line":41,"column":5}},{"start":{},"end":{}}],"line":32},"3":{"loc":{"start":{"line":71,"column":4},"end":{"line":73,"column":5}},"type":"if","locations":[{"start":{"line":71,"column":4},"end":{"line":73,"column":5}},{"start":{},"end":{}}],"line":71},"4":{"loc":{"start":{"line":85,"column":6},"end":{"line":87,"column":7}},"type":"if","locations":[{"start":{"line":85,"column":6},"end":{"line":87,"column":7}},{"start":{},"end":{}}],"line":85},"5":{"loc":{"start":{"line":95,"column":6},"end":{"line":110,"column":7}},"type":"if","locations":[{"start":{"line":95,"column":6},"end":{"line":110,"column":7}},{"start":{"line":103,"column":13},"end":{"line":110,"column":7}}],"line":95},"6":{"loc":{"start":{"line":113,"column":6},"end":{"line":205,"column":7}},"type":"if","locations":[{"start":{"line":113,"column":6},"end":{"line":205,"column":7}},{"start":{},"end":{}}],"line":113},"7":{"loc":{"start":{"line":121,"column":8},"end":{"line":204,"column":9}},"type":"if","locations":[{"start":{"line":121,"column":8},"end":{"line":204,"column":9}},{"start":{},"end":{}}],"line":121},"8":{"loc":{"start":{"line":133,"column":10},"end":{"line":135,"column":11}},"type":"if","locations":[{"start":{"line":133,"column":10},"end":{"line":135,"column":11}},{"start":{},"end":{}}],"line":133},"9":{"loc":{"start":{"line":142,"column":10},"end":{"line":203,"column":11}},"type":"if","locations":[{"start":{"line":142,"column":10},"end":{"line":203,"column":11}},{"start":{"line":169,"column":15},"end":{"line":203,"column":11}}],"line":142},"10":{"loc":{"start":{"line":154,"column":12},"end":{"line":166,"column":13}},"type":"if","locations":[{"start":{"line":154,"column":12},"end":{"line":166,"column":13}},{"start":{"line":164,"column":19},"end":{"line":166,"column":13}}],"line":154},"11":{"loc":{"start":{"line":183,"column":14},"end":{"line":187,"column":15}},"type":"if","locations":[{"start":{"line":183,"column":14},"end":{"line":187,"column":15}},{"start":{},"end":{}}],"line":183},"12":{"loc":{"start":{"line":190,"column":12},"end":{"line":202,"column":13}},"type":"if","locations":[{"start":{"line":190,"column":12},"end":{"line":202,"column":13}},{"start":{"line":200,"column":19},"end":{"line":202,"column":13}}],"line":190},"13":{"loc":{"start":{"line":218,"column":6},"end":{"line":220,"column":7}},"type":"if","locations":[{"start":{"line":218,"column":6},"end":{"line":220,"column":7}},{"start":{},"end":{}}],"line":218}},"s":{"0":0,"1":0,"2":0,"3":0,"4":0,"5":0,"6":0,"7":0,"8":0,"9":0,"10":0,"11":0,"12":0,"13":0,"14":0,"15":0,"16":0,"17":0,"18":0,"19":0,"20":0,"21":0,"22":0,"23":0,"24":0,"25":0,"26":0,"27":0,"28":0,"29":0,"30":0,"31":0,"32":0,"33":0,"34":0,"35":0,"36":0,"37":0,"38":0,"39":0,"40":0,"41":0,"42":0,"43":0,"44":0,"45":0,"46":0,"47":0,"48":0,"49":0,"50":0,"51":0,"52":0,"53":0,"54":0,"55":0,"56":0,"57":0,"58":0,"59":0,"60":0,"61":0,"62":0,"63":0,"64":0,"65":0,"66":0,"67":0,"68":0,"69":0,"70":0,"71":0,"72":0,"73":0,"74":0,"75":0,"76":0,"77":0,"78":0,"79":0,"80":0,"81":0,"82":0,"83":0,"84":0,"85":0,"86":0,"87":0,"88":0,"89":0},"f":{"0":0,"1":0,"2":0,"3":0},"b":{"0":[0,0],"1":[0,0],"2":[0,0],"3":[0,0],"4":[0,0],"5":[0,0],"6":[0,0],"7":[0,0],"8":[0,0],"9":[0,0],"10":[0,0],"11":[0,0],"12":[0,0],"13":[0,0]}}
,"/Users/Q247532/effective-fortnight/effective-fortnight/backend/routes/auth.js": {"path":"/Users/Q247532/effective-fortnight/effective-fortnight/backend/routes/auth.js","statementMap":{"0":{"start":{"line":1,"column":16},"end":{"line":1,"column":34}},"1":{"start":{"line":2,"column":15},"end":{"line":2,"column":34}},"2":{"start":{"line":3,"column":12},"end":{"line":3,"column":35}},"3":{"start":{"line":4,"column":15},"end":{"line":4,"column":32}},"4":{"start":{"line":5,"column":35},"end":{"line":5,"column":63}},"5":{"start":{"line":6,"column":11},"end":{"line":6,"column":40}},"6":{"start":{"line":7,"column":30},"end":{"line":7,"column":59}},"7":{"start":{"line":8,"column":35},"end":{"line":8,"column":67}},"8":{"start":{"line":10,"column":15},"end":{"line":10,"column":31}},"9":{"start":{"line":13,"column":0},"end":{"line":103,"column":2}},"10":{"start":{"line":23,"column":19},"end":{"line":23,"column":40}},"11":{"start":{"line":24,"column":4},"end":{"line":26,"column":5}},"12":{"start":{"line":25,"column":6},"end":{"line":25,"column":62}},"13":{"start":{"line":28,"column":78},"end":{"line":28,"column":86}},"14":{"start":{"line":30,"column":4},"end":{"line":101,"column":5}},"15":{"start":{"line":32,"column":29},"end":{"line":35,"column":7}},"16":{"start":{"line":37,"column":6},"end":{"line":39,"column":7}},"17":{"start":{"line":38,"column":8},"end":{"line":38,"column":76}},"18":{"start":{"line":41,"column":22},"end":{"line":41,"column":40}},"19":{"start":{"line":44,"column":30},"end":{"line":47,"column":7}},"20":{"start":{"line":49,"column":6},"end":{"line":51,"column":7}},"21":{"start":{"line":50,"column":8},"end":{"line":50,"column":75}},"22":{"start":{"line":54,"column":29},"end":{"line":54,"column":60}},"23":{"start":{"line":57,"column":23},"end":{"line":60,"column":7}},"24":{"start":{"line":62,"column":21},"end":{"line":62,"column":36}},"25":{"start":{"line":65,"column":6},"end":{"line":68,"column":8}},"26":{"start":{"line":71,"column":20},"end":{"line":75,"column":7}},"27":{"start":{"line":78,"column":31},"end":{"line":84,"column":7}},"28":{"start":{"line":86,"column":6},"end":{"line":97,"column":9}},"29":{"start":{"line":99,"column":6},"end":{"line":99,"column":50}},"30":{"start":{"line":100,"column":6},"end":{"line":100,"column":61}},"31":{"start":{"line":106,"column":0},"end":{"line":189,"column":2}},"32":{"start":{"line":112,"column":19},"end":{"line":112,"column":40}},"33":{"start":{"line":113,"column":4},"end":{"line":116,"column":5}},"34":{"start":{"line":114,"column":6},"end":{"line":114,"column":62}},"35":{"start":{"line":115,"column":6},"end":{"line":115,"column":62}},"36":{"start":{"line":118,"column":32},"end":{"line":118,"column":40}},"37":{"start":{"line":119,"column":4},"end":{"line":119,"column":45}},"38":{"start":{"line":121,"column":4},"end":{"line":187,"column":5}},"39":{"start":{"line":122,"column":22},"end":{"line":125,"column":7}},"40":{"start":{"line":127,"column":6},"end":{"line":130,"column":7}},"41":{"start":{"line":128,"column":8},"end":{"line":128,"column":46}},"42":{"start":{"line":129,"column":8},"end":{"line":129,"column":76}},"43":{"start":{"line":132,"column":19},"end":{"line":132,"column":27}},"44":{"start":{"line":133,"column":6},"end":{"line":133,"column":86}},"45":{"start":{"line":136,"column":30},"end":{"line":136,"column":75}},"46":{"start":{"line":137,"column":6},"end":{"line":137,"column":54}},"47":{"start":{"line":139,"column":6},"end":{"line":142,"column":7}},"48":{"start":{"line":140,"column":8},"end":{"line":140,"column":52}},"49":{"start":{"line":141,"column":8},"end":{"line":141,"column":76}},"50":{"start":{"line":145,"column":6},"end":{"line":148,"column":7}},"51":{"start":{"line":146,"column":8},"end":{"line":146,"column":48}},"52":{"start":{"line":147,"column":8},"end":{"line":147,"column":77}},"53":{"start":{"line":151,"column":20},"end":{"line":155,"column":7}},"54":{"start":{"line":157,"column":6},"end":{"line":157,"column":50}},"55":{"start":{"line":160,"column":21},"end":{"line":160,"column":23}},"56":{"start":{"line":161,"column":6},"end":{"line":170,"column":7}},"57":{"start":{"line":162,"column":33},"end":{"line":168,"column":9}},"58":{"start":{"line":169,"column":8},"end":{"line":169,"column":34}},"59":{"start":{"line":172,"column":6},"end":{"line":183,"column":9}},"60":{"start":{"line":185,"column":6},"end":{"line":185,"column":43}},"61":{"start":{"line":186,"column":6},"end":{"line":186,"column":54}},"62":{"start":{"line":192,"column":0},"end":{"line":231,"column":3}},"63":{"start":{"line":193,"column":2},"end":{"line":230,"column":3}},"64":{"start":{"line":194,"column":20},"end":{"line":197,"column":5}},"65":{"start":{"line":199,"column":4},"end":{"line":201,"column":5}},"66":{"start":{"line":200,"column":6},"end":{"line":200,"column":63}},"67":{"start":{"line":203,"column":17},"end":{"line":203,"column":25}},"68":{"start":{"line":206,"column":19},"end":{"line":206,"column":21}},"69":{"start":{"line":207,"column":4},"end":{"line":216,"column":5}},"70":{"start":{"line":208,"column":31},"end":{"line":214,"column":7}},"71":{"start":{"line":215,"column":6},"end":{"line":215,"column":32}},"72":{"start":{"line":218,"column":4},"end":{"line":226,"column":7}},"73":{"start":{"line":228,"column":4},"end":{"line":228,"column":44}},"74":{"start":{"line":229,"column":4},"end":{"line":229,"column":70}},"75":{"start":{"line":234,"column":0},"end":{"line":283,"column":2}},"76":{"start":{"line":243,"column":19},"end":{"line":243,"column":40}},"77":{"start":{"line":244,"column":4},"end":{"line":246,"column":5}},"78":{"start":{"line":245,"column":6},"end":{"line":245,"column":62}},"79":{"start":{"line":248,"column":50},"end":{"line":248,"column":58}},"80":{"start":{"line":250,"column":4},"end":{"line":281,"column":5}},"81":{"start":{"line":252,"column":30},"end":{"line":255,"column":7}},"82":{"start":{"line":257,"column":6},"end":{"line":259,"column":7}},"83":{"start":{"line":258,"column":8},"end":{"line":258,"column":90}},"84":{"start":{"line":262,"column":6},"end":{"line":265,"column":8}},"85":{"start":{"line":267,"column":6},"end":{"line":277,"column":9}},"86":{"start":{"line":279,"column":6},"end":{"line":279,"column":52}},"87":{"start":{"line":280,"column":6},"end":{"line":280,"column":66}},"88":{"start":{"line":286,"column":0},"end":{"line":341,"column":2}},"89":{"start":{"line":292,"column":19},"end":{"line":292,"column":40}},"90":{"start":{"line":293,"column":4},"end":{"line":295,"column":5}},"91":{"start":{"line":294,"column":6},"end":{"line":294,"column":62}},"92":{"start":{"line":297,"column":24},"end":{"line":297,"column":34}},"93":{"start":{"line":298,"column":21},"end":{"line":298,"column":29}},"94":{"start":{"line":300,"column":4},"end":{"line":339,"column":5}},"95":{"start":{"line":302,"column":6},"end":{"line":311,"column":7}},"96":{"start":{"line":303,"column":24},"end":{"line":306,"column":9}},"97":{"start":{"line":308,"column":8},"end":{"line":310,"column":9}},"98":{"start":{"line":309,"column":10},"end":{"line":309,"column":100}},"99":{"start":{"line":314,"column":33},"end":{"line":317,"column":7}},"100":{"start":{"line":319,"column":6},"end":{"line":321,"column":7}},"101":{"start":{"line":320,"column":8},"end":{"line":320,"column":88}},"102":{"start":{"line":324,"column":6},"end":{"line":327,"column":8}},"103":{"start":{"line":329,"column":6},"end":{"line":335,"column":9}},"104":{"start":{"line":337,"column":6},"end":{"line":337,"column":55}},"105":{"start":{"line":338,"column":6},"end":{"line":338,"column":69}},"106":{"start":{"line":344,"column":0},"end":{"line":404,"column":2}},"107":{"start":{"line":350,"column":19},"end":{"line":350,"column":40}},"108":{"start":{"line":351,"column":4},"end":{"line":353,"column":5}},"109":{"start":{"line":352,"column":6},"end":{"line":352,"column":62}},"110":{"start":{"line":356,"column":4},"end":{"line":358,"column":5}},"111":{"start":{"line":357,"column":6},"end":{"line":357,"column":71}},"112":{"start":{"line":360,"column":33},"end":{"line":360,"column":41}},"113":{"start":{"line":362,"column":4},"end":{"line":402,"column":5}},"114":{"start":{"line":364,"column":25},"end":{"line":367,"column":7}},"115":{"start":{"line":369,"column":6},"end":{"line":371,"column":7}},"116":{"start":{"line":370,"column":8},"end":{"line":370,"column":76}},"117":{"start":{"line":373,"column":20},"end":{"line":373,"column":31}},"118":{"start":{"line":376,"column":30},"end":{"line":379,"column":7}},"119":{"start":{"line":381,"column":6},"end":{"line":383,"column":7}},"120":{"start":{"line":382,"column":8},"end":{"line":382,"column":95}},"121":{"start":{"line":386,"column":6},"end":{"line":389,"column":8}},"122":{"start":{"line":391,"column":6},"end":{"line":398,"column":9}},"123":{"start":{"line":400,"column":6},"end":{"line":400,"column":48}},"124":{"start":{"line":401,"column":6},"end":{"line":401,"column":62}},"125":{"start":{"line":407,"column":0},"end":{"line":465,"column":2}},"126":{"start":{"line":412,"column":19},"end":{"line":412,"column":40}},"127":{"start":{"line":413,"column":4},"end":{"line":415,"column":5}},"128":{"start":{"line":414,"column":6},"end":{"line":414,"column":62}},"129":{"start":{"line":417,"column":22},"end":{"line":417,"column":30}},"130":{"start":{"line":419,"column":4},"end":{"line":463,"column":5}},"131":{"start":{"line":421,"column":22},"end":{"line":424,"column":7}},"132":{"start":{"line":428,"column":6},"end":{"line":432,"column":7}},"133":{"start":{"line":429,"column":8},"end":{"line":431,"column":11}},"134":{"start":{"line":434,"column":19},"end":{"line":434,"column":27}},"135":{"start":{"line":437,"column":25},"end":{"line":437,"column":63}},"136":{"start":{"line":438,"column":26},"end":{"line":438,"column":86}},"137":{"start":{"line":441,"column":24},"end":{"line":441,"column":61}},"138":{"start":{"line":444,"column":6},"end":{"line":447,"column":8}},"139":{"start":{"line":450,"column":6},"end":{"line":455,"column":7}},"140":{"start":{"line":451,"column":8},"end":{"line":451,"column":78}},"141":{"start":{"line":453,"column":8},"end":{"line":453,"column":74}},"142":{"start":{"line":457,"column":6},"end":{"line":459,"column":9}},"143":{"start":{"line":461,"column":6},"end":{"line":461,"column":53}},"144":{"start":{"line":462,"column":6},"end":{"line":462,"column":82}},"145":{"start":{"line":468,"column":0},"end":{"line":522,"column":2}},"146":{"start":{"line":474,"column":19},"end":{"line":474,"column":40}},"147":{"start":{"line":475,"column":4},"end":{"line":477,"column":5}},"148":{"start":{"line":476,"column":6},"end":{"line":476,"column":62}},"149":{"start":{"line":479,"column":32},"end":{"line":479,"column":40}},"150":{"start":{"line":481,"column":4},"end":{"line":520,"column":5}},"151":{"start":{"line":483,"column":26},"end":{"line":483,"column":81}},"152":{"start":{"line":486,"column":23},"end":{"line":491,"column":7}},"153":{"start":{"line":493,"column":6},"end":{"line":497,"column":7}},"154":{"start":{"line":494,"column":8},"end":{"line":496,"column":11}},"155":{"start":{"line":499,"column":25},"end":{"line":499,"column":34}},"156":{"start":{"line":502,"column":29},"end":{"line":502,"column":60}},"157":{"start":{"line":505,"column":6},"end":{"line":508,"column":8}},"158":{"start":{"line":511,"column":6},"end":{"line":514,"column":8}},"159":{"start":{"line":516,"column":6},"end":{"line":516,"column":68}},"160":{"start":{"line":518,"column":6},"end":{"line":518,"column":52}},"161":{"start":{"line":519,"column":6},"end":{"line":519,"column":66}},"162":{"start":{"line":525,"column":0},"end":{"line":549,"column":3}},"163":{"start":{"line":526,"column":20},"end":{"line":526,"column":30}},"164":{"start":{"line":528,"column":2},"end":{"line":548,"column":3}},"165":{"start":{"line":529,"column":24},"end":{"line":529,"column":79}},"166":{"start":{"line":531,"column":21},"end":{"line":535,"column":5}},"167":{"start":{"line":537,"column":4},"end":{"line":542,"column":5}},"168":{"start":{"line":538,"column":6},"end":{"line":541,"column":9}},"169":{"start":{"line":544,"column":4},"end":{"line":544,"column":30}},"170":{"start":{"line":546,"column":4},"end":{"line":546,"column":48}},"171":{"start":{"line":547,"column":4},"end":{"line":547,"column":62}},"172":{"start":{"line":551,"column":0},"end":{"line":551,"column":24}}},"fnMap":{"0":{"name":"(anonymous_0)","decl":{"start":{"line":22,"column":2},"end":{"line":22,"column":3}},"loc":{"start":{"line":22,"column":22},"end":{"line":102,"column":3}},"line":22},"1":{"name":"(anonymous_1)","decl":{"start":{"line":111,"column":2},"end":{"line":111,"column":3}},"loc":{"start":{"line":111,"column":22},"end":{"line":188,"column":3}},"line":111},"2":{"name":"(anonymous_2)","decl":{"start":{"line":192,"column":37},"end":{"line":192,"column":38}},"loc":{"start":{"line":192,"column":57},"end":{"line":231,"column":1}},"line":192},"3":{"name":"(anonymous_3)","decl":{"start":{"line":242,"column":2},"end":{"line":242,"column":3}},"loc":{"start":{"line":242,"column":22},"end":{"line":282,"column":3}},"line":242},"4":{"name":"(anonymous_4)","decl":{"start":{"line":291,"column":2},"end":{"line":291,"column":3}},"loc":{"start":{"line":291,"column":22},"end":{"line":340,"column":3}},"line":291},"5":{"name":"(anonymous_5)","decl":{"start":{"line":349,"column":2},"end":{"line":349,"column":3}},"loc":{"start":{"line":349,"column":22},"end":{"line":403,"column":3}},"line":349},"6":{"name":"(anonymous_6)","decl":{"start":{"line":411,"column":2},"end":{"line":411,"column":3}},"loc":{"start":{"line":411,"column":22},"end":{"line":464,"column":3}},"line":411},"7":{"name":"(anonymous_7)","decl":{"start":{"line":473,"column":2},"end":{"line":473,"column":3}},"loc":{"start":{"line":473,"column":22},"end":{"line":521,"column":3}},"line":473},"8":{"name":"(anonymous_8)","decl":{"start":{"line":525,"column":41},"end":{"line":525,"column":42}},"loc":{"start":{"line":525,"column":61},"end":{"line":549,"column":1}},"line":525}},"branchMap":{"0":{"loc":{"start":{"line":24,"column":4},"end":{"line":26,"column":5}},"type":"if","locations":[{"start":{"line":24,"column":4},"end":{"line":26,"column":5}},{"start":{},"end":{}}],"line":24},"1":{"loc":{"start":{"line":37,"column":6},"end":{"line":39,"column":7}},"type":"if","locations":[{"start":{"line":37,"column":6},"end":{"line":39,"column":7}},{"start":{},"end":{}}],"line":37},"2":{"loc":{"start":{"line":49,"column":6},"end":{"line":51,"column":7}},"type":"if","locations":[{"start":{"line":49,"column":6},"end":{"line":51,"column":7}},{"start":{},"end":{}}],"line":49},"3":{"loc":{"start":{"line":59,"column":53},"end":{"line":59,"column":66}},"type":"binary-expr","locations":[{"start":{"line":59,"column":53},"end":{"line":59,"column":58}},{"start":{"line":59,"column":62},"end":{"line":59,"column":66}}],"line":59},"4":{"loc":{"start":{"line":113,"column":4},"end":{"line":116,"column":5}},"type":"if","locations":[{"start":{"line":113,"column":4},"end":{"line":116,"column":5}},{"start":{},"end":{}}],"line":113},"5":{"loc":{"start":{"line":127,"column":6},"end":{"line":130,"column":7}},"type":"if","locations":[{"start":{"line":127,"column":6},"end":{"line":130,"column":7}},{"start":{},"end":{}}],"line":127},"6":{"loc":{"start":{"line":139,"column":6},"end":{"line":142,"column":7}},"type":"if","locations":[{"start":{"line":139,"column":6},"end":{"line":142,"column":7}},{"start":{},"end":{}}],"line":139},"7":{"loc":{"start":{"line":145,"column":6},"end":{"line":148,"column":7}},"type":"if","locations":[{"start":{"line":145,"column":6},"end":{"line":148,"column":7}},{"start":{},"end":{}}],"line":145},"8":{"loc":{"start":{"line":161,"column":6},"end":{"line":170,"column":7}},"type":"if","locations":[{"start":{"line":161,"column":6},"end":{"line":170,"column":7}},{"start":{},"end":{}}],"line":161},"9":{"loc":{"start":{"line":199,"column":4},"end":{"line":201,"column":5}},"type":"if","locations":[{"start":{"line":199,"column":4},"end":{"line":201,"column":5}},{"start":{},"end":{}}],"line":199},"10":{"loc":{"start":{"line":207,"column":4},"end":{"line":216,"column":5}},"type":"if","locations":[{"start":{"line":207,"column":4},"end":{"line":216,"column":5}},{"start":{},"end":{}}],"line":207},"11":{"loc":{"start":{"line":244,"column":4},"end":{"line":246,"column":5}},"type":"if","locations":[{"start":{"line":244,"column":4},"end":{"line":246,"column":5}},{"start":{},"end":{}}],"line":244},"12":{"loc":{"start":{"line":257,"column":6},"end":{"line":259,"column":7}},"type":"if","locations":[{"start":{"line":257,"column":6},"end":{"line":259,"column":7}},{"start":{},"end":{}}],"line":257},"13":{"loc":{"start":{"line":264,"column":37},"end":{"line":264,"column":50}},"type":"binary-expr","locations":[{"start":{"line":264,"column":37},"end":{"line":264,"column":42}},{"start":{"line":264,"column":46},"end":{"line":264,"column":50}}],"line":264},"14":{"loc":{"start":{"line":293,"column":4},"end":{"line":295,"column":5}},"type":"if","locations":[{"start":{"line":293,"column":4},"end":{"line":295,"column":5}},{"start":{},"end":{}}],"line":293},"15":{"loc":{"start":{"line":302,"column":6},"end":{"line":311,"column":7}},"type":"if","locations":[{"start":{"line":302,"column":6},"end":{"line":311,"column":7}},{"start":{},"end":{}}],"line":302},"16":{"loc":{"start":{"line":308,"column":8},"end":{"line":310,"column":9}},"type":"if","locations":[{"start":{"line":308,"column":8},"end":{"line":310,"column":9}},{"start":{},"end":{}}],"line":308},"17":{"loc":{"start":{"line":319,"column":6},"end":{"line":321,"column":7}},"type":"if","locations":[{"start":{"line":319,"column":6},"end":{"line":321,"column":7}},{"start":{},"end":{}}],"line":319},"18":{"loc":{"start":{"line":351,"column":4},"end":{"line":353,"column":5}},"type":"if","locations":[{"start":{"line":351,"column":4},"end":{"line":353,"column":5}},{"start":{},"end":{}}],"line":351},"19":{"loc":{"start":{"line":356,"column":4},"end":{"line":358,"column":5}},"type":"if","locations":[{"start":{"line":356,"column":4},"end":{"line":358,"column":5}},{"start":{},"end":{}}],"line":356},"20":{"loc":{"start":{"line":369,"column":6},"end":{"line":371,"column":7}},"type":"if","locations":[{"start":{"line":369,"column":6},"end":{"line":371,"column":7}},{"start":{},"end":{}}],"line":369},"21":{"loc":{"start":{"line":381,"column":6},"end":{"line":383,"column":7}},"type":"if","locations":[{"start":{"line":381,"column":6},"end":{"line":383,"column":7}},{"start":{},"end":{}}],"line":381},"22":{"loc":{"start":{"line":413,"column":4},"end":{"line":415,"column":5}},"type":"if","locations":[{"start":{"line":413,"column":4},"end":{"line":415,"column":5}},{"start":{},"end":{}}],"line":413},"23":{"loc":{"start":{"line":428,"column":6},"end":{"line":432,"column":7}},"type":"if","locations":[{"start":{"line":428,"column":6},"end":{"line":432,"column":7}},{"start":{},"end":{}}],"line":428},"24":{"loc":{"start":{"line":475,"column":4},"end":{"line":477,"column":5}},"type":"if","locations":[{"start":{"line":475,"column":4},"end":{"line":477,"column":5}},{"start":{},"end":{}}],"line":475},"25":{"loc":{"start":{"line":493,"column":6},"end":{"line":497,"column":7}},"type":"if","locations":[{"start":{"line":493,"column":6},"end":{"line":497,"column":7}},{"start":{},"end":{}}],"line":493},"26":{"loc":{"start":{"line":537,"column":4},"end":{"line":542,"column":5}},"type":"if","locations":[{"start":{"line":537,"column":4},"end":{"line":542,"column":5}},{"start":{},"end":{}}],"line":537}},"s":{"0":1,"1":1,"2":1,"3":1,"4":1,"5":1,"6":1,"7":1,"8":1,"9":1,"10":4,"11":4,"12":1,"13":3,"14":3,"15":3,"16":3,"17":1,"18":2,"19":2,"20":2,"21":1,"22":1,"23":1,"24":1,"25":1,"26":1,"27":1,"28":1,"29":0,"30":0,"31":1,"32":5,"33":5,"34":0,"35":0,"36":5,"37":5,"38":5,"39":5,"40":5,"41":1,"42":1,"43":4,"44":4,"45":4,"46":4,"47":4,"48":1,"49":1,"50":3,"51":0,"52":0,"53":3,"54":3,"55":3,"56":3,"57":2,"58":2,"59":3,"60":0,"61":0,"62":1,"63":1,"64":1,"65":1,"66":0,"67":1,"68":1,"69":1,"70":1,"71":1,"72":1,"73":0,"74":0,"75":1,"76":0,"77":0,"78":0,"79":0,"80":0,"81":0,"82":0,"83":0,"84":0,"85":0,"86":0,"87":0,"88":1,"89":0,"90":0,"91":0,"92":0,"93":0,"94":0,"95":0,"96":0,"97":0,"98":0,"99":0,"100":0,"101":0,"102":0,"103":0,"104":0,"105":0,"106":1,"107":0,"108":0,"109":0,"110":0,"111":0,"112":0,"113":0,"114":0,"115":0,"116":0,"117":0,"118":0,"119":0,"120":0,"121":0,"122":0,"123":0,"124":0,"125":1,"126":2,"127":2,"128":0,"129":2,"130":2,"131":2,"132":2,"133":1,"134":1,"135":1,"136":1,"137":1,"138":1,"139":1,"140":1,"141":0,"142":1,"143":0,"144":0,"145":1,"146":3,"147":3,"148":1,"149":2,"150":2,"151":2,"152":2,"153":2,"154":1,"155":1,"156":1,"157":1,"158":1,"159":1,"160":0,"161":0,"162":1,"163":2,"164":2,"165":2,"166":2,"167":2,"168":1,"169":1,"170":0,"171":0,"172":1},"f":{"0":4,"1":5,"2":1,"3":0,"4":0,"5":0,"6":2,"7":3,"8":2},"b":{"0":[1,3],"1":[1,2],"2":[1,1],"3":[1,1],"4":[0,5],"5":[1,4],"6":[1,3],"7":[0,3],"8":[2,1],"9":[0,1],"10":[1,0],"11":[0,0],"12":[0,0],"13":[0,0],"14":[0,0],"15":[0,0],"16":[0,0],"17":[0,0],"18":[0,0],"19":[0,0],"20":[0,0],"21":[0,0],"22":[0,2],"23":[1,1],"24":[1,2],"25":[1,1],"26":[1,1]},"_coverageSchema":"1a1c01bbd47fc00a2c39e90264f33305004495a9","hash":"f6123907c340371dece22621ded1dba1ceb69e91"}
,"/Users/Q247532/effective-fortnight/effective-fortnight/backend/routes/children.js": {"path":"/Users/Q247532/effective-fortnight/effective-fortnight/backend/routes/children.js","statementMap":{"0":{"start":{"line":1,"column":16},"end":{"line":1,"column":34}},"1":{"start":{"line":2,"column":35},"end":{"line":2,"column":63}},"2":{"start":{"line":3,"column":15},"end":{"line":3,"column":32}},"3":{"start":{"line":4,"column":11},"end":{"line":4,"column":40}},"4":{"start":{"line":5,"column":44},"end":{"line":5,"column":73}},"5":{"start":{"line":7,"column":15},"end":{"line":7,"column":31}},"6":{"start":{"line":11,"column":2},"end":{"line":11,"column":61}},"7":{"start":{"line":15,"column":0},"end":{"line":43,"column":3}},"8":{"start":{"line":16,"column":2},"end":{"line":42,"column":3}},"9":{"start":{"line":17,"column":23},"end":{"line":23,"column":5}},"10":{"start":{"line":26,"column":4},"end":{"line":36,"column":5}},"11":{"start":{"line":27,"column":24},"end":{"line":34,"column":7}},"12":{"start":{"line":35,"column":6},"end":{"line":35,"column":30}},"13":{"start":{"line":38,"column":4},"end":{"line":38,"column":23}},"14":{"start":{"line":40,"column":4},"end":{"line":40,"column":48}},"15":{"start":{"line":41,"column":4},"end":{"line":41,"column":64}},"16":{"start":{"line":46,"column":0},"end":{"line":64,"column":3}},"17":{"start":{"line":47,"column":20},"end":{"line":47,"column":30}},"18":{"start":{"line":49,"column":2},"end":{"line":51,"column":3}},"19":{"start":{"line":50,"column":4},"end":{"line":50,"column":60}},"20":{"start":{"line":53,"column":2},"end":{"line":63,"column":3}},"21":{"start":{"line":54,"column":23},"end":{"line":57,"column":5}},"22":{"start":{"line":59,"column":4},"end":{"line":59,"column":23}},"23":{"start":{"line":61,"column":4},"end":{"line":61,"column":57}},"24":{"start":{"line":62,"column":4},"end":{"line":62,"column":64}},"25":{"start":{"line":67,"column":0},"end":{"line":129,"column":2}},"26":{"start":{"line":75,"column":19},"end":{"line":75,"column":40}},"27":{"start":{"line":76,"column":4},"end":{"line":78,"column":5}},"28":{"start":{"line":77,"column":6},"end":{"line":77,"column":62}},"29":{"start":{"line":80,"column":36},"end":{"line":80,"column":44}},"30":{"start":{"line":81,"column":27},"end":{"line":81,"column":29}},"31":{"start":{"line":83,"column":4},"end":{"line":127,"column":5}},"32":{"start":{"line":85,"column":27},"end":{"line":88,"column":7}},"33":{"start":{"line":90,"column":6},"end":{"line":94,"column":7}},"34":{"start":{"line":91,"column":8},"end":{"line":93,"column":11}},"35":{"start":{"line":98,"column":21},"end":{"line":98,"column":26}},"36":{"start":{"line":100,"column":6},"end":{"line":107,"column":7}},"37":{"start":{"line":101,"column":8},"end":{"line":101,"column":54}},"38":{"start":{"line":102,"column":27},"end":{"line":105,"column":9}},"39":{"start":{"line":106,"column":8},"end":{"line":106,"column":41}},"40":{"start":{"line":110,"column":23},"end":{"line":113,"column":7}},"41":{"start":{"line":115,"column":6},"end":{"line":123,"column":9}},"42":{"start":{"line":125,"column":6},"end":{"line":125,"column":50}},"43":{"start":{"line":126,"column":6},"end":{"line":126,"column":64}},"44":{"start":{"line":132,"column":0},"end":{"line":210,"column":2}},"45":{"start":{"line":140,"column":19},"end":{"line":140,"column":40}},"46":{"start":{"line":141,"column":4},"end":{"line":143,"column":5}},"47":{"start":{"line":142,"column":6},"end":{"line":142,"column":62}},"48":{"start":{"line":145,"column":19},"end":{"line":145,"column":29}},"49":{"start":{"line":146,"column":36},"end":{"line":146,"column":44}},"50":{"start":{"line":147,"column":27},"end":{"line":147,"column":29}},"51":{"start":{"line":149,"column":4},"end":{"line":208,"column":5}},"52":{"start":{"line":151,"column":6},"end":{"line":175,"column":7}},"53":{"start":{"line":153,"column":31},"end":{"line":156,"column":9}},"54":{"start":{"line":158,"column":8},"end":{"line":160,"column":9}},"55":{"start":{"line":159,"column":10},"end":{"line":159,"column":68}},"56":{"start":{"line":163,"column":8},"end":{"line":174,"column":9}},"57":{"start":{"line":164,"column":31},"end":{"line":167,"column":11}},"58":{"start":{"line":169,"column":10},"end":{"line":173,"column":11}},"59":{"start":{"line":170,"column":12},"end":{"line":172,"column":15}},"60":{"start":{"line":177,"column":22},"end":{"line":177,"column":24}},"61":{"start":{"line":178,"column":21},"end":{"line":178,"column":23}},"62":{"start":{"line":180,"column":6},"end":{"line":183,"column":7}},"63":{"start":{"line":181,"column":8},"end":{"line":181,"column":33}},"64":{"start":{"line":182,"column":8},"end":{"line":182,"column":26}},"65":{"start":{"line":184,"column":6},"end":{"line":187,"column":7}},"66":{"start":{"line":185,"column":8},"end":{"line":185,"column":43}},"67":{"start":{"line":186,"column":8},"end":{"line":186,"column":35}},"68":{"start":{"line":189,"column":6},"end":{"line":191,"column":7}},"69":{"start":{"line":190,"column":8},"end":{"line":190,"column":70}},"70":{"start":{"line":193,"column":6},"end":{"line":193,"column":22}},"71":{"start":{"line":195,"column":23},"end":{"line":198,"column":7}},"72":{"start":{"line":200,"column":6},"end":{"line":202,"column":7}},"73":{"start":{"line":201,"column":8},"end":{"line":201,"column":66}},"74":{"start":{"line":204,"column":6},"end":{"line":204,"column":58}},"75":{"start":{"line":206,"column":6},"end":{"line":206,"column":50}},"76":{"start":{"line":207,"column":6},"end":{"line":207,"column":64}},"77":{"start":{"line":213,"column":0},"end":{"line":228,"column":3}},"78":{"start":{"line":214,"column":17},"end":{"line":214,"column":27}},"79":{"start":{"line":216,"column":2},"end":{"line":227,"column":3}},"80":{"start":{"line":217,"column":21},"end":{"line":217,"column":78}},"81":{"start":{"line":219,"column":4},"end":{"line":221,"column":5}},"82":{"start":{"line":220,"column":6},"end":{"line":220,"column":64}},"83":{"start":{"line":223,"column":4},"end":{"line":223,"column":56}},"84":{"start":{"line":225,"column":4},"end":{"line":225,"column":48}},"85":{"start":{"line":226,"column":4},"end":{"line":226,"column":62}},"86":{"start":{"line":231,"column":0},"end":{"line":251,"column":3}},"87":{"start":{"line":232,"column":2},"end":{"line":234,"column":3}},"88":{"start":{"line":233,"column":4},"end":{"line":233,"column":69}},"89":{"start":{"line":236,"column":2},"end":{"line":250,"column":3}},"90":{"start":{"line":237,"column":23},"end":{"line":244,"column":5}},"91":{"start":{"line":246,"column":4},"end":{"line":246,"column":23}},"92":{"start":{"line":248,"column":4},"end":{"line":248,"column":51}},"93":{"start":{"line":249,"column":4},"end":{"line":249,"column":64}},"94":{"start":{"line":253,"column":0},"end":{"line":253,"column":24}}},"fnMap":{"0":{"name":"generateRegistrationCode","decl":{"start":{"line":10,"column":9},"end":{"line":10,"column":33}},"loc":{"start":{"line":10,"column":36},"end":{"line":12,"column":1}},"line":10},"1":{"name":"(anonymous_1)","decl":{"start":{"line":15,"column":49},"end":{"line":15,"column":50}},"loc":{"start":{"line":15,"column":69},"end":{"line":43,"column":1}},"line":15},"2":{"name":"(anonymous_2)","decl":{"start":{"line":46,"column":47},"end":{"line":46,"column":48}},"loc":{"start":{"line":46,"column":67},"end":{"line":64,"column":1}},"line":46},"3":{"name":"(anonymous_3)","decl":{"start":{"line":74,"column":2},"end":{"line":74,"column":3}},"loc":{"start":{"line":74,"column":22},"end":{"line":128,"column":3}},"line":74},"4":{"name":"(anonymous_4)","decl":{"start":{"line":139,"column":2},"end":{"line":139,"column":3}},"loc":{"start":{"line":139,"column":22},"end":{"line":209,"column":3}},"line":139},"5":{"name":"(anonymous_5)","decl":{"start":{"line":213,"column":55},"end":{"line":213,"column":56}},"loc":{"start":{"line":213,"column":75},"end":{"line":228,"column":1}},"line":213},"6":{"name":"(anonymous_6)","decl":{"start":{"line":231,"column":46},"end":{"line":231,"column":47}},"loc":{"start":{"line":231,"column":66},"end":{"line":251,"column":1}},"line":231}},"branchMap":{"0":{"loc":{"start":{"line":49,"column":2},"end":{"line":51,"column":3}},"type":"if","locations":[{"start":{"line":49,"column":2},"end":{"line":51,"column":3}},{"start":{},"end":{}}],"line":49},"1":{"loc":{"start":{"line":76,"column":4},"end":{"line":78,"column":5}},"type":"if","locations":[{"start":{"line":76,"column":4},"end":{"line":78,"column":5}},{"start":{},"end":{}}],"line":76},"2":{"loc":{"start":{"line":90,"column":6},"end":{"line":94,"column":7}},"type":"if","locations":[{"start":{"line":90,"column":6},"end":{"line":94,"column":7}},{"start":{},"end":{}}],"line":90},"3":{"loc":{"start":{"line":141,"column":4},"end":{"line":143,"column":5}},"type":"if","locations":[{"start":{"line":141,"column":4},"end":{"line":143,"column":5}},{"start":{},"end":{}}],"line":141},"4":{"loc":{"start":{"line":151,"column":6},"end":{"line":175,"column":7}},"type":"if","locations":[{"start":{"line":151,"column":6},"end":{"line":175,"column":7}},{"start":{},"end":{}}],"line":151},"5":{"loc":{"start":{"line":158,"column":8},"end":{"line":160,"column":9}},"type":"if","locations":[{"start":{"line":158,"column":8},"end":{"line":160,"column":9}},{"start":{},"end":{}}],"line":158},"6":{"loc":{"start":{"line":163,"column":8},"end":{"line":174,"column":9}},"type":"if","locations":[{"start":{"line":163,"column":8},"end":{"line":174,"column":9}},{"start":{},"end":{}}],"line":163},"7":{"loc":{"start":{"line":169,"column":10},"end":{"line":173,"column":11}},"type":"if","locations":[{"start":{"line":169,"column":10},"end":{"line":173,"column":11}},{"start":{},"end":{}}],"line":169},"8":{"loc":{"start":{"line":180,"column":6},"end":{"line":183,"column":7}},"type":"if","locations":[{"start":{"line":180,"column":6},"end":{"line":183,"column":7}},{"start":{},"end":{}}],"line":180},"9":{"loc":{"start":{"line":184,"column":6},"end":{"line":187,"column":7}},"type":"if","locations":[{"start":{"line":184,"column":6},"end":{"line":187,"column":7}},{"start":{},"end":{}}],"line":184},"10":{"loc":{"start":{"line":189,"column":6},"end":{"line":191,"column":7}},"type":"if","locations":[{"start":{"line":189,"column":6},"end":{"line":191,"column":7}},{"start":{},"end":{}}],"line":189},"11":{"loc":{"start":{"line":200,"column":6},"end":{"line":202,"column":7}},"type":"if","locations":[{"start":{"line":200,"column":6},"end":{"line":202,"column":7}},{"start":{},"end":{}}],"line":200},"12":{"loc":{"start":{"line":219,"column":4},"end":{"line":221,"column":5}},"type":"if","locations":[{"start":{"line":219,"column":4},"end":{"line":221,"column":5}},{"start":{},"end":{}}],"line":219},"13":{"loc":{"start":{"line":232,"column":2},"end":{"line":234,"column":3}},"type":"if","locations":[{"start":{"line":232,"column":2},"end":{"line":234,"column":3}},{"start":{},"end":{}}],"line":232}},"s":{"0":0,"1":0,"2":0,"3":0,"4":0,"5":0,"6":0,"7":0,"8":0,"9":0,"10":0,"11":0,"12":0,"13":0,"14":0,"15":0,"16":0,"17":0,"18":0,"19":0,"20":0,"21":0,"22":0,"23":0,"24":0,"25":0,"26":0,"27":0,"28":0,"29":0,"30":0,"31":0,"32":0,"33":0,"34":0,"35":0,"36":0,"37":0,"38":0,"39":0,"40":0,"41":0,"42":0,"43":0,"44":0,"45":0,"46":0,"47":0,"48":0,"49":0,"50":0,"51":0,"52":0,"53":0,"54":0,"55":0,"56":0,"57":0,"58":0,"59":0,"60":0,"61":0,"62":0,"63":0,"64":0,"65":0,"66":0,"67":0,"68":0,"69":0,"70":0,"71":0,"72":0,"73":0,"74":0,"75":0,"76":0,"77":0,"78":0,"79":0,"80":0,"81":0,"82":0,"83":0,"84":0,"85":0,"86":0,"87":0,"88":0,"89":0,"90":0,"91":0,"92":0,"93":0,"94":0},"f":{"0":0,"1":0,"2":0,"3":0,"4":0,"5":0,"6":0},"b":{"0":[0,0],"1":[0,0],"2":[0,0],"3":[0,0],"4":[0,0],"5":[0,0],"6":[0,0],"7":[0,0],"8":[0,0],"9":[0,0],"10":[0,0],"11":[0,0],"12":[0,0],"13":[0,0]}}
,"/Users/Q247532/effective-fortnight/effective-fortnight/backend/routes/schedules.js": {"path":"/Users/Q247532/effective-fortnight/effective-fortnight/backend/routes/schedules.js","statementMap":{"0":{"start":{"line":1,"column":16},"end":{"line":1,"column":34}},"1":{"start":{"line":2,"column":35},"end":{"line":2,"column":63}},"2":{"start":{"line":3,"column":11},"end":{"line":3,"column":40}},"3":{"start":{"line":4,"column":44},"end":{"line":4,"column":73}},"4":{"start":{"line":6,"column":15},"end":{"line":6,"column":31}},"5":{"start":{"line":9,"column":0},"end":{"line":42,"column":3}},"6":{"start":{"line":10,"column":19},"end":{"line":10,"column":29}},"7":{"start":{"line":12,"column":2},"end":{"line":41,"column":3}},"8":{"start":{"line":13,"column":24},"end":{"line":18,"column":5}},"9":{"start":{"line":20,"column":4},"end":{"line":28,"column":5}},"10":{"start":{"line":22,"column":6},"end":{"line":27,"column":9}},"11":{"start":{"line":30,"column":21},"end":{"line":30,"column":33}},"12":{"start":{"line":31,"column":4},"end":{"line":37,"column":7}},"13":{"start":{"line":39,"column":4},"end":{"line":39,"column":48}},"14":{"start":{"line":40,"column":4},"end":{"line":40,"column":64}},"15":{"start":{"line":45,"column":0},"end":{"line":74,"column":3}},"16":{"start":{"line":46,"column":33},"end":{"line":46,"column":42}},"17":{"start":{"line":48,"column":2},"end":{"line":50,"column":3}},"18":{"start":{"line":49,"column":4},"end":{"line":49,"column":79}},"19":{"start":{"line":52,"column":2},"end":{"line":73,"column":3}},"20":{"start":{"line":53,"column":24},"end":{"line":59,"column":5}},"21":{"start":{"line":61,"column":28},"end":{"line":67,"column":7}},"22":{"start":{"line":61,"column":48},"end":{"line":67,"column":5}},"23":{"start":{"line":69,"column":4},"end":{"line":69,"column":30}},"24":{"start":{"line":71,"column":4},"end":{"line":71,"column":55}},"25":{"start":{"line":72,"column":4},"end":{"line":72,"column":65}},"26":{"start":{"line":77,"column":0},"end":{"line":153,"column":2}},"27":{"start":{"line":85,"column":19},"end":{"line":85,"column":40}},"28":{"start":{"line":86,"column":4},"end":{"line":88,"column":5}},"29":{"start":{"line":87,"column":6},"end":{"line":87,"column":62}},"30":{"start":{"line":90,"column":21},"end":{"line":90,"column":31}},"31":{"start":{"line":91,"column":42},"end":{"line":91,"column":50}},"32":{"start":{"line":94,"column":27},"end":{"line":99,"column":5}},"33":{"start":{"line":101,"column":28},"end":{"line":104,"column":5}},"34":{"start":{"line":102,"column":6},"end":{"line":103,"column":67}},"35":{"start":{"line":103,"column":39},"end":{"line":103,"column":66}},"36":{"start":{"line":106,"column":4},"end":{"line":110,"column":5}},"37":{"start":{"line":107,"column":6},"end":{"line":109,"column":9}},"38":{"start":{"line":113,"column":28},"end":{"line":113,"column":62}},"39":{"start":{"line":115,"column":4},"end":{"line":151,"column":5}},"40":{"start":{"line":117,"column":25},"end":{"line":120,"column":7}},"41":{"start":{"line":122,"column":6},"end":{"line":137,"column":7}},"42":{"start":{"line":124,"column":8},"end":{"line":129,"column":10}},"43":{"start":{"line":132,"column":8},"end":{"line":136,"column":10}},"44":{"start":{"line":139,"column":6},"end":{"line":147,"column":9}},"45":{"start":{"line":149,"column":6},"end":{"line":149,"column":51}},"46":{"start":{"line":150,"column":6},"end":{"line":150,"column":65}},"47":{"start":{"line":156,"column":0},"end":{"line":218,"column":2}},"48":{"start":{"line":161,"column":19},"end":{"line":161,"column":40}},"49":{"start":{"line":162,"column":4},"end":{"line":164,"column":5}},"50":{"start":{"line":163,"column":6},"end":{"line":163,"column":62}},"51":{"start":{"line":166,"column":21},"end":{"line":166,"column":31}},"52":{"start":{"line":167,"column":30},"end":{"line":167,"column":38}},"53":{"start":{"line":169,"column":4},"end":{"line":216,"column":5}},"54":{"start":{"line":171,"column":26},"end":{"line":174,"column":7}},"55":{"start":{"line":177,"column":6},"end":{"line":182,"column":7}},"56":{"start":{"line":179,"column":8},"end":{"line":179,"column":42}},"57":{"start":{"line":181,"column":8},"end":{"line":181,"column":58}},"58":{"start":{"line":185,"column":30},"end":{"line":185,"column":64}},"59":{"start":{"line":187,"column":6},"end":{"line":202,"column":7}},"60":{"start":{"line":189,"column":8},"end":{"line":193,"column":10}},"61":{"start":{"line":196,"column":8},"end":{"line":201,"column":10}},"62":{"start":{"line":204,"column":6},"end":{"line":212,"column":9}},"63":{"start":{"line":214,"column":6},"end":{"line":214,"column":53}},"64":{"start":{"line":215,"column":6},"end":{"line":215,"column":67}},"65":{"start":{"line":221,"column":0},"end":{"line":287,"column":2}},"66":{"start":{"line":226,"column":19},"end":{"line":226,"column":40}},"67":{"start":{"line":227,"column":4},"end":{"line":229,"column":5}},"68":{"start":{"line":228,"column":6},"end":{"line":228,"column":62}},"69":{"start":{"line":231,"column":21},"end":{"line":231,"column":31}},"70":{"start":{"line":232,"column":27},"end":{"line":232,"column":35}},"71":{"start":{"line":235,"column":24},"end":{"line":235,"column":44}},"72":{"start":{"line":236,"column":4},"end":{"line":239,"column":5}},"73":{"start":{"line":236,"column":31},"end":{"line":236,"column":54}},"74":{"start":{"line":238,"column":6},"end":{"line":238,"column":68}},"75":{"start":{"line":241,"column":4},"end":{"line":285,"column":5}},"76":{"start":{"line":243,"column":26},"end":{"line":246,"column":7}},"77":{"start":{"line":248,"column":26},"end":{"line":248,"column":27}},"78":{"start":{"line":249,"column":6},"end":{"line":251,"column":7}},"79":{"start":{"line":250,"column":8},"end":{"line":250,"column":52}},"80":{"start":{"line":254,"column":30},"end":{"line":254,"column":64}},"81":{"start":{"line":256,"column":6},"end":{"line":271,"column":7}},"82":{"start":{"line":258,"column":8},"end":{"line":262,"column":10}},"83":{"start":{"line":265,"column":8},"end":{"line":270,"column":10}},"84":{"start":{"line":273,"column":6},"end":{"line":281,"column":9}},"85":{"start":{"line":283,"column":6},"end":{"line":283,"column":53}},"86":{"start":{"line":284,"column":6},"end":{"line":284,"column":67}},"87":{"start":{"line":290,"column":0},"end":{"line":560,"column":3}},"88":{"start":{"line":291,"column":19},"end":{"line":291,"column":29}},"89":{"start":{"line":293,"column":2},"end":{"line":559,"column":3}},"90":{"start":{"line":295,"column":24},"end":{"line":298,"column":5}},"91":{"start":{"line":300,"column":21},"end":{"line":300,"column":41}},"92":{"start":{"line":301,"column":26},"end":{"line":301,"column":46}},"93":{"start":{"line":303,"column":4},"end":{"line":306,"column":5}},"94":{"start":{"line":304,"column":6},"end":{"line":304,"column":56}},"95":{"start":{"line":305,"column":6},"end":{"line":305,"column":66}},"96":{"start":{"line":309,"column":23},"end":{"line":320,"column":5}},"97":{"start":{"line":322,"column":27},"end":{"line":322,"column":29}},"98":{"start":{"line":325,"column":32},"end":{"line":338,"column":9}},"99":{"start":{"line":326,"column":19},"end":{"line":326,"column":57}},"100":{"start":{"line":327,"column":22},"end":{"line":327,"column":69}},"101":{"start":{"line":328,"column":17},"end":{"line":338,"column":7}},"102":{"start":{"line":341,"column":28},"end":{"line":372,"column":6}},"103":{"start":{"line":342,"column":28},"end":{"line":354,"column":11}},"104":{"start":{"line":343,"column":21},"end":{"line":343,"column":47}},"105":{"start":{"line":344,"column":19},"end":{"line":354,"column":9}},"106":{"start":{"line":357,"column":29},"end":{"line":360,"column":14}},"107":{"start":{"line":358,"column":8},"end":{"line":359,"column":46}},"108":{"start":{"line":362,"column":24},"end":{"line":362,"column":55}},"109":{"start":{"line":364,"column":6},"end":{"line":371,"column":8}},"110":{"start":{"line":375,"column":34},"end":{"line":375,"column":36}},"111":{"start":{"line":376,"column":33},"end":{"line":376,"column":35}},"112":{"start":{"line":377,"column":26},"end":{"line":377,"column":28}},"113":{"start":{"line":378,"column":28},"end":{"line":378,"column":30}},"114":{"start":{"line":381,"column":33},"end":{"line":383,"column":47}},"115":{"start":{"line":382,"column":19},"end":{"line":382,"column":30}},"116":{"start":{"line":383,"column":26},"end":{"line":383,"column":43}},"117":{"start":{"line":389,"column":30},"end":{"line":395,"column":8}},"118":{"start":{"line":390,"column":19},"end":{"line":390,"column":54}},"119":{"start":{"line":392,"column":8},"end":{"line":392,"column":36}},"120":{"start":{"line":392,"column":27},"end":{"line":392,"column":36}},"121":{"start":{"line":393,"column":8},"end":{"line":393,"column":37}},"122":{"start":{"line":393,"column":27},"end":{"line":393,"column":37}},"123":{"start":{"line":394,"column":8},"end":{"line":394,"column":63}},"124":{"start":{"line":397,"column":4},"end":{"line":467,"column":5}},"125":{"start":{"line":398,"column":25},"end":{"line":398,"column":45}},"126":{"start":{"line":399,"column":31},"end":{"line":399,"column":67}},"127":{"start":{"line":402,"column":6},"end":{"line":466,"column":7}},"128":{"start":{"line":404,"column":8},"end":{"line":452,"column":9}},"129":{"start":{"line":406,"column":10},"end":{"line":416,"column":13}},"130":{"start":{"line":419,"column":10},"end":{"line":419,"column":38}},"131":{"start":{"line":422,"column":33},"end":{"line":422,"column":90}},"132":{"start":{"line":422,"column":59},"end":{"line":422,"column":89}},"133":{"start":{"line":423,"column":10},"end":{"line":426,"column":11}},"134":{"start":{"line":424,"column":12},"end":{"line":424,"column":42}},"135":{"start":{"line":425,"column":12},"end":{"line":425,"column":42}},"136":{"start":{"line":430,"column":10},"end":{"line":433,"column":13}},"137":{"start":{"line":436,"column":28},"end":{"line":436,"column":77}},"138":{"start":{"line":436,"column":54},"end":{"line":436,"column":76}},"139":{"start":{"line":437,"column":10},"end":{"line":442,"column":11}},"140":{"start":{"line":438,"column":33},"end":{"line":438,"column":80}},"141":{"start":{"line":438,"column":62},"end":{"line":438,"column":79}},"142":{"start":{"line":439,"column":12},"end":{"line":441,"column":13}},"143":{"start":{"line":440,"column":14},"end":{"line":440,"column":62}},"144":{"start":{"line":445,"column":10},"end":{"line":451,"column":13}},"145":{"start":{"line":456,"column":8},"end":{"line":456,"column":39}},"146":{"start":{"line":459,"column":26},"end":{"line":459,"column":75}},"147":{"start":{"line":459,"column":52},"end":{"line":459,"column":74}},"148":{"start":{"line":460,"column":8},"end":{"line":465,"column":9}},"149":{"start":{"line":461,"column":31},"end":{"line":461,"column":78}},"150":{"start":{"line":461,"column":60},"end":{"line":461,"column":77}},"151":{"start":{"line":462,"column":10},"end":{"line":464,"column":11}},"152":{"start":{"line":463,"column":12},"end":{"line":463,"column":50}},"153":{"start":{"line":470,"column":4},"end":{"line":526,"column":5}},"154":{"start":{"line":472,"column":24},"end":{"line":472,"column":90}},"155":{"start":{"line":472,"column":50},"end":{"line":472,"column":89}},"156":{"start":{"line":474,"column":6},"end":{"line":474,"column":31}},"157":{"start":{"line":474,"column":22},"end":{"line":474,"column":31}},"158":{"start":{"line":478,"column":6},"end":{"line":525,"column":7}},"159":{"start":{"line":480,"column":8},"end":{"line":480,"column":46}},"160":{"start":{"line":483,"column":29},"end":{"line":483,"column":83}},"161":{"start":{"line":483,"column":58},"end":{"line":483,"column":82}},"162":{"start":{"line":484,"column":8},"end":{"line":486,"column":9}},"163":{"start":{"line":485,"column":10},"end":{"line":485,"column":48}},"164":{"start":{"line":489,"column":8},"end":{"line":489,"column":33}},"165":{"start":{"line":490,"column":8},"end":{"line":490,"column":33}},"166":{"start":{"line":491,"column":8},"end":{"line":491,"column":36}},"167":{"start":{"line":497,"column":11},"end":{"line":525,"column":7}},"168":{"start":{"line":499,"column":8},"end":{"line":502,"column":11}},"169":{"start":{"line":505,"column":29},"end":{"line":505,"column":83}},"170":{"start":{"line":505,"column":58},"end":{"line":505,"column":82}},"171":{"start":{"line":506,"column":8},"end":{"line":508,"column":9}},"172":{"start":{"line":507,"column":10},"end":{"line":507,"column":55}},"173":{"start":{"line":511,"column":8},"end":{"line":511,"column":49}},"174":{"start":{"line":514,"column":31},"end":{"line":514,"column":88}},"175":{"start":{"line":514,"column":57},"end":{"line":514,"column":87}},"176":{"start":{"line":515,"column":8},"end":{"line":518,"column":9}},"177":{"start":{"line":516,"column":10},"end":{"line":516,"column":40}},"178":{"start":{"line":517,"column":10},"end":{"line":517,"column":40}},"179":{"start":{"line":521,"column":8},"end":{"line":521,"column":36}},"180":{"start":{"line":524,"column":8},"end":{"line":524,"column":48}},"181":{"start":{"line":529,"column":4},"end":{"line":538,"column":5}},"182":{"start":{"line":530,"column":6},"end":{"line":537,"column":7}},"183":{"start":{"line":531,"column":8},"end":{"line":536,"column":10}},"184":{"start":{"line":541,"column":4},"end":{"line":547,"column":5}},"185":{"start":{"line":542,"column":6},"end":{"line":546,"column":8}},"186":{"start":{"line":549,"column":4},"end":{"line":555,"column":7}},"187":{"start":{"line":557,"column":4},"end":{"line":557,"column":57}},"188":{"start":{"line":558,"column":4},"end":{"line":558,"column":73}},"189":{"start":{"line":562,"column":0},"end":{"line":562,"column":24}}},"fnMap":{"0":{"name":"(anonymous_0)","decl":{"start":{"line":9,"column":45},"end":{"line":9,"column":46}},"loc":{"start":{"line":9,"column":65},"end":{"line":42,"column":1}},"line":9},"1":{"name":"(anonymous_1)","decl":{"start":{"line":45,"column":40},"end":{"line":45,"column":41}},"loc":{"start":{"line":45,"column":60},"end":{"line":74,"column":1}},"line":45},"2":{"name":"(anonymous_2)","decl":{"start":{"line":61,"column":42},"end":{"line":61,"column":43}},"loc":{"start":{"line":61,"column":48},"end":{"line":67,"column":5}},"line":61},"3":{"name":"(anonymous_3)","decl":{"start":{"line":84,"column":2},"end":{"line":84,"column":3}},"loc":{"start":{"line":84,"column":22},"end":{"line":152,"column":3}},"line":84},"4":{"name":"(anonymous_4)","decl":{"start":{"line":101,"column":48},"end":{"line":101,"column":49}},"loc":{"start":{"line":102,"column":6},"end":{"line":103,"column":67}},"line":102},"5":{"name":"(anonymous_5)","decl":{"start":{"line":103,"column":21},"end":{"line":103,"column":22}},"loc":{"start":{"line":103,"column":39},"end":{"line":103,"column":66}},"line":103},"6":{"name":"(anonymous_6)","decl":{"start":{"line":160,"column":2},"end":{"line":160,"column":3}},"loc":{"start":{"line":160,"column":22},"end":{"line":217,"column":3}},"line":160},"7":{"name":"(anonymous_7)","decl":{"start":{"line":225,"column":2},"end":{"line":225,"column":3}},"loc":{"start":{"line":225,"column":22},"end":{"line":286,"column":3}},"line":225},"8":{"name":"(anonymous_8)","decl":{"start":{"line":236,"column":26},"end":{"line":236,"column":27}},"loc":{"start":{"line":236,"column":31},"end":{"line":236,"column":54}},"line":236},"9":{"name":"(anonymous_9)","decl":{"start":{"line":290,"column":54},"end":{"line":290,"column":55}},"loc":{"start":{"line":290,"column":74},"end":{"line":560,"column":1}},"line":290},"10":{"name":"(anonymous_10)","decl":{"start":{"line":326,"column":14},"end":{"line":326,"column":15}},"loc":{"start":{"line":326,"column":19},"end":{"line":326,"column":57}},"line":326},"11":{"name":"(anonymous_11)","decl":{"start":{"line":327,"column":12},"end":{"line":327,"column":13}},"loc":{"start":{"line":327,"column":22},"end":{"line":327,"column":69}},"line":327},"12":{"name":"(anonymous_12)","decl":{"start":{"line":328,"column":11},"end":{"line":328,"column":12}},"loc":{"start":{"line":328,"column":17},"end":{"line":338,"column":7}},"line":328},"13":{"name":"(anonymous_13)","decl":{"start":{"line":341,"column":43},"end":{"line":341,"column":44}},"loc":{"start":{"line":341,"column":52},"end":{"line":372,"column":5}},"line":341},"14":{"name":"(anonymous_14)","decl":{"start":{"line":343,"column":16},"end":{"line":343,"column":17}},"loc":{"start":{"line":343,"column":21},"end":{"line":343,"column":47}},"line":343},"15":{"name":"(anonymous_15)","decl":{"start":{"line":344,"column":13},"end":{"line":344,"column":14}},"loc":{"start":{"line":344,"column":19},"end":{"line":354,"column":9}},"line":344},"16":{"name":"(anonymous_16)","decl":{"start":{"line":357,"column":50},"end":{"line":357,"column":51}},"loc":{"start":{"line":358,"column":8},"end":{"line":359,"column":46}},"line":358},"17":{"name":"(anonymous_17)","decl":{"start":{"line":382,"column":14},"end":{"line":382,"column":15}},"loc":{"start":{"line":382,"column":19},"end":{"line":382,"column":30}},"line":382},"18":{"name":"(anonymous_18)","decl":{"start":{"line":383,"column":14},"end":{"line":383,"column":15}},"loc":{"start":{"line":383,"column":26},"end":{"line":383,"column":43}},"line":383},"19":{"name":"(anonymous_19)","decl":{"start":{"line":390,"column":14},"end":{"line":390,"column":15}},"loc":{"start":{"line":390,"column":19},"end":{"line":390,"column":54}},"line":390},"20":{"name":"(anonymous_20)","decl":{"start":{"line":391,"column":12},"end":{"line":391,"column":13}},"loc":{"start":{"line":391,"column":22},"end":{"line":395,"column":7}},"line":391},"21":{"name":"(anonymous_21)","decl":{"start":{"line":422,"column":54},"end":{"line":422,"column":55}},"loc":{"start":{"line":422,"column":59},"end":{"line":422,"column":89}},"line":422},"22":{"name":"(anonymous_22)","decl":{"start":{"line":436,"column":49},"end":{"line":436,"column":50}},"loc":{"start":{"line":436,"column":54},"end":{"line":436,"column":76}},"line":436},"23":{"name":"(anonymous_23)","decl":{"start":{"line":438,"column":57},"end":{"line":438,"column":58}},"loc":{"start":{"line":438,"column":62},"end":{"line":438,"column":79}},"line":438},"24":{"name":"(anonymous_24)","decl":{"start":{"line":459,"column":47},"end":{"line":459,"column":48}},"loc":{"start":{"line":459,"column":52},"end":{"line":459,"column":74}},"line":459},"25":{"name":"(anonymous_25)","decl":{"start":{"line":461,"column":55},"end":{"line":461,"column":56}},"loc":{"start":{"line":461,"column":60},"end":{"line":461,"column":77}},"line":461},"26":{"name":"(anonymous_26)","decl":{"start":{"line":472,"column":45},"end":{"line":472,"column":46}},"loc":{"start":{"line":472,"column":50},"end":{"line":472,"column":89}},"line":472},"27":{"name":"(anonymous_27)","decl":{"start":{"line":483,"column":53},"end":{"line":483,"column":54}},"loc":{"start":{"line":483,"column":58},"end":{"line":483,"column":82}},"line":483},"28":{"name":"(anonymous_28)","decl":{"start":{"line":505,"column":53},"end":{"line":505,"column":54}},"loc":{"start":{"line":505,"column":58},"end":{"line":505,"column":82}},"line":505},"29":{"name":"(anonymous_29)","decl":{"start":{"line":514,"column":52},"end":{"line":514,"column":53}},"loc":{"start":{"line":514,"column":57},"end":{"line":514,"column":87}},"line":514}},"branchMap":{"0":{"loc":{"start":{"line":20,"column":4},"end":{"line":28,"column":5}},"type":"if","locations":[{"start":{"line":20,"column":4},"end":{"line":28,"column":5}},{"start":{},"end":{}}],"line":20},"1":{"loc":{"start":{"line":48,"column":2},"end":{"line":50,"column":3}},"type":"if","locations":[{"start":{"line":48,"column":2},"end":{"line":50,"column":3}},{"start":{},"end":{}}],"line":48},"2":{"loc":{"start":{"line":48,"column":6},"end":{"line":48,"column":28}},"type":"binary-expr","locations":[{"start":{"line":48,"column":6},"end":{"line":48,"column":16}},{"start":{"line":48,"column":20},"end":{"line":48,"column":28}}],"line":48},"3":{"loc":{"start":{"line":86,"column":4},"end":{"line":88,"column":5}},"type":"if","locations":[{"start":{"line":86,"column":4},"end":{"line":88,"column":5}},{"start":{},"end":{}}],"line":86},"4":{"loc":{"start":{"line":102,"column":6},"end":{"line":103,"column":67}},"type":"binary-expr","locations":[{"start":{"line":102,"column":6},"end":{"line":102,"column":43}},{"start":{"line":103,"column":6},"end":{"line":103,"column":67}}],"line":102},"5":{"loc":{"start":{"line":106,"column":4},"end":{"line":110,"column":5}},"type":"if","locations":[{"start":{"line":106,"column":4},"end":{"line":110,"column":5}},{"start":{},"end":{}}],"line":106},"6":{"loc":{"start":{"line":122,"column":6},"end":{"line":137,"column":7}},"type":"if","locations":[{"start":{"line":122,"column":6},"end":{"line":137,"column":7}},{"start":{"line":130,"column":13},"end":{"line":137,"column":7}}],"line":122},"7":{"loc":{"start":{"line":162,"column":4},"end":{"line":164,"column":5}},"type":"if","locations":[{"start":{"line":162,"column":4},"end":{"line":164,"column":5}},{"start":{},"end":{}}],"line":162},"8":{"loc":{"start":{"line":177,"column":6},"end":{"line":182,"column":7}},"type":"if","locations":[{"start":{"line":177,"column":6},"end":{"line":182,"column":7}},{"start":{"line":180,"column":13},"end":{"line":182,"column":7}}],"line":177},"9":{"loc":{"start":{"line":187,"column":6},"end":{"line":202,"column":7}},"type":"if","locations":[{"start":{"line":187,"column":6},"end":{"line":202,"column":7}},{"start":{"line":194,"column":13},"end":{"line":202,"column":7}}],"line":187},"10":{"loc":{"start":{"line":227,"column":4},"end":{"line":229,"column":5}},"type":"if","locations":[{"start":{"line":227,"column":4},"end":{"line":229,"column":5}},{"start":{},"end":{}}],"line":227},"11":{"loc":{"start":{"line":236,"column":4},"end":{"line":239,"column":5}},"type":"if","locations":[{"start":{"line":236,"column":4},"end":{"line":239,"column":5}},{"start":{},"end":{}}],"line":236},"12":{"loc":{"start":{"line":236,"column":8},"end":{"line":237,"column":38}},"type":"binary-expr","locations":[{"start":{"line":236,"column":8},"end":{"line":236,"column":55}},{"start":{"line":237,"column":8},"end":{"line":237,"column":38}}],"line":236},"13":{"loc":{"start":{"line":249,"column":6},"end":{"line":251,"column":7}},"type":"if","locations":[{"start":{"line":249,"column":6},"end":{"line":251,"column":7}},{"start":{},"end":{}}],"line":249},"14":{"loc":{"start":{"line":256,"column":6},"end":{"line":271,"column":7}},"type":"if","locations":[{"start":{"line":256,"column":6},"end":{"line":271,"column":7}},{"start":{"line":263,"column":13},"end":{"line":271,"column":7}}],"line":256},"15":{"loc":{"start":{"line":303,"column":4},"end":{"line":306,"column":5}},"type":"if","locations":[{"start":{"line":303,"column":4},"end":{"line":306,"column":5}},{"start":{},"end":{}}],"line":303},"16":{"loc":{"start":{"line":334,"column":20},"end":{"line":337,"column":16}},"type":"cond-expr","locations":[{"start":{"line":334,"column":50},"end":{"line":337,"column":9}},{"start":{"line":337,"column":12},"end":{"line":337,"column":16}}],"line":334},"17":{"loc":{"start":{"line":334,"column":20},"end":{"line":334,"column":47}},"type":"binary-expr","locations":[{"start":{"line":334,"column":20},"end":{"line":334,"column":32}},{"start":{"line":334,"column":36},"end":{"line":334,"column":47}}],"line":334},"18":{"loc":{"start":{"line":347,"column":29},"end":{"line":347,"column":63}},"type":"binary-expr","locations":[{"start":{"line":347,"column":29},"end":{"line":347,"column":48}},{"start":{"line":347,"column":52},"end":{"line":347,"column":63}}],"line":347},"19":{"loc":{"start":{"line":350,"column":22},"end":{"line":353,"column":18}},"type":"cond-expr","locations":[{"start":{"line":350,"column":52},"end":{"line":353,"column":11}},{"start":{"line":353,"column":14},"end":{"line":353,"column":18}}],"line":350},"20":{"loc":{"start":{"line":350,"column":22},"end":{"line":350,"column":49}},"type":"binary-expr","locations":[{"start":{"line":350,"column":22},"end":{"line":350,"column":34}},{"start":{"line":350,"column":38},"end":{"line":350,"column":49}}],"line":350},"21":{"loc":{"start":{"line":358,"column":8},"end":{"line":359,"column":46}},"type":"binary-expr","locations":[{"start":{"line":358,"column":8},"end":{"line":358,"column":47}},{"start":{"line":359,"column":8},"end":{"line":359,"column":46}}],"line":358},"22":{"loc":{"start":{"line":369,"column":19},"end":{"line":369,"column":79}},"type":"cond-expr","locations":[{"start":{"line":369,"column":31},"end":{"line":369,"column":75}},{"start":{"line":369,"column":78},"end":{"line":369,"column":79}}],"line":369},"23":{"loc":{"start":{"line":392,"column":8},"end":{"line":392,"column":36}},"type":"if","locations":[{"start":{"line":392,"column":8},"end":{"line":392,"column":36}},{"start":{},"end":{}}],"line":392},"24":{"loc":{"start":{"line":393,"column":8},"end":{"line":393,"column":37}},"type":"if","locations":[{"start":{"line":393,"column":8},"end":{"line":393,"column":37}},{"start":{},"end":{}}],"line":393},"25":{"loc":{"start":{"line":402,"column":6},"end":{"line":466,"column":7}},"type":"if","locations":[{"start":{"line":402,"column":6},"end":{"line":466,"column":7}},{"start":{"line":453,"column":13},"end":{"line":466,"column":7}}],"line":402},"26":{"loc":{"start":{"line":404,"column":8},"end":{"line":452,"column":9}},"type":"if","locations":[{"start":{"line":404,"column":8},"end":{"line":452,"column":9}},{"start":{"line":427,"column":15},"end":{"line":452,"column":9}}],"line":404},"27":{"loc":{"start":{"line":412,"column":24},"end":{"line":415,"column":20}},"type":"cond-expr","locations":[{"start":{"line":412,"column":62},"end":{"line":415,"column":13}},{"start":{"line":415,"column":16},"end":{"line":415,"column":20}}],"line":412},"28":{"loc":{"start":{"line":412,"column":24},"end":{"line":412,"column":59}},"type":"binary-expr","locations":[{"start":{"line":412,"column":24},"end":{"line":412,"column":40}},{"start":{"line":412,"column":44},"end":{"line":412,"column":59}}],"line":412},"29":{"loc":{"start":{"line":422,"column":59},"end":{"line":422,"column":89}},"type":"binary-expr","locations":[{"start":{"line":422,"column":59},"end":{"line":422,"column":70}},{"start":{"line":422,"column":74},"end":{"line":422,"column":89}}],"line":422},"30":{"loc":{"start":{"line":423,"column":10},"end":{"line":426,"column":11}},"type":"if","locations":[{"start":{"line":423,"column":10},"end":{"line":426,"column":11}},{"start":{},"end":{}}],"line":423},"31":{"loc":{"start":{"line":437,"column":10},"end":{"line":442,"column":11}},"type":"if","locations":[{"start":{"line":437,"column":10},"end":{"line":442,"column":11}},{"start":{},"end":{}}],"line":437},"32":{"loc":{"start":{"line":439,"column":12},"end":{"line":441,"column":13}},"type":"if","locations":[{"start":{"line":439,"column":12},"end":{"line":441,"column":13}},{"start":{},"end":{}}],"line":439},"33":{"loc":{"start":{"line":460,"column":8},"end":{"line":465,"column":9}},"type":"if","locations":[{"start":{"line":460,"column":8},"end":{"line":465,"column":9}},{"start":{},"end":{}}],"line":460},"34":{"loc":{"start":{"line":462,"column":10},"end":{"line":464,"column":11}},"type":"if","locations":[{"start":{"line":462,"column":10},"end":{"line":464,"column":11}},{"start":{},"end":{}}],"line":462},"35":{"loc":{"start":{"line":474,"column":6},"end":{"line":474,"column":31}},"type":"if","locations":[{"start":{"line":474,"column":6},"end":{"line":474,"column":31}},{"start":{},"end":{}}],"line":474},"36":{"loc":{"start":{"line":478,"column":6},"end":{"line":525,"column":7}},"type":"if","locations":[{"start":{"line":478,"column":6},"end":{"line":525,"column":7}},{"start":{"line":497,"column":11},"end":{"line":525,"column":7}}],"line":478},"37":{"loc":{"start":{"line":478,"column":10},"end":{"line":478,"column":56}},"type":"binary-expr","locations":[{"start":{"line":478,"column":10},"end":{"line":478,"column":29}},{"start":{"line":478,"column":33},"end":{"line":478,"column":56}}],"line":478},"38":{"loc":{"start":{"line":484,"column":8},"end":{"line":486,"column":9}},"type":"if","locations":[{"start":{"line":484,"column":8},"end":{"line":486,"column":9}},{"start":{},"end":{}}],"line":484},"39":{"loc":{"start":{"line":497,"column":11},"end":{"line":525,"column":7}},"type":"if","locations":[{"start":{"line":497,"column":11},"end":{"line":525,"column":7}},{"start":{"line":522,"column":13},"end":{"line":525,"column":7}}],"line":497},"40":{"loc":{"start":{"line":497,"column":15},"end":{"line":497,"column":65}},"type":"binary-expr","locations":[{"start":{"line":497,"column":15},"end":{"line":497,"column":35}},{"start":{"line":497,"column":39},"end":{"line":497,"column":65}}],"line":497},"41":{"loc":{"start":{"line":506,"column":8},"end":{"line":508,"column":9}},"type":"if","locations":[{"start":{"line":506,"column":8},"end":{"line":508,"column":9}},{"start":{},"end":{}}],"line":506},"42":{"loc":{"start":{"line":514,"column":57},"end":{"line":514,"column":87}},"type":"binary-expr","locations":[{"start":{"line":514,"column":57},"end":{"line":514,"column":68}},{"start":{"line":514,"column":72},"end":{"line":514,"column":87}}],"line":514},"43":{"loc":{"start":{"line":515,"column":8},"end":{"line":518,"column":9}},"type":"if","locations":[{"start":{"line":515,"column":8},"end":{"line":518,"column":9}},{"start":{},"end":{}}],"line":515},"44":{"loc":{"start":{"line":529,"column":4},"end":{"line":538,"column":5}},"type":"if","locations":[{"start":{"line":529,"column":4},"end":{"line":538,"column":5}},{"start":{},"end":{}}],"line":529},"45":{"loc":{"start":{"line":541,"column":4},"end":{"line":547,"column":5}},"type":"if","locations":[{"start":{"line":541,"column":4},"end":{"line":547,"column":5}},{"start":{},"end":{}}],"line":541}},"s":{"0":0,"1":0,"2":0,"3":0,"4":0,"5":0,"6":0,"7":0,"8":0,"9":0,"10":0,"11":0,"12":0,"13":0,"14":0,"15":0,"16":0,"17":0,"18":0,"19":0,"20":0,"21":0,"22":0,"23":0,"24":0,"25":0,"26":0,"27":0,"28":0,"29":0,"30":0,"31":0,"32":0,"33":0,"34":0,"35":0,"36":0,"37":0,"38":0,"39":0,"40":0,"41":0,"42":0,"43":0,"44":0,"45":0,"46":0,"47":0,"48":0,"49":0,"50":0,"51":0,"52":0,"53":0,"54":0,"55":0,"56":0,"57":0,"58":0,"59":0,"60":0,"61":0,"62":0,"63":0,"64":0,"65":0,"66":0,"67":0,"68":0,"69":0,"70":0,"71":0,"72":0,"73":0,"74":0,"75":0,"76":0,"77":0,"78":0,"79":0,"80":0,"81":0,"82":0,"83":0,"84":0,"85":0,"86":0,"87":0,"88":0,"89":0,"90":0,"91":0,"92":0,"93":0,"94":0,"95":0,"96":0,"97":0,"98":0,"99":0,"100":0,"101":0,"102":0,"103":0,"104":0,"105":0,"106":0,"107":0,"108":0,"109":0,"110":0,"111":0,"112":0,"113":0,"114":0,"115":0,"116":0,"117":0,"118":0,"119":0,"120":0,"121":0,"122":0,"123":0,"124":0,"125":0,"126":0,"127":0,"128":0,"129":0,"130":0,"131":0,"132":0,"133":0,"134":0,"135":0,"136":0,"137":0,"138":0,"139":0,"140":0,"141":0,"142":0,"143":0,"144":0,"145":0,"146":0,"147":0,"148":0,"149":0,"150":0,"151":0,"152":0,"153":0,"154":0,"155":0,"156":0,"157":0,"158":0,"159":0,"160":0,"161":0,"162":0,"163":0,"164":0,"165":0,"166":0,"167":0,"168":0,"169":0,"170":0,"171":0,"172":0,"173":0,"174":0,"175":0,"176":0,"177":0,"178":0,"179":0,"180":0,"181":0,"182":0,"183":0,"184":0,"185":0,"186":0,"187":0,"188":0,"189":0},"f":{"0":0,"1":0,"2":0,"3":0,"4":0,"5":0,"6":0,"7":0,"8":0,"9":0,"10":0,"11":0,"12":0,"13":0,"14":0,"15":0,"16":0,"17":0,"18":0,"19":0,"20":0,"21":0,"22":0,"23":0,"24":0,"25":0,"26":0,"27":0,"28":0,"29":0},"b":{"0":[0,0],"1":[0,0],"2":[0,0],"3":[0,0],"4":[0,0],"5":[0,0],"6":[0,0],"7":[0,0],"8":[0,0],"9":[0,0],"10":[0,0],"11":[0,0],"12":[0,0],"13":[0,0],"14":[0,0],"15":[0,0],"16":[0,0],"17":[0,0],"18":[0,0],"19":[0,0],"20":[0,0],"21":[0,0],"22":[0,0],"23":[0,0],"24":[0,0],"25":[0,0],"26":[0,0],"27":[0,0],"28":[0,0],"29":[0,0],"30":[0,0],"31":[0,0],"32":[0,0],"33":[0,0],"34":[0,0],"35":[0,0],"36":[0,0],"37":[0,0],"38":[0,0],"39":[0,0],"40":[0,0],"41":[0,0],"42":[0,0],"43":[0,0],"44":[0,0],"45":[0,0]}}
,"/Users/Q247532/effective-fortnight/effective-fortnight/backend/utils/emailService.js": {"path":"/Users/Q247532/effective-fortnight/effective-fortnight/backend/utils/emailService.js","statementMap":{"0":{"start":{"line":1,"column":19},"end":{"line":1,"column":40}},"1":{"start":{"line":7,"column":26},"end":{"line":33,"column":1}},"2":{"start":{"line":9,"column":2},"end":{"line":32,"column":3}},"3":{"start":{"line":10,"column":4},"end":{"line":18,"column":7}},"4":{"start":{"line":21,"column":4},"end":{"line":21,"column":80}},"5":{"start":{"line":22,"column":4},"end":{"line":31,"column":6}},"6":{"start":{"line":24,"column":8},"end":{"line":24,"column":47}},"7":{"start":{"line":25,"column":8},"end":{"line":25,"column":43}},"8":{"start":{"line":26,"column":8},"end":{"line":26,"column":53}},"9":{"start":{"line":27,"column":8},"end":{"line":27,"column":47}},"10":{"start":{"line":28,"column":8},"end":{"line":28,"column":47}},"11":{"start":{"line":29,"column":8},"end":{"line":29,"column":55}},"12":{"start":{"line":38,"column":31},"end":{"line":114,"column":1}},"13":{"start":{"line":39,"column":22},"end":{"line":39,"column":41}},"14":{"start":{"line":42,"column":19},"end":{"line":42,"column":110}},"15":{"start":{"line":44,"column":22},"end":{"line":109,"column":3}},"16":{"start":{"line":111,"column":15},"end":{"line":111,"column":54}},"17":{"start":{"line":112,"column":2},"end":{"line":112,"column":60}},"18":{"start":{"line":113,"column":2},"end":{"line":113,"column":14}},"19":{"start":{"line":116,"column":0},"end":{"line":118,"column":2}}},"fnMap":{"0":{"name":"(anonymous_0)","decl":{"start":{"line":7,"column":26},"end":{"line":7,"column":27}},"loc":{"start":{"line":7,"column":32},"end":{"line":33,"column":1}},"line":7},"1":{"name":"(anonymous_1)","decl":{"start":{"line":23,"column":16},"end":{"line":23,"column":17}},"loc":{"start":{"line":23,"column":39},"end":{"line":30,"column":7}},"line":23},"2":{"name":"(anonymous_2)","decl":{"start":{"line":38,"column":31},"end":{"line":38,"column":32}},"loc":{"start":{"line":38,"column":75},"end":{"line":114,"column":1}},"line":38}},"branchMap":{"0":{"loc":{"start":{"line":9,"column":2},"end":{"line":32,"column":3}},"type":"if","locations":[{"start":{"line":9,"column":2},"end":{"line":32,"column":3}},{"start":{"line":19,"column":9},"end":{"line":32,"column":3}}],"line":9},"1":{"loc":{"start":{"line":9,"column":6},"end":{"line":9,"column":52}},"type":"binary-expr","locations":[{"start":{"line":9,"column":6},"end":{"line":9,"column":27}},{"start":{"line":9,"column":31},"end":{"line":9,"column":52}}],"line":9},"2":{"loc":{"start":{"line":42,"column":22},"end":{"line":42,"column":73}},"type":"binary-expr","locations":[{"start":{"line":42,"column":22},"end":{"line":42,"column":46}},{"start":{"line":42,"column":50},"end":{"line":42,"column":73}}],"line":42},"3":{"loc":{"start":{"line":45,"column":10},"end":{"line":45,"column":58}},"type":"binary-expr","locations":[{"start":{"line":45,"column":10},"end":{"line":45,"column":31}},{"start":{"line":45,"column":35},"end":{"line":45,"column":58}}],"line":45}},"s":{"0":1,"1":1,"2":13,"3":13,"4":0,"5":0,"6":0,"7":0,"8":0,"9":0,"10":0,"11":0,"12":1,"13":13,"14":13,"15":13,"16":13,"17":12,"18":12,"19":1},"f":{"0":13,"1":0,"2":13},"b":{"0":[13,0],"1":[13,13],"2":[13,0],"3":[13,0]},"_coverageSchema":"1a1c01bbd47fc00a2c39e90264f33305004495a9","hash":"97cd83ddaa9c640a0b796f9728cdc840e2648056"}
}
