{"/Users/Q247532/effective-fortnight/effective-fortnight/backend/middleware/auth.js": {"path":"/Users/Q247532/effective-fortnight/effective-fortnight/backend/middleware/auth.js","statementMap":{"0":{"start":{"line":1,"column":12},"end":{"line":1,"column":35}},"1":{"start":{"line":4,"column":26},"end":{"line":19,"column":1}},"2":{"start":{"line":5,"column":21},"end":{"line":5,"column":49}},"3":{"start":{"line":6,"column":16},"end":{"line":6,"column":54}},"4":{"start":{"line":8,"column":2},"end":{"line":10,"column":3}},"5":{"start":{"line":9,"column":4},"end":{"line":9,"column":68}},"6":{"start":{"line":12,"column":2},"end":{"line":18,"column":5}},"7":{"start":{"line":13,"column":4},"end":{"line":15,"column":5}},"8":{"start":{"line":14,"column":6},"end":{"line":14,"column":73}},"9":{"start":{"line":16,"column":4},"end":{"line":16,"column":20}},"10":{"start":{"line":17,"column":4},"end":{"line":17,"column":11}},"11":{"start":{"line":22,"column":21},"end":{"line":27,"column":1}},"12":{"start":{"line":23,"column":2},"end":{"line":25,"column":3}},"13":{"start":{"line":24,"column":4},"end":{"line":24,"column":68}},"14":{"start":{"line":26,"column":2},"end":{"line":26,"column":9}},"15":{"start":{"line":30,"column":22},"end":{"line":35,"column":1}},"16":{"start":{"line":31,"column":2},"end":{"line":33,"column":3}},"17":{"start":{"line":32,"column":4},"end":{"line":32,"column":69}},"18":{"start":{"line":34,"column":2},"end":{"line":34,"column":9}},"19":{"start":{"line":37,"column":0},"end":{"line":41,"column":2}}},"fnMap":{"0":{"name":"(anonymous_0)","decl":{"start":{"line":4,"column":26},"end":{"line":4,"column":27}},"loc":{"start":{"line":4,"column":46},"end":{"line":19,"column":1}},"line":4},"1":{"name":"(anonymous_1)","decl":{"start":{"line":12,"column":44},"end":{"line":12,"column":45}},"loc":{"start":{"line":12,"column":59},"end":{"line":18,"column":3}},"line":12},"2":{"name":"(anonymous_2)","decl":{"start":{"line":22,"column":21},"end":{"line":22,"column":22}},"loc":{"start":{"line":22,"column":41},"end":{"line":27,"column":1}},"line":22},"3":{"name":"(anonymous_3)","decl":{"start":{"line":30,"column":22},"end":{"line":30,"column":23}},"loc":{"start":{"line":30,"column":42},"end":{"line":35,"column":1}},"line":30}},"branchMap":{"0":{"loc":{"start":{"line":6,"column":16},"end":{"line":6,"column":54}},"type":"binary-expr","locations":[{"start":{"line":6,"column":16},"end":{"line":6,"column":26}},{"start":{"line":6,"column":30},"end":{"line":6,"column":54}}],"line":6},"1":{"loc":{"start":{"line":8,"column":2},"end":{"line":10,"column":3}},"type":"if","locations":[{"start":{"line":8,"column":2},"end":{"line":10,"column":3}},{"start":{},"end":{}}],"line":8},"2":{"loc":{"start":{"line":13,"column":4},"end":{"line":15,"column":5}},"type":"if","locations":[{"start":{"line":13,"column":4},"end":{"line":15,"column":5}},{"start":{},"end":{}}],"line":13},"3":{"loc":{"start":{"line":23,"column":2},"end":{"line":25,"column":3}},"type":"if","locations":[{"start":{"line":23,"column":2},"end":{"line":25,"column":3}},{"start":{},"end":{}}],"line":23},"4":{"loc":{"start":{"line":31,"column":2},"end":{"line":33,"column":3}},"type":"if","locations":[{"start":{"line":31,"column":2},"end":{"line":33,"column":3}},{"start":{},"end":{}}],"line":31}},"s":{"0":2,"1":2,"2":13,"3":13,"4":13,"5":3,"6":10,"7":10,"8":4,"9":6,"10":6,"11":2,"12":7,"13":5,"14":2,"15":2,"16":0,"17":0,"18":0,"19":2},"f":{"0":13,"1":10,"2":7,"3":0},"b":{"0":[13,11],"1":[3,10],"2":[4,6],"3":[5,2],"4":[0,0]},"_coverageSchema":"1a1c01bbd47fc00a2c39e90264f33305004495a9","hash":"4aab03ac42e892256b944bbe5db1e14f0ee38f05"}
,"/Users/Q247532/effective-fortnight/effective-fortnight/backend/routes/activity.js": {"path":"/Users/Q247532/effective-fortnight/effective-fortnight/backend/routes/activity.js","statementMap":{"0":{"start":{"line":1,"column":16},"end":{"line":1,"column":34}},"1":{"start":{"line":2,"column":15},"end":{"line":2,"column":31}},"2":{"start":{"line":3,"column":11},"end":{"line":3,"column":40}},"3":{"start":{"line":4,"column":44},"end":{"line":4,"column":73}},"4":{"start":{"line":7,"column":0},"end":{"line":56,"column":3}},"5":{"start":{"line":8,"column":19},"end":{"line":8,"column":29}},"6":{"start":{"line":10,"column":2},"end":{"line":55,"column":3}},"7":{"start":{"line":12,"column":25},"end":{"line":30,"column":5}},"8":{"start":{"line":33,"column":19},"end":{"line":45,"column":6}},"9":{"start":{"line":34,"column":23},"end":{"line":34,"column":60}},"10":{"start":{"line":36,"column":6},"end":{"line":44,"column":8}},"11":{"start":{"line":47,"column":4},"end":{"line":51,"column":7}},"12":{"start":{"line":53,"column":4},"end":{"line":53,"column":48}},"13":{"start":{"line":54,"column":4},"end":{"line":54,"column":68}},"14":{"start":{"line":58,"column":0},"end":{"line":58,"column":24}}},"fnMap":{"0":{"name":"(anonymous_0)","decl":{"start":{"line":7,"column":45},"end":{"line":7,"column":46}},"loc":{"start":{"line":7,"column":65},"end":{"line":56,"column":1}},"line":7},"1":{"name":"(anonymous_1)","decl":{"start":{"line":33,"column":34},"end":{"line":33,"column":35}},"loc":{"start":{"line":33,"column":46},"end":{"line":45,"column":5}},"line":33}},"branchMap":{"0":{"loc":{"start":{"line":34,"column":34},"end":{"line":34,"column":59}},"type":"binary-expr","locations":[{"start":{"line":34,"column":34},"end":{"line":34,"column":51}},{"start":{"line":34,"column":55},"end":{"line":34,"column":59}}],"line":34},"1":{"loc":{"start":{"line":40,"column":20},"end":{"line":40,"column":70}},"type":"binary-expr","locations":[{"start":{"line":40,"column":20},"end":{"line":40,"column":39}},{"start":{"line":40,"column":43},"end":{"line":40,"column":62}},{"start":{"line":40,"column":66},"end":{"line":40,"column":70}}],"line":40}},"s":{"0":0,"1":0,"2":0,"3":0,"4":0,"5":0,"6":0,"7":0,"8":0,"9":0,"10":0,"11":0,"12":0,"13":0,"14":0},"f":{"0":0,"1":0},"b":{"0":[0,0],"1":[0,0,0]}}
,"/Users/Q247532/effective-fortnight/effective-fortnight/backend/routes/attendance.js": {"path":"/Users/Q247532/effective-fortnight/effective-fortnight/backend/routes/attendance.js","statementMap":{"0":{"start":{"line":1,"column":16},"end":{"line":1,"column":34}},"1":{"start":{"line":2,"column":35},"end":{"line":2,"column":63}},"2":{"start":{"line":3,"column":11},"end":{"line":3,"column":40}},"3":{"start":{"line":4,"column":45},"end":{"line":4,"column":74}},"4":{"start":{"line":5,"column":30},"end":{"line":5,"column":70}},"5":{"start":{"line":6,"column":28},"end":{"line":6,"column":62}},"6":{"start":{"line":8,"column":15},"end":{"line":8,"column":31}},"7":{"start":{"line":11,"column":0},"end":{"line":61,"column":3}},"8":{"start":{"line":12,"column":28},"end":{"line":12,"column":38}},"9":{"start":{"line":14,"column":2},"end":{"line":60,"column":3}},"10":{"start":{"line":16,"column":4},"end":{"line":24,"column":5}},"11":{"start":{"line":17,"column":22},"end":{"line":20,"column":7}},"12":{"start":{"line":21,"column":6},"end":{"line":23,"column":7}},"13":{"start":{"line":22,"column":8},"end":{"line":22,"column":78}},"14":{"start":{"line":26,"column":21},"end":{"line":32,"column":5}},"15":{"start":{"line":34,"column":4},"end":{"line":43,"column":5}},"16":{"start":{"line":35,"column":6},"end":{"line":42,"column":9}},"17":{"start":{"line":45,"column":4},"end":{"line":56,"column":7}},"18":{"start":{"line":58,"column":4},"end":{"line":58,"column":57}},"19":{"start":{"line":59,"column":4},"end":{"line":59,"column":73}},"20":{"start":{"line":65,"column":0},"end":{"line":317,"column":2}},"21":{"start":{"line":74,"column":19},"end":{"line":74,"column":40}},"22":{"start":{"line":75,"column":4},"end":{"line":77,"column":5}},"23":{"start":{"line":76,"column":6},"end":{"line":76,"column":62}},"24":{"start":{"line":79,"column":30},"end":{"line":79,"column":40}},"25":{"start":{"line":80,"column":52},"end":{"line":80,"column":60}},"26":{"start":{"line":81,"column":30},"end":{"line":81,"column":54}},"27":{"start":{"line":82,"column":22},"end":{"line":82,"column":28}},"28":{"start":{"line":84,"column":4},"end":{"line":315,"column":5}},"29":{"start":{"line":86,"column":6},"end":{"line":94,"column":7}},"30":{"start":{"line":87,"column":24},"end":{"line":90,"column":9}},"31":{"start":{"line":91,"column":8},"end":{"line":93,"column":9}},"32":{"start":{"line":92,"column":10},"end":{"line":92,"column":80}},"33":{"start":{"line":97,"column":6},"end":{"line":141,"column":7}},"34":{"start":{"line":99,"column":28},"end":{"line":99,"column":111}},"35":{"start":{"line":102,"column":8},"end":{"line":105,"column":10}},"36":{"start":{"line":108,"column":8},"end":{"line":122,"column":10}},"37":{"start":{"line":124,"column":8},"end":{"line":124,"column":85}},"38":{"start":{"line":127,"column":8},"end":{"line":140,"column":11}},"39":{"start":{"line":144,"column":26},"end":{"line":144,"column":109}},"40":{"start":{"line":147,"column":25},"end":{"line":150,"column":7}},"41":{"start":{"line":152,"column":6},"end":{"line":169,"column":7}},"42":{"start":{"line":156,"column":8},"end":{"line":161,"column":10}},"43":{"start":{"line":164,"column":8},"end":{"line":168,"column":10}},"44":{"start":{"line":172,"column":22},"end":{"line":172,"column":37}},"45":{"start":{"line":173,"column":6},"end":{"line":183,"column":7}},"46":{"start":{"line":175,"column":10},"end":{"line":175,"column":38}},"47":{"start":{"line":176,"column":10},"end":{"line":176,"column":16}},"48":{"start":{"line":178,"column":10},"end":{"line":178,"column":44}},"49":{"start":{"line":179,"column":10},"end":{"line":179,"column":16}},"50":{"start":{"line":181,"column":10},"end":{"line":181,"column":39}},"51":{"start":{"line":182,"column":10},"end":{"line":182,"column":16}},"52":{"start":{"line":185,"column":6},"end":{"line":201,"column":8}},"53":{"start":{"line":204,"column":25},"end":{"line":204,"column":82}},"54":{"start":{"line":207,"column":26},"end":{"line":210,"column":7}},"55":{"start":{"line":211,"column":30},"end":{"line":211,"column":117}},"56":{"start":{"line":214,"column":6},"end":{"line":233,"column":7}},"57":{"start":{"line":215,"column":8},"end":{"line":215,"column":109}},"58":{"start":{"line":216,"column":8},"end":{"line":232,"column":9}},"59":{"start":{"line":217,"column":36},"end":{"line":217,"column":103}},"60":{"start":{"line":218,"column":10},"end":{"line":218,"column":90}},"61":{"start":{"line":222,"column":10},"end":{"line":227,"column":12}},"62":{"start":{"line":228,"column":10},"end":{"line":228,"column":93}},"63":{"start":{"line":230,"column":10},"end":{"line":230,"column":88}},"64":{"start":{"line":236,"column":6},"end":{"line":256,"column":7}},"65":{"start":{"line":237,"column":8},"end":{"line":237,"column":98}},"66":{"start":{"line":238,"column":8},"end":{"line":255,"column":9}},"67":{"start":{"line":241,"column":41},"end":{"line":241,"column":81}},"68":{"start":{"line":242,"column":36},"end":{"line":242,"column":83}},"69":{"start":{"line":243,"column":10},"end":{"line":243,"column":100}},"70":{"start":{"line":246,"column":30},"end":{"line":247,"column":115}},"71":{"start":{"line":246,"column":82},"end":{"line":246,"column":114}},"72":{"start":{"line":247,"column":82},"end":{"line":247,"column":114}},"73":{"start":{"line":248,"column":10},"end":{"line":251,"column":11}},"74":{"start":{"line":249,"column":12},"end":{"line":249,"column":38}},"75":{"start":{"line":250,"column":12},"end":{"line":250,"column":76}},"76":{"start":{"line":253,"column":10},"end":{"line":253,"column":88}},"77":{"start":{"line":258,"column":6},"end":{"line":258,"column":80}},"78":{"start":{"line":260,"column":24},"end":{"line":266,"column":7}},"79":{"start":{"line":267,"column":6},"end":{"line":267,"column":59}},"80":{"start":{"line":269,"column":6},"end":{"line":288,"column":7}},"81":{"start":{"line":272,"column":8},"end":{"line":272,"column":96}},"82":{"start":{"line":273,"column":8},"end":{"line":287,"column":11}},"83":{"start":{"line":290,"column":6},"end":{"line":304,"column":9}},"84":{"start":{"line":306,"column":6},"end":{"line":306,"column":62}},"85":{"start":{"line":307,"column":6},"end":{"line":313,"column":9}},"86":{"start":{"line":314,"column":6},"end":{"line":314,"column":76}},"87":{"start":{"line":320,"column":0},"end":{"line":351,"column":3}},"88":{"start":{"line":321,"column":19},"end":{"line":321,"column":29}},"89":{"start":{"line":323,"column":2},"end":{"line":350,"column":3}},"90":{"start":{"line":324,"column":22},"end":{"line":332,"column":5}},"91":{"start":{"line":334,"column":4},"end":{"line":346,"column":9}},"92":{"start":{"line":334,"column":31},"end":{"line":346,"column":5}},"93":{"start":{"line":348,"column":4},"end":{"line":348,"column":52}},"94":{"start":{"line":349,"column":4},"end":{"line":349,"column":68}},"95":{"start":{"line":353,"column":0},"end":{"line":353,"column":24}}},"fnMap":{"0":{"name":"(anonymous_0)","decl":{"start":{"line":11,"column":60},"end":{"line":11,"column":61}},"loc":{"start":{"line":11,"column":80},"end":{"line":61,"column":1}},"line":11},"1":{"name":"(anonymous_1)","decl":{"start":{"line":73,"column":2},"end":{"line":73,"column":3}},"loc":{"start":{"line":73,"column":22},"end":{"line":316,"column":3}},"line":73},"2":{"name":"(anonymous_2)","decl":{"start":{"line":246,"column":77},"end":{"line":246,"column":78}},"loc":{"start":{"line":246,"column":82},"end":{"line":246,"column":114}},"line":246},"3":{"name":"(anonymous_3)","decl":{"start":{"line":247,"column":77},"end":{"line":247,"column":78}},"loc":{"start":{"line":247,"column":82},"end":{"line":247,"column":114}},"line":247},"4":{"name":"(anonymous_4)","decl":{"start":{"line":320,"column":58},"end":{"line":320,"column":59}},"loc":{"start":{"line":320,"column":78},"end":{"line":351,"column":1}},"line":320},"5":{"name":"(anonymous_5)","decl":{"start":{"line":334,"column":25},"end":{"line":334,"column":26}},"loc":{"start":{"line":334,"column":31},"end":{"line":346,"column":5}},"line":334}},"branchMap":{"0":{"loc":{"start":{"line":16,"column":4},"end":{"line":24,"column":5}},"type":"if","locations":[{"start":{"line":16,"column":4},"end":{"line":24,"column":5}},{"start":{},"end":{}}],"line":16},"1":{"loc":{"start":{"line":21,"column":6},"end":{"line":23,"column":7}},"type":"if","locations":[{"start":{"line":21,"column":6},"end":{"line":23,"column":7}},{"start":{},"end":{}}],"line":21},"2":{"loc":{"start":{"line":34,"column":4},"end":{"line":43,"column":5}},"type":"if","locations":[{"start":{"line":34,"column":4},"end":{"line":43,"column":5}},{"start":{},"end":{}}],"line":34},"3":{"loc":{"start":{"line":75,"column":4},"end":{"line":77,"column":5}},"type":"if","locations":[{"start":{"line":75,"column":4},"end":{"line":77,"column":5}},{"start":{},"end":{}}],"line":75},"4":{"loc":{"start":{"line":81,"column":30},"end":{"line":81,"column":54}},"type":"binary-expr","locations":[{"start":{"line":81,"column":30},"end":{"line":81,"column":42}},{"start":{"line":81,"column":46},"end":{"line":81,"column":54}}],"line":81},"5":{"loc":{"start":{"line":86,"column":6},"end":{"line":94,"column":7}},"type":"if","locations":[{"start":{"line":86,"column":6},"end":{"line":94,"column":7}},{"start":{},"end":{}}],"line":86},"6":{"loc":{"start":{"line":91,"column":8},"end":{"line":93,"column":9}},"type":"if","locations":[{"start":{"line":91,"column":8},"end":{"line":93,"column":9}},{"start":{},"end":{}}],"line":91},"7":{"loc":{"start":{"line":97,"column":6},"end":{"line":141,"column":7}},"type":"if","locations":[{"start":{"line":97,"column":6},"end":{"line":141,"column":7}},{"start":{},"end":{}}],"line":97},"8":{"loc":{"start":{"line":119,"column":30},"end":{"line":119,"column":51}},"type":"binary-expr","locations":[{"start":{"line":119,"column":30},"end":{"line":119,"column":43}},{"start":{"line":119,"column":47},"end":{"line":119,"column":51}}],"line":119},"9":{"loc":{"start":{"line":152,"column":6},"end":{"line":169,"column":7}},"type":"if","locations":[{"start":{"line":152,"column":6},"end":{"line":169,"column":7}},{"start":{"line":162,"column":13},"end":{"line":169,"column":7}}],"line":152},"10":{"loc":{"start":{"line":173,"column":6},"end":{"line":183,"column":7}},"type":"switch","locations":[{"start":{"line":174,"column":8},"end":{"line":176,"column":16}},{"start":{"line":177,"column":8},"end":{"line":179,"column":16}},{"start":{"line":180,"column":8},"end":{"line":182,"column":16}}],"line":173},"11":{"loc":{"start":{"line":196,"column":28},"end":{"line":196,"column":49}},"type":"binary-expr","locations":[{"start":{"line":196,"column":28},"end":{"line":196,"column":41}},{"start":{"line":196,"column":45},"end":{"line":196,"column":49}}],"line":196},"12":{"loc":{"start":{"line":198,"column":27},"end":{"line":198,"column":79}},"type":"cond-expr","locations":[{"start":{"line":198,"column":55},"end":{"line":198,"column":72}},{"start":{"line":198,"column":75},"end":{"line":198,"column":79}}],"line":198},"13":{"loc":{"start":{"line":204,"column":25},"end":{"line":204,"column":82}},"type":"cond-expr","locations":[{"start":{"line":204,"column":48},"end":{"line":204,"column":75}},{"start":{"line":204,"column":78},"end":{"line":204,"column":82}}],"line":204},"14":{"loc":{"start":{"line":211,"column":30},"end":{"line":211,"column":117}},"type":"cond-expr","locations":[{"start":{"line":211,"column":53},"end":{"line":211,"column":94}},{"start":{"line":211,"column":97},"end":{"line":211,"column":117}}],"line":211},"15":{"loc":{"start":{"line":214,"column":6},"end":{"line":233,"column":7}},"type":"if","locations":[{"start":{"line":214,"column":6},"end":{"line":233,"column":7}},{"start":{},"end":{}}],"line":214},"16":{"loc":{"start":{"line":214,"column":10},"end":{"line":214,"column":50}},"type":"binary-expr","locations":[{"start":{"line":214,"column":10},"end":{"line":214,"column":36}},{"start":{"line":214,"column":40},"end":{"line":214,"column":50}}],"line":214},"17":{"loc":{"start":{"line":236,"column":6},"end":{"line":256,"column":7}},"type":"if","locations":[{"start":{"line":236,"column":6},"end":{"line":256,"column":7}},{"start":{},"end":{}}],"line":236},"18":{"loc":{"start":{"line":236,"column":10},"end":{"line":236,"column":49}},"type":"binary-expr","locations":[{"start":{"line":236,"column":10},"end":{"line":236,"column":35}},{"start":{"line":236,"column":39},"end":{"line":236,"column":49}}],"line":236},"19":{"loc":{"start":{"line":246,"column":30},"end":{"line":247,"column":115}},"type":"binary-expr","locations":[{"start":{"line":246,"column":30},"end":{"line":246,"column":115}},{"start":{"line":247,"column":29},"end":{"line":247,"column":115}}],"line":246},"20":{"loc":{"start":{"line":248,"column":10},"end":{"line":251,"column":11}},"type":"if","locations":[{"start":{"line":248,"column":10},"end":{"line":251,"column":11}},{"start":{},"end":{}}],"line":248},"21":{"loc":{"start":{"line":269,"column":6},"end":{"line":288,"column":7}},"type":"if","locations":[{"start":{"line":269,"column":6},"end":{"line":288,"column":7}},{"start":{},"end":{}}],"line":269}},"s":{"0":0,"1":0,"2":0,"3":0,"4":0,"5":0,"6":0,"7":0,"8":0,"9":0,"10":0,"11":0,"12":0,"13":0,"14":0,"15":0,"16":0,"17":0,"18":0,"19":0,"20":0,"21":0,"22":0,"23":0,"24":0,"25":0,"26":0,"27":0,"28":0,"29":0,"30":0,"31":0,"32":0,"33":0,"34":0,"35":0,"36":0,"37":0,"38":0,"39":0,"40":0,"41":0,"42":0,"43":0,"44":0,"45":0,"46":0,"47":0,"48":0,"49":0,"50":0,"51":0,"52":0,"53":0,"54":0,"55":0,"56":0,"57":0,"58":0,"59":0,"60":0,"61":0,"62":0,"63":0,"64":0,"65":0,"66":0,"67":0,"68":0,"69":0,"70":0,"71":0,"72":0,"73":0,"74":0,"75":0,"76":0,"77":0,"78":0,"79":0,"80":0,"81":0,"82":0,"83":0,"84":0,"85":0,"86":0,"87":0,"88":0,"89":0,"90":0,"91":0,"92":0,"93":0,"94":0,"95":0},"f":{"0":0,"1":0,"2":0,"3":0,"4":0,"5":0},"b":{"0":[0,0],"1":[0,0],"2":[0,0],"3":[0,0],"4":[0,0],"5":[0,0],"6":[0,0],"7":[0,0],"8":[0,0],"9":[0,0],"10":[0,0,0],"11":[0,0],"12":[0,0],"13":[0,0],"14":[0,0],"15":[0,0],"16":[0,0],"17":[0,0],"18":[0,0],"19":[0,0],"20":[0,0],"21":[0,0]}}
,"/Users/Q247532/effective-fortnight/effective-fortnight/backend/routes/auth.js": {"path":"/Users/Q247532/effective-fortnight/effective-fortnight/backend/routes/auth.js","statementMap":{"0":{"start":{"line":1,"column":16},"end":{"line":1,"column":34}},"1":{"start":{"line":2,"column":15},"end":{"line":2,"column":34}},"2":{"start":{"line":3,"column":12},"end":{"line":3,"column":35}},"3":{"start":{"line":4,"column":15},"end":{"line":4,"column":32}},"4":{"start":{"line":5,"column":35},"end":{"line":5,"column":63}},"5":{"start":{"line":6,"column":11},"end":{"line":6,"column":40}},"6":{"start":{"line":7,"column":30},"end":{"line":7,"column":59}},"7":{"start":{"line":8,"column":35},"end":{"line":8,"column":67}},"8":{"start":{"line":10,"column":15},"end":{"line":10,"column":31}},"9":{"start":{"line":13,"column":0},"end":{"line":104,"column":2}},"10":{"start":{"line":24,"column":19},"end":{"line":24,"column":40}},"11":{"start":{"line":25,"column":4},"end":{"line":27,"column":5}},"12":{"start":{"line":26,"column":6},"end":{"line":26,"column":62}},"13":{"start":{"line":29,"column":88},"end":{"line":29,"column":96}},"14":{"start":{"line":31,"column":4},"end":{"line":102,"column":5}},"15":{"start":{"line":33,"column":29},"end":{"line":36,"column":7}},"16":{"start":{"line":38,"column":6},"end":{"line":40,"column":7}},"17":{"start":{"line":39,"column":8},"end":{"line":39,"column":76}},"18":{"start":{"line":42,"column":22},"end":{"line":42,"column":40}},"19":{"start":{"line":45,"column":30},"end":{"line":48,"column":7}},"20":{"start":{"line":50,"column":6},"end":{"line":52,"column":7}},"21":{"start":{"line":51,"column":8},"end":{"line":51,"column":75}},"22":{"start":{"line":55,"column":29},"end":{"line":55,"column":60}},"23":{"start":{"line":58,"column":23},"end":{"line":61,"column":7}},"24":{"start":{"line":63,"column":21},"end":{"line":63,"column":36}},"25":{"start":{"line":66,"column":6},"end":{"line":69,"column":8}},"26":{"start":{"line":72,"column":20},"end":{"line":76,"column":7}},"27":{"start":{"line":79,"column":31},"end":{"line":85,"column":7}},"28":{"start":{"line":87,"column":6},"end":{"line":98,"column":9}},"29":{"start":{"line":100,"column":6},"end":{"line":100,"column":50}},"30":{"start":{"line":101,"column":6},"end":{"line":101,"column":61}},"31":{"start":{"line":107,"column":0},"end":{"line":191,"column":2}},"32":{"start":{"line":113,"column":19},"end":{"line":113,"column":40}},"33":{"start":{"line":114,"column":4},"end":{"line":117,"column":5}},"34":{"start":{"line":115,"column":6},"end":{"line":115,"column":62}},"35":{"start":{"line":116,"column":6},"end":{"line":116,"column":62}},"36":{"start":{"line":119,"column":32},"end":{"line":119,"column":40}},"37":{"start":{"line":120,"column":4},"end":{"line":120,"column":45}},"38":{"start":{"line":122,"column":4},"end":{"line":189,"column":5}},"39":{"start":{"line":123,"column":22},"end":{"line":126,"column":7}},"40":{"start":{"line":128,"column":6},"end":{"line":131,"column":7}},"41":{"start":{"line":129,"column":8},"end":{"line":129,"column":46}},"42":{"start":{"line":130,"column":8},"end":{"line":130,"column":76}},"43":{"start":{"line":133,"column":19},"end":{"line":133,"column":27}},"44":{"start":{"line":134,"column":6},"end":{"line":134,"column":86}},"45":{"start":{"line":137,"column":30},"end":{"line":137,"column":75}},"46":{"start":{"line":138,"column":6},"end":{"line":138,"column":54}},"47":{"start":{"line":140,"column":6},"end":{"line":143,"column":7}},"48":{"start":{"line":141,"column":8},"end":{"line":141,"column":52}},"49":{"start":{"line":142,"column":8},"end":{"line":142,"column":76}},"50":{"start":{"line":146,"column":6},"end":{"line":149,"column":7}},"51":{"start":{"line":147,"column":8},"end":{"line":147,"column":48}},"52":{"start":{"line":148,"column":8},"end":{"line":148,"column":77}},"53":{"start":{"line":152,"column":20},"end":{"line":156,"column":7}},"54":{"start":{"line":158,"column":6},"end":{"line":158,"column":50}},"55":{"start":{"line":161,"column":21},"end":{"line":161,"column":23}},"56":{"start":{"line":162,"column":6},"end":{"line":171,"column":7}},"57":{"start":{"line":163,"column":33},"end":{"line":169,"column":9}},"58":{"start":{"line":170,"column":8},"end":{"line":170,"column":34}},"59":{"start":{"line":173,"column":6},"end":{"line":185,"column":9}},"60":{"start":{"line":187,"column":6},"end":{"line":187,"column":43}},"61":{"start":{"line":188,"column":6},"end":{"line":188,"column":54}},"62":{"start":{"line":194,"column":0},"end":{"line":235,"column":3}},"63":{"start":{"line":195,"column":2},"end":{"line":234,"column":3}},"64":{"start":{"line":196,"column":20},"end":{"line":199,"column":5}},"65":{"start":{"line":201,"column":4},"end":{"line":203,"column":5}},"66":{"start":{"line":202,"column":6},"end":{"line":202,"column":63}},"67":{"start":{"line":205,"column":17},"end":{"line":205,"column":25}},"68":{"start":{"line":208,"column":19},"end":{"line":208,"column":21}},"69":{"start":{"line":209,"column":4},"end":{"line":218,"column":5}},"70":{"start":{"line":210,"column":31},"end":{"line":216,"column":7}},"71":{"start":{"line":217,"column":6},"end":{"line":217,"column":32}},"72":{"start":{"line":220,"column":4},"end":{"line":230,"column":7}},"73":{"start":{"line":232,"column":4},"end":{"line":232,"column":44}},"74":{"start":{"line":233,"column":4},"end":{"line":233,"column":70}},"75":{"start":{"line":238,"column":0},"end":{"line":339,"column":2}},"76":{"start":{"line":249,"column":19},"end":{"line":249,"column":40}},"77":{"start":{"line":250,"column":4},"end":{"line":252,"column":5}},"78":{"start":{"line":251,"column":6},"end":{"line":251,"column":62}},"79":{"start":{"line":254,"column":79},"end":{"line":254,"column":87}},"80":{"start":{"line":256,"column":4},"end":{"line":337,"column":5}},"81":{"start":{"line":258,"column":27},"end":{"line":258,"column":29}},"82":{"start":{"line":259,"column":27},"end":{"line":259,"column":29}},"83":{"start":{"line":262,"column":6},"end":{"line":273,"column":7}},"84":{"start":{"line":263,"column":32},"end":{"line":266,"column":9}},"85":{"start":{"line":268,"column":8},"end":{"line":270,"column":9}},"86":{"start":{"line":269,"column":10},"end":{"line":269,"column":92}},"87":{"start":{"line":271,"column":8},"end":{"line":271,"column":39}},"88":{"start":{"line":272,"column":8},"end":{"line":272,"column":33}},"89":{"start":{"line":275,"column":6},"end":{"line":278,"column":7}},"90":{"start":{"line":276,"column":8},"end":{"line":276,"column":44}},"91":{"start":{"line":277,"column":8},"end":{"line":277,"column":37}},"92":{"start":{"line":280,"column":6},"end":{"line":283,"column":7}},"93":{"start":{"line":281,"column":8},"end":{"line":281,"column":43}},"94":{"start":{"line":282,"column":8},"end":{"line":282,"column":36}},"95":{"start":{"line":285,"column":6},"end":{"line":288,"column":7}},"96":{"start":{"line":286,"column":8},"end":{"line":286,"column":39}},"97":{"start":{"line":287,"column":8},"end":{"line":287,"column":41}},"98":{"start":{"line":290,"column":6},"end":{"line":293,"column":7}},"99":{"start":{"line":291,"column":8},"end":{"line":291,"column":42}},"100":{"start":{"line":292,"column":8},"end":{"line":292,"column":36}},"101":{"start":{"line":295,"column":6},"end":{"line":298,"column":7}},"102":{"start":{"line":296,"column":8},"end":{"line":296,"column":53}},"103":{"start":{"line":297,"column":8},"end":{"line":297,"column":45}},"104":{"start":{"line":301,"column":6},"end":{"line":303,"column":7}},"105":{"start":{"line":302,"column":8},"end":{"line":302,"column":70}},"106":{"start":{"line":305,"column":6},"end":{"line":305,"column":37}},"107":{"start":{"line":308,"column":6},"end":{"line":311,"column":8}},"108":{"start":{"line":314,"column":29},"end":{"line":317,"column":7}},"109":{"start":{"line":319,"column":26},"end":{"line":319,"column":41}},"110":{"start":{"line":321,"column":6},"end":{"line":333,"column":9}},"111":{"start":{"line":335,"column":6},"end":{"line":335,"column":52}},"112":{"start":{"line":336,"column":6},"end":{"line":336,"column":66}},"113":{"start":{"line":342,"column":0},"end":{"line":397,"column":2}},"114":{"start":{"line":348,"column":19},"end":{"line":348,"column":40}},"115":{"start":{"line":349,"column":4},"end":{"line":351,"column":5}},"116":{"start":{"line":350,"column":6},"end":{"line":350,"column":62}},"117":{"start":{"line":353,"column":24},"end":{"line":353,"column":34}},"118":{"start":{"line":354,"column":21},"end":{"line":354,"column":29}},"119":{"start":{"line":356,"column":4},"end":{"line":395,"column":5}},"120":{"start":{"line":358,"column":6},"end":{"line":367,"column":7}},"121":{"start":{"line":359,"column":24},"end":{"line":362,"column":9}},"122":{"start":{"line":364,"column":8},"end":{"line":366,"column":9}},"123":{"start":{"line":365,"column":10},"end":{"line":365,"column":100}},"124":{"start":{"line":370,"column":33},"end":{"line":373,"column":7}},"125":{"start":{"line":375,"column":6},"end":{"line":377,"column":7}},"126":{"start":{"line":376,"column":8},"end":{"line":376,"column":88}},"127":{"start":{"line":380,"column":6},"end":{"line":383,"column":8}},"128":{"start":{"line":385,"column":6},"end":{"line":391,"column":9}},"129":{"start":{"line":393,"column":6},"end":{"line":393,"column":55}},"130":{"start":{"line":394,"column":6},"end":{"line":394,"column":69}},"131":{"start":{"line":400,"column":0},"end":{"line":460,"column":2}},"132":{"start":{"line":406,"column":19},"end":{"line":406,"column":40}},"133":{"start":{"line":407,"column":4},"end":{"line":409,"column":5}},"134":{"start":{"line":408,"column":6},"end":{"line":408,"column":62}},"135":{"start":{"line":412,"column":4},"end":{"line":414,"column":5}},"136":{"start":{"line":413,"column":6},"end":{"line":413,"column":71}},"137":{"start":{"line":416,"column":33},"end":{"line":416,"column":41}},"138":{"start":{"line":418,"column":4},"end":{"line":458,"column":5}},"139":{"start":{"line":420,"column":25},"end":{"line":423,"column":7}},"140":{"start":{"line":425,"column":6},"end":{"line":427,"column":7}},"141":{"start":{"line":426,"column":8},"end":{"line":426,"column":76}},"142":{"start":{"line":429,"column":20},"end":{"line":429,"column":31}},"143":{"start":{"line":432,"column":30},"end":{"line":435,"column":7}},"144":{"start":{"line":437,"column":6},"end":{"line":439,"column":7}},"145":{"start":{"line":438,"column":8},"end":{"line":438,"column":95}},"146":{"start":{"line":442,"column":6},"end":{"line":445,"column":8}},"147":{"start":{"line":447,"column":6},"end":{"line":454,"column":9}},"148":{"start":{"line":456,"column":6},"end":{"line":456,"column":48}},"149":{"start":{"line":457,"column":6},"end":{"line":457,"column":62}},"150":{"start":{"line":463,"column":0},"end":{"line":530,"column":2}},"151":{"start":{"line":466,"column":24},"end":{"line":466,"column":34}},"152":{"start":{"line":468,"column":4},"end":{"line":528,"column":5}},"153":{"start":{"line":470,"column":6},"end":{"line":472,"column":7}},"154":{"start":{"line":471,"column":8},"end":{"line":471,"column":83}},"155":{"start":{"line":475,"column":22},"end":{"line":478,"column":7}},"156":{"start":{"line":480,"column":6},"end":{"line":482,"column":7}},"157":{"start":{"line":481,"column":8},"end":{"line":481,"column":71}},"158":{"start":{"line":485,"column":25},"end":{"line":488,"column":7}},"159":{"start":{"line":489,"column":26},"end":{"line":489,"column":47}},"160":{"start":{"line":492,"column":6},"end":{"line":495,"column":8}},"161":{"start":{"line":498,"column":6},"end":{"line":518,"column":7}},"162":{"start":{"line":500,"column":8},"end":{"line":503,"column":10}},"163":{"start":{"line":508,"column":8},"end":{"line":511,"column":10}},"164":{"start":{"line":513,"column":8},"end":{"line":517,"column":11}},"165":{"start":{"line":520,"column":6},"end":{"line":524,"column":9}},"166":{"start":{"line":526,"column":6},"end":{"line":526,"column":50}},"167":{"start":{"line":527,"column":6},"end":{"line":527,"column":64}},"168":{"start":{"line":533,"column":0},"end":{"line":562,"column":2}},"169":{"start":{"line":536,"column":4},"end":{"line":560,"column":5}},"170":{"start":{"line":538,"column":6},"end":{"line":540,"column":7}},"171":{"start":{"line":539,"column":8},"end":{"line":539,"column":93}},"172":{"start":{"line":543,"column":6},"end":{"line":546,"column":8}},"173":{"start":{"line":549,"column":6},"end":{"line":552,"column":8}},"174":{"start":{"line":554,"column":6},"end":{"line":556,"column":9}},"175":{"start":{"line":558,"column":6},"end":{"line":558,"column":52}},"176":{"start":{"line":559,"column":6},"end":{"line":559,"column":66}},"177":{"start":{"line":565,"column":0},"end":{"line":623,"column":2}},"178":{"start":{"line":570,"column":19},"end":{"line":570,"column":40}},"179":{"start":{"line":571,"column":4},"end":{"line":573,"column":5}},"180":{"start":{"line":572,"column":6},"end":{"line":572,"column":62}},"181":{"start":{"line":575,"column":22},"end":{"line":575,"column":30}},"182":{"start":{"line":577,"column":4},"end":{"line":621,"column":5}},"183":{"start":{"line":579,"column":22},"end":{"line":582,"column":7}},"184":{"start":{"line":586,"column":6},"end":{"line":590,"column":7}},"185":{"start":{"line":587,"column":8},"end":{"line":589,"column":11}},"186":{"start":{"line":592,"column":19},"end":{"line":592,"column":27}},"187":{"start":{"line":595,"column":25},"end":{"line":595,"column":63}},"188":{"start":{"line":596,"column":26},"end":{"line":596,"column":86}},"189":{"start":{"line":599,"column":24},"end":{"line":599,"column":61}},"190":{"start":{"line":602,"column":6},"end":{"line":605,"column":8}},"191":{"start":{"line":608,"column":6},"end":{"line":613,"column":7}},"192":{"start":{"line":609,"column":8},"end":{"line":609,"column":101}},"193":{"start":{"line":611,"column":8},"end":{"line":611,"column":74}},"194":{"start":{"line":615,"column":6},"end":{"line":617,"column":9}},"195":{"start":{"line":619,"column":6},"end":{"line":619,"column":53}},"196":{"start":{"line":620,"column":6},"end":{"line":620,"column":82}},"197":{"start":{"line":626,"column":0},"end":{"line":680,"column":2}},"198":{"start":{"line":632,"column":19},"end":{"line":632,"column":40}},"199":{"start":{"line":633,"column":4},"end":{"line":635,"column":5}},"200":{"start":{"line":634,"column":6},"end":{"line":634,"column":62}},"201":{"start":{"line":637,"column":32},"end":{"line":637,"column":40}},"202":{"start":{"line":639,"column":4},"end":{"line":678,"column":5}},"203":{"start":{"line":641,"column":26},"end":{"line":641,"column":81}},"204":{"start":{"line":644,"column":23},"end":{"line":649,"column":7}},"205":{"start":{"line":651,"column":6},"end":{"line":655,"column":7}},"206":{"start":{"line":652,"column":8},"end":{"line":654,"column":11}},"207":{"start":{"line":657,"column":25},"end":{"line":657,"column":34}},"208":{"start":{"line":660,"column":29},"end":{"line":660,"column":60}},"209":{"start":{"line":663,"column":6},"end":{"line":666,"column":8}},"210":{"start":{"line":669,"column":6},"end":{"line":672,"column":8}},"211":{"start":{"line":674,"column":6},"end":{"line":674,"column":68}},"212":{"start":{"line":676,"column":6},"end":{"line":676,"column":52}},"213":{"start":{"line":677,"column":6},"end":{"line":677,"column":66}},"214":{"start":{"line":683,"column":0},"end":{"line":707,"column":3}},"215":{"start":{"line":684,"column":20},"end":{"line":684,"column":30}},"216":{"start":{"line":686,"column":2},"end":{"line":706,"column":3}},"217":{"start":{"line":687,"column":24},"end":{"line":687,"column":79}},"218":{"start":{"line":689,"column":21},"end":{"line":693,"column":5}},"219":{"start":{"line":695,"column":4},"end":{"line":700,"column":5}},"220":{"start":{"line":696,"column":6},"end":{"line":699,"column":9}},"221":{"start":{"line":702,"column":4},"end":{"line":702,"column":30}},"222":{"start":{"line":704,"column":4},"end":{"line":704,"column":48}},"223":{"start":{"line":705,"column":4},"end":{"line":705,"column":62}},"224":{"start":{"line":709,"column":0},"end":{"line":709,"column":24}}},"fnMap":{"0":{"name":"(anonymous_0)","decl":{"start":{"line":23,"column":2},"end":{"line":23,"column":3}},"loc":{"start":{"line":23,"column":22},"end":{"line":103,"column":3}},"line":23},"1":{"name":"(anonymous_1)","decl":{"start":{"line":112,"column":2},"end":{"line":112,"column":3}},"loc":{"start":{"line":112,"column":22},"end":{"line":190,"column":3}},"line":112},"2":{"name":"(anonymous_2)","decl":{"start":{"line":194,"column":37},"end":{"line":194,"column":38}},"loc":{"start":{"line":194,"column":57},"end":{"line":235,"column":1}},"line":194},"3":{"name":"(anonymous_3)","decl":{"start":{"line":248,"column":2},"end":{"line":248,"column":3}},"loc":{"start":{"line":248,"column":22},"end":{"line":338,"column":3}},"line":248},"4":{"name":"(anonymous_4)","decl":{"start":{"line":347,"column":2},"end":{"line":347,"column":3}},"loc":{"start":{"line":347,"column":22},"end":{"line":396,"column":3}},"line":347},"5":{"name":"(anonymous_5)","decl":{"start":{"line":405,"column":2},"end":{"line":405,"column":3}},"loc":{"start":{"line":405,"column":22},"end":{"line":459,"column":3}},"line":405},"6":{"name":"(anonymous_6)","decl":{"start":{"line":465,"column":2},"end":{"line":465,"column":3}},"loc":{"start":{"line":465,"column":22},"end":{"line":529,"column":3}},"line":465},"7":{"name":"(anonymous_7)","decl":{"start":{"line":535,"column":2},"end":{"line":535,"column":3}},"loc":{"start":{"line":535,"column":22},"end":{"line":561,"column":3}},"line":535},"8":{"name":"(anonymous_8)","decl":{"start":{"line":569,"column":2},"end":{"line":569,"column":3}},"loc":{"start":{"line":569,"column":22},"end":{"line":622,"column":3}},"line":569},"9":{"name":"(anonymous_9)","decl":{"start":{"line":631,"column":2},"end":{"line":631,"column":3}},"loc":{"start":{"line":631,"column":22},"end":{"line":679,"column":3}},"line":631},"10":{"name":"(anonymous_10)","decl":{"start":{"line":683,"column":41},"end":{"line":683,"column":42}},"loc":{"start":{"line":683,"column":61},"end":{"line":707,"column":1}},"line":683}},"branchMap":{"0":{"loc":{"start":{"line":25,"column":4},"end":{"line":27,"column":5}},"type":"if","locations":[{"start":{"line":25,"column":4},"end":{"line":27,"column":5}},{"start":{},"end":{}}],"line":25},"1":{"loc":{"start":{"line":38,"column":6},"end":{"line":40,"column":7}},"type":"if","locations":[{"start":{"line":38,"column":6},"end":{"line":40,"column":7}},{"start":{},"end":{}}],"line":38},"2":{"loc":{"start":{"line":50,"column":6},"end":{"line":52,"column":7}},"type":"if","locations":[{"start":{"line":50,"column":6},"end":{"line":52,"column":7}},{"start":{},"end":{}}],"line":50},"3":{"loc":{"start":{"line":60,"column":53},"end":{"line":60,"column":66}},"type":"binary-expr","locations":[{"start":{"line":60,"column":53},"end":{"line":60,"column":58}},{"start":{"line":60,"column":62},"end":{"line":60,"column":66}}],"line":60},"4":{"loc":{"start":{"line":60,"column":78},"end":{"line":60,"column":94}},"type":"binary-expr","locations":[{"start":{"line":60,"column":78},"end":{"line":60,"column":86}},{"start":{"line":60,"column":90},"end":{"line":60,"column":94}}],"line":60},"5":{"loc":{"start":{"line":114,"column":4},"end":{"line":117,"column":5}},"type":"if","locations":[{"start":{"line":114,"column":4},"end":{"line":117,"column":5}},{"start":{},"end":{}}],"line":114},"6":{"loc":{"start":{"line":128,"column":6},"end":{"line":131,"column":7}},"type":"if","locations":[{"start":{"line":128,"column":6},"end":{"line":131,"column":7}},{"start":{},"end":{}}],"line":128},"7":{"loc":{"start":{"line":140,"column":6},"end":{"line":143,"column":7}},"type":"if","locations":[{"start":{"line":140,"column":6},"end":{"line":143,"column":7}},{"start":{},"end":{}}],"line":140},"8":{"loc":{"start":{"line":146,"column":6},"end":{"line":149,"column":7}},"type":"if","locations":[{"start":{"line":146,"column":6},"end":{"line":149,"column":7}},{"start":{},"end":{}}],"line":146},"9":{"loc":{"start":{"line":162,"column":6},"end":{"line":171,"column":7}},"type":"if","locations":[{"start":{"line":162,"column":6},"end":{"line":171,"column":7}},{"start":{},"end":{}}],"line":162},"10":{"loc":{"start":{"line":182,"column":20},"end":{"line":182,"column":41}},"type":"binary-expr","locations":[{"start":{"line":182,"column":20},"end":{"line":182,"column":33}},{"start":{"line":182,"column":37},"end":{"line":182,"column":41}}],"line":182},"11":{"loc":{"start":{"line":201,"column":4},"end":{"line":203,"column":5}},"type":"if","locations":[{"start":{"line":201,"column":4},"end":{"line":203,"column":5}},{"start":{},"end":{}}],"line":201},"12":{"loc":{"start":{"line":209,"column":4},"end":{"line":218,"column":5}},"type":"if","locations":[{"start":{"line":209,"column":4},"end":{"line":218,"column":5}},{"start":{},"end":{}}],"line":209},"13":{"loc":{"start":{"line":227,"column":16},"end":{"line":227,"column":37}},"type":"binary-expr","locations":[{"start":{"line":227,"column":16},"end":{"line":227,"column":29}},{"start":{"line":227,"column":33},"end":{"line":227,"column":37}}],"line":227},"14":{"loc":{"start":{"line":228,"column":25},"end":{"line":228,"column":58}},"type":"binary-expr","locations":[{"start":{"line":228,"column":25},"end":{"line":228,"column":49}},{"start":{"line":228,"column":53},"end":{"line":228,"column":58}}],"line":228},"15":{"loc":{"start":{"line":250,"column":4},"end":{"line":252,"column":5}},"type":"if","locations":[{"start":{"line":250,"column":4},"end":{"line":252,"column":5}},{"start":{},"end":{}}],"line":250},"16":{"loc":{"start":{"line":262,"column":6},"end":{"line":273,"column":7}},"type":"if","locations":[{"start":{"line":262,"column":6},"end":{"line":273,"column":7}},{"start":{},"end":{}}],"line":262},"17":{"loc":{"start":{"line":268,"column":8},"end":{"line":270,"column":9}},"type":"if","locations":[{"start":{"line":268,"column":8},"end":{"line":270,"column":9}},{"start":{},"end":{}}],"line":268},"18":{"loc":{"start":{"line":275,"column":6},"end":{"line":278,"column":7}},"type":"if","locations":[{"start":{"line":275,"column":6},"end":{"line":278,"column":7}},{"start":{},"end":{}}],"line":275},"19":{"loc":{"start":{"line":280,"column":6},"end":{"line":283,"column":7}},"type":"if","locations":[{"start":{"line":280,"column":6},"end":{"line":283,"column":7}},{"start":{},"end":{}}],"line":280},"20":{"loc":{"start":{"line":285,"column":6},"end":{"line":288,"column":7}},"type":"if","locations":[{"start":{"line":285,"column":6},"end":{"line":288,"column":7}},{"start":{},"end":{}}],"line":285},"21":{"loc":{"start":{"line":287,"column":26},"end":{"line":287,"column":39}},"type":"binary-expr","locations":[{"start":{"line":287,"column":26},"end":{"line":287,"column":31}},{"start":{"line":287,"column":35},"end":{"line":287,"column":39}}],"line":287},"22":{"loc":{"start":{"line":290,"column":6},"end":{"line":293,"column":7}},"type":"if","locations":[{"start":{"line":290,"column":6},"end":{"line":293,"column":7}},{"start":{},"end":{}}],"line":290},"23":{"loc":{"start":{"line":295,"column":6},"end":{"line":298,"column":7}},"type":"if","locations":[{"start":{"line":295,"column":6},"end":{"line":298,"column":7}},{"start":{},"end":{}}],"line":295},"24":{"loc":{"start":{"line":301,"column":6},"end":{"line":303,"column":7}},"type":"if","locations":[{"start":{"line":301,"column":6},"end":{"line":303,"column":7}},{"start":{},"end":{}}],"line":301},"25":{"loc":{"start":{"line":329,"column":20},"end":{"line":329,"column":48}},"type":"binary-expr","locations":[{"start":{"line":329,"column":20},"end":{"line":329,"column":40}},{"start":{"line":329,"column":44},"end":{"line":329,"column":48}}],"line":329},"26":{"loc":{"start":{"line":330,"column":29},"end":{"line":330,"column":69}},"type":"binary-expr","locations":[{"start":{"line":330,"column":29},"end":{"line":330,"column":60}},{"start":{"line":330,"column":64},"end":{"line":330,"column":69}}],"line":330},"27":{"loc":{"start":{"line":349,"column":4},"end":{"line":351,"column":5}},"type":"if","locations":[{"start":{"line":349,"column":4},"end":{"line":351,"column":5}},{"start":{},"end":{}}],"line":349},"28":{"loc":{"start":{"line":358,"column":6},"end":{"line":367,"column":7}},"type":"if","locations":[{"start":{"line":358,"column":6},"end":{"line":367,"column":7}},{"start":{},"end":{}}],"line":358},"29":{"loc":{"start":{"line":364,"column":8},"end":{"line":366,"column":9}},"type":"if","locations":[{"start":{"line":364,"column":8},"end":{"line":366,"column":9}},{"start":{},"end":{}}],"line":364},"30":{"loc":{"start":{"line":375,"column":6},"end":{"line":377,"column":7}},"type":"if","locations":[{"start":{"line":375,"column":6},"end":{"line":377,"column":7}},{"start":{},"end":{}}],"line":375},"31":{"loc":{"start":{"line":407,"column":4},"end":{"line":409,"column":5}},"type":"if","locations":[{"start":{"line":407,"column":4},"end":{"line":409,"column":5}},{"start":{},"end":{}}],"line":407},"32":{"loc":{"start":{"line":412,"column":4},"end":{"line":414,"column":5}},"type":"if","locations":[{"start":{"line":412,"column":4},"end":{"line":414,"column":5}},{"start":{},"end":{}}],"line":412},"33":{"loc":{"start":{"line":425,"column":6},"end":{"line":427,"column":7}},"type":"if","locations":[{"start":{"line":425,"column":6},"end":{"line":427,"column":7}},{"start":{},"end":{}}],"line":425},"34":{"loc":{"start":{"line":437,"column":6},"end":{"line":439,"column":7}},"type":"if","locations":[{"start":{"line":437,"column":6},"end":{"line":439,"column":7}},{"start":{},"end":{}}],"line":437},"35":{"loc":{"start":{"line":470,"column":6},"end":{"line":472,"column":7}},"type":"if","locations":[{"start":{"line":470,"column":6},"end":{"line":472,"column":7}},{"start":{},"end":{}}],"line":470},"36":{"loc":{"start":{"line":480,"column":6},"end":{"line":482,"column":7}},"type":"if","locations":[{"start":{"line":480,"column":6},"end":{"line":482,"column":7}},{"start":{},"end":{}}],"line":480},"37":{"loc":{"start":{"line":498,"column":6},"end":{"line":518,"column":7}},"type":"if","locations":[{"start":{"line":498,"column":6},"end":{"line":518,"column":7}},{"start":{},"end":{}}],"line":498},"38":{"loc":{"start":{"line":538,"column":6},"end":{"line":540,"column":7}},"type":"if","locations":[{"start":{"line":538,"column":6},"end":{"line":540,"column":7}},{"start":{},"end":{}}],"line":538},"39":{"loc":{"start":{"line":571,"column":4},"end":{"line":573,"column":5}},"type":"if","locations":[{"start":{"line":571,"column":4},"end":{"line":573,"column":5}},{"start":{},"end":{}}],"line":571},"40":{"loc":{"start":{"line":586,"column":6},"end":{"line":590,"column":7}},"type":"if","locations":[{"start":{"line":586,"column":6},"end":{"line":590,"column":7}},{"start":{},"end":{}}],"line":586},"41":{"loc":{"start":{"line":609,"column":78},"end":{"line":609,"column":99}},"type":"binary-expr","locations":[{"start":{"line":609,"column":78},"end":{"line":609,"column":91}},{"start":{"line":609,"column":95},"end":{"line":609,"column":99}}],"line":609},"42":{"loc":{"start":{"line":633,"column":4},"end":{"line":635,"column":5}},"type":"if","locations":[{"start":{"line":633,"column":4},"end":{"line":635,"column":5}},{"start":{},"end":{}}],"line":633},"43":{"loc":{"start":{"line":651,"column":6},"end":{"line":655,"column":7}},"type":"if","locations":[{"start":{"line":651,"column":6},"end":{"line":655,"column":7}},{"start":{},"end":{}}],"line":651},"44":{"loc":{"start":{"line":695,"column":4},"end":{"line":700,"column":5}},"type":"if","locations":[{"start":{"line":695,"column":4},"end":{"line":700,"column":5}},{"start":{},"end":{}}],"line":695}},"s":{"0":1,"1":1,"2":1,"3":1,"4":1,"5":1,"6":1,"7":1,"8":1,"9":1,"10":4,"11":4,"12":1,"13":3,"14":3,"15":3,"16":3,"17":1,"18":2,"19":2,"20":2,"21":1,"22":1,"23":1,"24":1,"25":1,"26":1,"27":1,"28":1,"29":0,"30":0,"31":1,"32":5,"33":5,"34":0,"35":0,"36":5,"37":5,"38":5,"39":5,"40":5,"41":1,"42":1,"43":4,"44":4,"45":4,"46":4,"47":4,"48":1,"49":1,"50":3,"51":0,"52":0,"53":3,"54":3,"55":3,"56":3,"57":2,"58":2,"59":3,"60":0,"61":0,"62":1,"63":1,"64":1,"65":1,"66":0,"67":1,"68":1,"69":1,"70":1,"71":1,"72":1,"73":0,"74":0,"75":1,"76":0,"77":0,"78":0,"79":0,"80":0,"81":0,"82":0,"83":0,"84":0,"85":0,"86":0,"87":0,"88":0,"89":0,"90":0,"91":0,"92":0,"93":0,"94":0,"95":0,"96":0,"97":0,"98":0,"99":0,"100":0,"101":0,"102":0,"103":0,"104":0,"105":0,"106":0,"107":0,"108":0,"109":0,"110":0,"111":0,"112":0,"113":1,"114":0,"115":0,"116":0,"117":0,"118":0,"119":0,"120":0,"121":0,"122":0,"123":0,"124":0,"125":0,"126":0,"127":0,"128":0,"129":0,"130":0,"131":1,"132":0,"133":0,"134":0,"135":0,"136":0,"137":0,"138":0,"139":0,"140":0,"141":0,"142":0,"143":0,"144":0,"145":0,"146":0,"147":0,"148":0,"149":0,"150":1,"151":0,"152":0,"153":0,"154":0,"155":0,"156":0,"157":0,"158":0,"159":0,"160":0,"161":0,"162":0,"163":0,"164":0,"165":0,"166":0,"167":0,"168":1,"169":0,"170":0,"171":0,"172":0,"173":0,"174":0,"175":0,"176":0,"177":1,"178":2,"179":2,"180":0,"181":2,"182":2,"183":2,"184":2,"185":1,"186":1,"187":1,"188":1,"189":1,"190":1,"191":1,"192":1,"193":0,"194":1,"195":0,"196":0,"197":1,"198":3,"199":3,"200":1,"201":2,"202":2,"203":2,"204":2,"205":2,"206":1,"207":1,"208":1,"209":1,"210":1,"211":1,"212":0,"213":0,"214":1,"215":2,"216":2,"217":2,"218":2,"219":2,"220":1,"221":1,"222":0,"223":0,"224":1},"f":{"0":4,"1":5,"2":1,"3":0,"4":0,"5":0,"6":0,"7":0,"8":2,"9":3,"10":2},"b":{"0":[1,3],"1":[1,2],"2":[1,1],"3":[1,1],"4":[1,1],"5":[0,5],"6":[1,4],"7":[1,3],"8":[0,3],"9":[2,1],"10":[3,3],"11":[0,1],"12":[1,0],"13":[1,1],"14":[1,1],"15":[0,0],"16":[0,0],"17":[0,0],"18":[0,0],"19":[0,0],"20":[0,0],"21":[0,0],"22":[0,0],"23":[0,0],"24":[0,0],"25":[0,0],"26":[0,0],"27":[0,0],"28":[0,0],"29":[0,0],"30":[0,0],"31":[0,0],"32":[0,0],"33":[0,0],"34":[0,0],"35":[0,0],"36":[0,0],"37":[0,0],"38":[0,0],"39":[0,2],"40":[1,1],"41":[1,1],"42":[1,2],"43":[1,1],"44":[1,1]},"_coverageSchema":"1a1c01bbd47fc00a2c39e90264f33305004495a9","hash":"96adabce8df79e39f8f50685d1ad1fc3965db946"}
,"/Users/Q247532/effective-fortnight/effective-fortnight/backend/routes/children.js": {"path":"/Users/Q247532/effective-fortnight/effective-fortnight/backend/routes/children.js","statementMap":{"0":{"start":{"line":1,"column":16},"end":{"line":1,"column":34}},"1":{"start":{"line":2,"column":35},"end":{"line":2,"column":63}},"2":{"start":{"line":3,"column":15},"end":{"line":3,"column":32}},"3":{"start":{"line":4,"column":11},"end":{"line":4,"column":40}},"4":{"start":{"line":5,"column":44},"end":{"line":5,"column":73}},"5":{"start":{"line":7,"column":15},"end":{"line":7,"column":31}},"6":{"start":{"line":11,"column":2},"end":{"line":11,"column":61}},"7":{"start":{"line":15,"column":0},"end":{"line":43,"column":3}},"8":{"start":{"line":16,"column":2},"end":{"line":42,"column":3}},"9":{"start":{"line":17,"column":23},"end":{"line":23,"column":5}},"10":{"start":{"line":26,"column":4},"end":{"line":36,"column":5}},"11":{"start":{"line":27,"column":24},"end":{"line":34,"column":7}},"12":{"start":{"line":35,"column":6},"end":{"line":35,"column":30}},"13":{"start":{"line":38,"column":4},"end":{"line":38,"column":23}},"14":{"start":{"line":40,"column":4},"end":{"line":40,"column":48}},"15":{"start":{"line":41,"column":4},"end":{"line":41,"column":64}},"16":{"start":{"line":46,"column":0},"end":{"line":64,"column":3}},"17":{"start":{"line":47,"column":20},"end":{"line":47,"column":30}},"18":{"start":{"line":49,"column":2},"end":{"line":51,"column":3}},"19":{"start":{"line":50,"column":4},"end":{"line":50,"column":60}},"20":{"start":{"line":53,"column":2},"end":{"line":63,"column":3}},"21":{"start":{"line":54,"column":23},"end":{"line":57,"column":5}},"22":{"start":{"line":59,"column":4},"end":{"line":59,"column":23}},"23":{"start":{"line":61,"column":4},"end":{"line":61,"column":57}},"24":{"start":{"line":62,"column":4},"end":{"line":62,"column":64}},"25":{"start":{"line":67,"column":0},"end":{"line":119,"column":2}},"26":{"start":{"line":75,"column":19},"end":{"line":75,"column":40}},"27":{"start":{"line":76,"column":4},"end":{"line":78,"column":5}},"28":{"start":{"line":77,"column":6},"end":{"line":77,"column":62}},"29":{"start":{"line":80,"column":36},"end":{"line":80,"column":44}},"30":{"start":{"line":82,"column":4},"end":{"line":117,"column":5}},"31":{"start":{"line":88,"column":21},"end":{"line":88,"column":26}},"32":{"start":{"line":90,"column":6},"end":{"line":97,"column":7}},"33":{"start":{"line":91,"column":8},"end":{"line":91,"column":54}},"34":{"start":{"line":92,"column":27},"end":{"line":95,"column":9}},"35":{"start":{"line":96,"column":8},"end":{"line":96,"column":41}},"36":{"start":{"line":100,"column":23},"end":{"line":103,"column":7}},"37":{"start":{"line":105,"column":6},"end":{"line":113,"column":9}},"38":{"start":{"line":115,"column":6},"end":{"line":115,"column":50}},"39":{"start":{"line":116,"column":6},"end":{"line":116,"column":64}},"40":{"start":{"line":122,"column":0},"end":{"line":175,"column":2}},"41":{"start":{"line":130,"column":19},"end":{"line":130,"column":40}},"42":{"start":{"line":131,"column":4},"end":{"line":133,"column":5}},"43":{"start":{"line":132,"column":6},"end":{"line":132,"column":62}},"44":{"start":{"line":135,"column":19},"end":{"line":135,"column":29}},"45":{"start":{"line":136,"column":36},"end":{"line":136,"column":44}},"46":{"start":{"line":138,"column":4},"end":{"line":173,"column":5}},"47":{"start":{"line":142,"column":22},"end":{"line":142,"column":24}},"48":{"start":{"line":143,"column":21},"end":{"line":143,"column":23}},"49":{"start":{"line":145,"column":6},"end":{"line":148,"column":7}},"50":{"start":{"line":146,"column":8},"end":{"line":146,"column":33}},"51":{"start":{"line":147,"column":8},"end":{"line":147,"column":26}},"52":{"start":{"line":149,"column":6},"end":{"line":152,"column":7}},"53":{"start":{"line":150,"column":8},"end":{"line":150,"column":43}},"54":{"start":{"line":151,"column":8},"end":{"line":151,"column":35}},"55":{"start":{"line":154,"column":6},"end":{"line":156,"column":7}},"56":{"start":{"line":155,"column":8},"end":{"line":155,"column":70}},"57":{"start":{"line":158,"column":6},"end":{"line":158,"column":22}},"58":{"start":{"line":160,"column":23},"end":{"line":163,"column":7}},"59":{"start":{"line":165,"column":6},"end":{"line":167,"column":7}},"60":{"start":{"line":166,"column":8},"end":{"line":166,"column":66}},"61":{"start":{"line":169,"column":6},"end":{"line":169,"column":58}},"62":{"start":{"line":171,"column":6},"end":{"line":171,"column":50}},"63":{"start":{"line":172,"column":6},"end":{"line":172,"column":64}},"64":{"start":{"line":178,"column":0},"end":{"line":224,"column":3}},"65":{"start":{"line":179,"column":17},"end":{"line":179,"column":27}},"66":{"start":{"line":181,"column":2},"end":{"line":223,"column":3}},"67":{"start":{"line":183,"column":23},"end":{"line":186,"column":5}},"68":{"start":{"line":188,"column":4},"end":{"line":190,"column":5}},"69":{"start":{"line":189,"column":6},"end":{"line":189,"column":64}},"70":{"start":{"line":193,"column":30},"end":{"line":208,"column":5}},"71":{"start":{"line":210,"column":4},"end":{"line":219,"column":7}},"72":{"start":{"line":213,"column":49},"end":{"line":218,"column":7}},"73":{"start":{"line":221,"column":4},"end":{"line":221,"column":57}},"74":{"start":{"line":222,"column":4},"end":{"line":222,"column":71}},"75":{"start":{"line":227,"column":0},"end":{"line":304,"column":3}},"76":{"start":{"line":228,"column":17},"end":{"line":228,"column":27}},"77":{"start":{"line":229,"column":23},"end":{"line":229,"column":55}},"78":{"start":{"line":231,"column":2},"end":{"line":303,"column":3}},"79":{"start":{"line":233,"column":23},"end":{"line":236,"column":5}},"80":{"start":{"line":238,"column":4},"end":{"line":240,"column":5}},"81":{"start":{"line":239,"column":6},"end":{"line":239,"column":64}},"82":{"start":{"line":242,"column":22},"end":{"line":242,"column":38}},"83":{"start":{"line":245,"column":30},"end":{"line":261,"column":5}},"84":{"start":{"line":264,"column":4},"end":{"line":264,"column":62}},"85":{"start":{"line":267,"column":4},"end":{"line":293,"column":5}},"86":{"start":{"line":269,"column":6},"end":{"line":272,"column":8}},"87":{"start":{"line":275,"column":6},"end":{"line":275,"column":68}},"88":{"start":{"line":278,"column":6},"end":{"line":292,"column":7}},"89":{"start":{"line":279,"column":25},"end":{"line":279,"column":48}},"90":{"start":{"line":280,"column":24},"end":{"line":282,"column":51}},"91":{"start":{"line":284,"column":24},"end":{"line":286,"column":480}},"92":{"start":{"line":288,"column":8},"end":{"line":288,"column":69}},"93":{"start":{"line":290,"column":8},"end":{"line":290,"column":78}},"94":{"start":{"line":295,"column":4},"end":{"line":299,"column":7}},"95":{"start":{"line":298,"column":45},"end":{"line":298,"column":52}},"96":{"start":{"line":301,"column":4},"end":{"line":301,"column":48}},"97":{"start":{"line":302,"column":4},"end":{"line":302,"column":62}},"98":{"start":{"line":307,"column":0},"end":{"line":327,"column":3}},"99":{"start":{"line":308,"column":2},"end":{"line":310,"column":3}},"100":{"start":{"line":309,"column":4},"end":{"line":309,"column":69}},"101":{"start":{"line":312,"column":2},"end":{"line":326,"column":3}},"102":{"start":{"line":313,"column":23},"end":{"line":320,"column":5}},"103":{"start":{"line":322,"column":4},"end":{"line":322,"column":23}},"104":{"start":{"line":324,"column":4},"end":{"line":324,"column":51}},"105":{"start":{"line":325,"column":4},"end":{"line":325,"column":64}},"106":{"start":{"line":329,"column":0},"end":{"line":329,"column":24}}},"fnMap":{"0":{"name":"generateRegistrationCode","decl":{"start":{"line":10,"column":9},"end":{"line":10,"column":33}},"loc":{"start":{"line":10,"column":36},"end":{"line":12,"column":1}},"line":10},"1":{"name":"(anonymous_1)","decl":{"start":{"line":15,"column":49},"end":{"line":15,"column":50}},"loc":{"start":{"line":15,"column":69},"end":{"line":43,"column":1}},"line":15},"2":{"name":"(anonymous_2)","decl":{"start":{"line":46,"column":47},"end":{"line":46,"column":48}},"loc":{"start":{"line":46,"column":67},"end":{"line":64,"column":1}},"line":46},"3":{"name":"(anonymous_3)","decl":{"start":{"line":74,"column":2},"end":{"line":74,"column":3}},"loc":{"start":{"line":74,"column":22},"end":{"line":118,"column":3}},"line":74},"4":{"name":"(anonymous_4)","decl":{"start":{"line":129,"column":2},"end":{"line":129,"column":3}},"loc":{"start":{"line":129,"column":22},"end":{"line":174,"column":3}},"line":129},"5":{"name":"(anonymous_5)","decl":{"start":{"line":178,"column":74},"end":{"line":178,"column":75}},"loc":{"start":{"line":178,"column":94},"end":{"line":224,"column":1}},"line":178},"6":{"name":"(anonymous_6)","decl":{"start":{"line":213,"column":43},"end":{"line":213,"column":44}},"loc":{"start":{"line":213,"column":49},"end":{"line":218,"column":7}},"line":213},"7":{"name":"(anonymous_7)","decl":{"start":{"line":227,"column":55},"end":{"line":227,"column":56}},"loc":{"start":{"line":227,"column":75},"end":{"line":304,"column":1}},"line":227},"8":{"name":"(anonymous_8)","decl":{"start":{"line":298,"column":40},"end":{"line":298,"column":41}},"loc":{"start":{"line":298,"column":45},"end":{"line":298,"column":52}},"line":298},"9":{"name":"(anonymous_9)","decl":{"start":{"line":307,"column":46},"end":{"line":307,"column":47}},"loc":{"start":{"line":307,"column":66},"end":{"line":327,"column":1}},"line":307}},"branchMap":{"0":{"loc":{"start":{"line":49,"column":2},"end":{"line":51,"column":3}},"type":"if","locations":[{"start":{"line":49,"column":2},"end":{"line":51,"column":3}},{"start":{},"end":{}}],"line":49},"1":{"loc":{"start":{"line":76,"column":4},"end":{"line":78,"column":5}},"type":"if","locations":[{"start":{"line":76,"column":4},"end":{"line":78,"column":5}},{"start":{},"end":{}}],"line":76},"2":{"loc":{"start":{"line":131,"column":4},"end":{"line":133,"column":5}},"type":"if","locations":[{"start":{"line":131,"column":4},"end":{"line":133,"column":5}},{"start":{},"end":{}}],"line":131},"3":{"loc":{"start":{"line":145,"column":6},"end":{"line":148,"column":7}},"type":"if","locations":[{"start":{"line":145,"column":6},"end":{"line":148,"column":7}},{"start":{},"end":{}}],"line":145},"4":{"loc":{"start":{"line":149,"column":6},"end":{"line":152,"column":7}},"type":"if","locations":[{"start":{"line":149,"column":6},"end":{"line":152,"column":7}},{"start":{},"end":{}}],"line":149},"5":{"loc":{"start":{"line":154,"column":6},"end":{"line":156,"column":7}},"type":"if","locations":[{"start":{"line":154,"column":6},"end":{"line":156,"column":7}},{"start":{},"end":{}}],"line":154},"6":{"loc":{"start":{"line":165,"column":6},"end":{"line":167,"column":7}},"type":"if","locations":[{"start":{"line":165,"column":6},"end":{"line":167,"column":7}},{"start":{},"end":{}}],"line":165},"7":{"loc":{"start":{"line":188,"column":4},"end":{"line":190,"column":5}},"type":"if","locations":[{"start":{"line":188,"column":4},"end":{"line":190,"column":5}},{"start":{},"end":{}}],"line":188},"8":{"loc":{"start":{"line":238,"column":4},"end":{"line":240,"column":5}},"type":"if","locations":[{"start":{"line":238,"column":4},"end":{"line":240,"column":5}},{"start":{},"end":{}}],"line":238},"9":{"loc":{"start":{"line":279,"column":25},"end":{"line":279,"column":48}},"type":"binary-expr","locations":[{"start":{"line":279,"column":25},"end":{"line":279,"column":40}},{"start":{"line":279,"column":44},"end":{"line":279,"column":48}}],"line":279},"10":{"loc":{"start":{"line":280,"column":24},"end":{"line":282,"column":51}},"type":"cond-expr","locations":[{"start":{"line":281,"column":12},"end":{"line":281,"column":46}},{"start":{"line":282,"column":12},"end":{"line":282,"column":51}}],"line":280},"11":{"loc":{"start":{"line":284,"column":24},"end":{"line":286,"column":480}},"type":"cond-expr","locations":[{"start":{"line":285,"column":12},"end":{"line":285,"column":514}},{"start":{"line":286,"column":12},"end":{"line":286,"column":480}}],"line":284},"12":{"loc":{"start":{"line":308,"column":2},"end":{"line":310,"column":3}},"type":"if","locations":[{"start":{"line":308,"column":2},"end":{"line":310,"column":3}},{"start":{},"end":{}}],"line":308}},"s":{"0":0,"1":0,"2":0,"3":0,"4":0,"5":0,"6":0,"7":0,"8":0,"9":0,"10":0,"11":0,"12":0,"13":0,"14":0,"15":0,"16":0,"17":0,"18":0,"19":0,"20":0,"21":0,"22":0,"23":0,"24":0,"25":0,"26":0,"27":0,"28":0,"29":0,"30":0,"31":0,"32":0,"33":0,"34":0,"35":0,"36":0,"37":0,"38":0,"39":0,"40":0,"41":0,"42":0,"43":0,"44":0,"45":0,"46":0,"47":0,"48":0,"49":0,"50":0,"51":0,"52":0,"53":0,"54":0,"55":0,"56":0,"57":0,"58":0,"59":0,"60":0,"61":0,"62":0,"63":0,"64":0,"65":0,"66":0,"67":0,"68":0,"69":0,"70":0,"71":0,"72":0,"73":0,"74":0,"75":0,"76":0,"77":0,"78":0,"79":0,"80":0,"81":0,"82":0,"83":0,"84":0,"85":0,"86":0,"87":0,"88":0,"89":0,"90":0,"91":0,"92":0,"93":0,"94":0,"95":0,"96":0,"97":0,"98":0,"99":0,"100":0,"101":0,"102":0,"103":0,"104":0,"105":0,"106":0},"f":{"0":0,"1":0,"2":0,"3":0,"4":0,"5":0,"6":0,"7":0,"8":0,"9":0},"b":{"0":[0,0],"1":[0,0],"2":[0,0],"3":[0,0],"4":[0,0],"5":[0,0],"6":[0,0],"7":[0,0],"8":[0,0],"9":[0,0],"10":[0,0],"11":[0,0],"12":[0,0]}}
,"/Users/Q247532/effective-fortnight/effective-fortnight/backend/routes/schedules.js": {"path":"/Users/Q247532/effective-fortnight/effective-fortnight/backend/routes/schedules.js","statementMap":{"0":{"start":{"line":1,"column":16},"end":{"line":1,"column":34}},"1":{"start":{"line":2,"column":35},"end":{"line":2,"column":63}},"2":{"start":{"line":3,"column":11},"end":{"line":3,"column":40}},"3":{"start":{"line":4,"column":44},"end":{"line":4,"column":73}},"4":{"start":{"line":5,"column":31},"end":{"line":5,"column":71}},"5":{"start":{"line":6,"column":28},"end":{"line":6,"column":62}},"6":{"start":{"line":8,"column":15},"end":{"line":8,"column":31}},"7":{"start":{"line":11,"column":0},"end":{"line":44,"column":3}},"8":{"start":{"line":12,"column":19},"end":{"line":12,"column":29}},"9":{"start":{"line":14,"column":2},"end":{"line":43,"column":3}},"10":{"start":{"line":15,"column":24},"end":{"line":20,"column":5}},"11":{"start":{"line":22,"column":4},"end":{"line":30,"column":5}},"12":{"start":{"line":24,"column":6},"end":{"line":29,"column":9}},"13":{"start":{"line":32,"column":21},"end":{"line":32,"column":33}},"14":{"start":{"line":33,"column":4},"end":{"line":39,"column":7}},"15":{"start":{"line":41,"column":4},"end":{"line":41,"column":48}},"16":{"start":{"line":42,"column":4},"end":{"line":42,"column":64}},"17":{"start":{"line":47,"column":0},"end":{"line":76,"column":3}},"18":{"start":{"line":48,"column":33},"end":{"line":48,"column":42}},"19":{"start":{"line":50,"column":2},"end":{"line":52,"column":3}},"20":{"start":{"line":51,"column":4},"end":{"line":51,"column":79}},"21":{"start":{"line":54,"column":2},"end":{"line":75,"column":3}},"22":{"start":{"line":55,"column":24},"end":{"line":61,"column":5}},"23":{"start":{"line":63,"column":28},"end":{"line":69,"column":7}},"24":{"start":{"line":63,"column":48},"end":{"line":69,"column":5}},"25":{"start":{"line":71,"column":4},"end":{"line":71,"column":30}},"26":{"start":{"line":73,"column":4},"end":{"line":73,"column":55}},"27":{"start":{"line":74,"column":4},"end":{"line":74,"column":65}},"28":{"start":{"line":79,"column":0},"end":{"line":211,"column":2}},"29":{"start":{"line":88,"column":19},"end":{"line":88,"column":40}},"30":{"start":{"line":89,"column":4},"end":{"line":91,"column":5}},"31":{"start":{"line":90,"column":6},"end":{"line":90,"column":62}},"32":{"start":{"line":93,"column":21},"end":{"line":93,"column":31}},"33":{"start":{"line":94,"column":42},"end":{"line":94,"column":50}},"34":{"start":{"line":97,"column":27},"end":{"line":102,"column":5}},"35":{"start":{"line":104,"column":28},"end":{"line":107,"column":5}},"36":{"start":{"line":105,"column":6},"end":{"line":106,"column":67}},"37":{"start":{"line":106,"column":39},"end":{"line":106,"column":66}},"38":{"start":{"line":109,"column":4},"end":{"line":113,"column":5}},"39":{"start":{"line":110,"column":6},"end":{"line":112,"column":9}},"40":{"start":{"line":116,"column":28},"end":{"line":116,"column":62}},"41":{"start":{"line":118,"column":4},"end":{"line":209,"column":5}},"42":{"start":{"line":120,"column":25},"end":{"line":123,"column":7}},"43":{"start":{"line":125,"column":28},"end":{"line":125,"column":33}},"44":{"start":{"line":126,"column":28},"end":{"line":126,"column":33}},"45":{"start":{"line":127,"column":24},"end":{"line":127,"column":28}},"46":{"start":{"line":128,"column":24},"end":{"line":128,"column":28}},"47":{"start":{"line":130,"column":6},"end":{"line":157,"column":7}},"48":{"start":{"line":132,"column":28},"end":{"line":132,"column":39}},"49":{"start":{"line":133,"column":8},"end":{"line":133,"column":49}},"50":{"start":{"line":134,"column":8},"end":{"line":134,"column":58}},"51":{"start":{"line":136,"column":8},"end":{"line":136,"column":56}},"52":{"start":{"line":137,"column":8},"end":{"line":137,"column":85}},"53":{"start":{"line":140,"column":8},"end":{"line":145,"column":10}},"54":{"start":{"line":148,"column":8},"end":{"line":152,"column":10}},"55":{"start":{"line":155,"column":8},"end":{"line":155,"column":31}},"56":{"start":{"line":156,"column":8},"end":{"line":156,"column":31}},"57":{"start":{"line":160,"column":6},"end":{"line":176,"column":7}},"58":{"start":{"line":161,"column":8},"end":{"line":175,"column":10}},"59":{"start":{"line":179,"column":6},"end":{"line":195,"column":7}},"60":{"start":{"line":180,"column":8},"end":{"line":194,"column":10}},"61":{"start":{"line":197,"column":6},"end":{"line":205,"column":9}},"62":{"start":{"line":207,"column":6},"end":{"line":207,"column":51}},"63":{"start":{"line":208,"column":6},"end":{"line":208,"column":65}},"64":{"start":{"line":214,"column":0},"end":{"line":318,"column":2}},"65":{"start":{"line":219,"column":19},"end":{"line":219,"column":40}},"66":{"start":{"line":220,"column":4},"end":{"line":222,"column":5}},"67":{"start":{"line":221,"column":6},"end":{"line":221,"column":62}},"68":{"start":{"line":224,"column":21},"end":{"line":224,"column":31}},"69":{"start":{"line":225,"column":30},"end":{"line":225,"column":38}},"70":{"start":{"line":227,"column":4},"end":{"line":316,"column":5}},"71":{"start":{"line":229,"column":26},"end":{"line":232,"column":7}},"72":{"start":{"line":235,"column":24},"end":{"line":235,"column":28}},"73":{"start":{"line":236,"column":6},"end":{"line":242,"column":7}},"74":{"start":{"line":238,"column":8},"end":{"line":238,"column":42}},"75":{"start":{"line":240,"column":8},"end":{"line":240,"column":58}},"76":{"start":{"line":241,"column":8},"end":{"line":241,"column":50}},"77":{"start":{"line":245,"column":30},"end":{"line":245,"column":64}},"78":{"start":{"line":247,"column":6},"end":{"line":262,"column":7}},"79":{"start":{"line":249,"column":8},"end":{"line":253,"column":10}},"80":{"start":{"line":256,"column":8},"end":{"line":261,"column":10}},"81":{"start":{"line":265,"column":6},"end":{"line":281,"column":7}},"82":{"start":{"line":266,"column":8},"end":{"line":280,"column":10}},"83":{"start":{"line":285,"column":6},"end":{"line":312,"column":7}},"84":{"start":{"line":286,"column":34},"end":{"line":286,"column":81}},"85":{"start":{"line":287,"column":8},"end":{"line":287,"column":87}},"86":{"start":{"line":289,"column":8},"end":{"line":298,"column":11}},"87":{"start":{"line":300,"column":8},"end":{"line":300,"column":85}},"88":{"start":{"line":302,"column":8},"end":{"line":311,"column":11}},"89":{"start":{"line":314,"column":6},"end":{"line":314,"column":53}},"90":{"start":{"line":315,"column":6},"end":{"line":315,"column":67}},"91":{"start":{"line":321,"column":0},"end":{"line":387,"column":2}},"92":{"start":{"line":326,"column":19},"end":{"line":326,"column":40}},"93":{"start":{"line":327,"column":4},"end":{"line":329,"column":5}},"94":{"start":{"line":328,"column":6},"end":{"line":328,"column":62}},"95":{"start":{"line":331,"column":21},"end":{"line":331,"column":31}},"96":{"start":{"line":332,"column":27},"end":{"line":332,"column":35}},"97":{"start":{"line":335,"column":24},"end":{"line":335,"column":44}},"98":{"start":{"line":336,"column":4},"end":{"line":339,"column":5}},"99":{"start":{"line":336,"column":31},"end":{"line":336,"column":54}},"100":{"start":{"line":338,"column":6},"end":{"line":338,"column":68}},"101":{"start":{"line":341,"column":4},"end":{"line":385,"column":5}},"102":{"start":{"line":343,"column":26},"end":{"line":346,"column":7}},"103":{"start":{"line":348,"column":26},"end":{"line":348,"column":27}},"104":{"start":{"line":349,"column":6},"end":{"line":351,"column":7}},"105":{"start":{"line":350,"column":8},"end":{"line":350,"column":52}},"106":{"start":{"line":354,"column":30},"end":{"line":354,"column":64}},"107":{"start":{"line":356,"column":6},"end":{"line":371,"column":7}},"108":{"start":{"line":358,"column":8},"end":{"line":362,"column":10}},"109":{"start":{"line":365,"column":8},"end":{"line":370,"column":10}},"110":{"start":{"line":373,"column":6},"end":{"line":381,"column":9}},"111":{"start":{"line":383,"column":6},"end":{"line":383,"column":53}},"112":{"start":{"line":384,"column":6},"end":{"line":384,"column":67}},"113":{"start":{"line":390,"column":0},"end":{"line":689,"column":3}},"114":{"start":{"line":391,"column":19},"end":{"line":391,"column":29}},"115":{"start":{"line":393,"column":2},"end":{"line":688,"column":3}},"116":{"start":{"line":395,"column":24},"end":{"line":398,"column":5}},"117":{"start":{"line":400,"column":21},"end":{"line":400,"column":41}},"118":{"start":{"line":401,"column":26},"end":{"line":401,"column":46}},"119":{"start":{"line":403,"column":4},"end":{"line":406,"column":5}},"120":{"start":{"line":404,"column":6},"end":{"line":404,"column":56}},"121":{"start":{"line":405,"column":6},"end":{"line":405,"column":66}},"122":{"start":{"line":409,"column":23},"end":{"line":429,"column":5}},"123":{"start":{"line":432,"column":32},"end":{"line":458,"column":9}},"124":{"start":{"line":433,"column":19},"end":{"line":433,"column":57}},"125":{"start":{"line":436,"column":29},"end":{"line":436,"column":55}},"126":{"start":{"line":437,"column":28},"end":{"line":437,"column":103}},"127":{"start":{"line":438,"column":8},"end":{"line":438,"column":50}},"128":{"start":{"line":438,"column":31},"end":{"line":438,"column":50}},"129":{"start":{"line":440,"column":8},"end":{"line":440,"column":63}},"130":{"start":{"line":442,"column":17},"end":{"line":458,"column":7}},"131":{"start":{"line":461,"column":28},"end":{"line":498,"column":6}},"132":{"start":{"line":462,"column":28},"end":{"line":477,"column":11}},"133":{"start":{"line":463,"column":21},"end":{"line":463,"column":47}},"134":{"start":{"line":464,"column":19},"end":{"line":477,"column":9}},"135":{"start":{"line":480,"column":29},"end":{"line":483,"column":14}},"136":{"start":{"line":481,"column":8},"end":{"line":482,"column":46}},"137":{"start":{"line":485,"column":24},"end":{"line":485,"column":55}},"138":{"start":{"line":488,"column":28},"end":{"line":488,"column":48}},"139":{"start":{"line":490,"column":6},"end":{"line":497,"column":8}},"140":{"start":{"line":501,"column":34},"end":{"line":501,"column":36}},"141":{"start":{"line":502,"column":33},"end":{"line":502,"column":35}},"142":{"start":{"line":503,"column":26},"end":{"line":503,"column":28}},"143":{"start":{"line":504,"column":28},"end":{"line":504,"column":30}},"144":{"start":{"line":507,"column":33},"end":{"line":509,"column":47}},"145":{"start":{"line":508,"column":19},"end":{"line":508,"column":30}},"146":{"start":{"line":509,"column":26},"end":{"line":509,"column":43}},"147":{"start":{"line":515,"column":30},"end":{"line":521,"column":8}},"148":{"start":{"line":516,"column":19},"end":{"line":516,"column":54}},"149":{"start":{"line":518,"column":8},"end":{"line":518,"column":36}},"150":{"start":{"line":518,"column":27},"end":{"line":518,"column":36}},"151":{"start":{"line":519,"column":8},"end":{"line":519,"column":37}},"152":{"start":{"line":519,"column":27},"end":{"line":519,"column":37}},"153":{"start":{"line":520,"column":8},"end":{"line":520,"column":63}},"154":{"start":{"line":523,"column":4},"end":{"line":596,"column":5}},"155":{"start":{"line":524,"column":25},"end":{"line":524,"column":45}},"156":{"start":{"line":525,"column":31},"end":{"line":525,"column":67}},"157":{"start":{"line":528,"column":6},"end":{"line":595,"column":7}},"158":{"start":{"line":530,"column":8},"end":{"line":581,"column":9}},"159":{"start":{"line":532,"column":10},"end":{"line":545,"column":13}},"160":{"start":{"line":548,"column":10},"end":{"line":548,"column":38}},"161":{"start":{"line":551,"column":33},"end":{"line":551,"column":90}},"162":{"start":{"line":551,"column":59},"end":{"line":551,"column":89}},"163":{"start":{"line":552,"column":10},"end":{"line":555,"column":11}},"164":{"start":{"line":553,"column":12},"end":{"line":553,"column":42}},"165":{"start":{"line":554,"column":12},"end":{"line":554,"column":42}},"166":{"start":{"line":559,"column":10},"end":{"line":562,"column":13}},"167":{"start":{"line":565,"column":28},"end":{"line":565,"column":77}},"168":{"start":{"line":565,"column":54},"end":{"line":565,"column":76}},"169":{"start":{"line":566,"column":10},"end":{"line":571,"column":11}},"170":{"start":{"line":567,"column":33},"end":{"line":567,"column":80}},"171":{"start":{"line":567,"column":62},"end":{"line":567,"column":79}},"172":{"start":{"line":568,"column":12},"end":{"line":570,"column":13}},"173":{"start":{"line":569,"column":14},"end":{"line":569,"column":62}},"174":{"start":{"line":574,"column":10},"end":{"line":580,"column":13}},"175":{"start":{"line":585,"column":8},"end":{"line":585,"column":39}},"176":{"start":{"line":588,"column":26},"end":{"line":588,"column":75}},"177":{"start":{"line":588,"column":52},"end":{"line":588,"column":74}},"178":{"start":{"line":589,"column":8},"end":{"line":594,"column":9}},"179":{"start":{"line":590,"column":31},"end":{"line":590,"column":78}},"180":{"start":{"line":590,"column":60},"end":{"line":590,"column":77}},"181":{"start":{"line":591,"column":10},"end":{"line":593,"column":11}},"182":{"start":{"line":592,"column":12},"end":{"line":592,"column":50}},"183":{"start":{"line":599,"column":4},"end":{"line":655,"column":5}},"184":{"start":{"line":601,"column":24},"end":{"line":601,"column":90}},"185":{"start":{"line":601,"column":50},"end":{"line":601,"column":89}},"186":{"start":{"line":603,"column":6},"end":{"line":603,"column":31}},"187":{"start":{"line":603,"column":22},"end":{"line":603,"column":31}},"188":{"start":{"line":607,"column":6},"end":{"line":654,"column":7}},"189":{"start":{"line":609,"column":8},"end":{"line":609,"column":46}},"190":{"start":{"line":612,"column":29},"end":{"line":612,"column":83}},"191":{"start":{"line":612,"column":58},"end":{"line":612,"column":82}},"192":{"start":{"line":613,"column":8},"end":{"line":615,"column":9}},"193":{"start":{"line":614,"column":10},"end":{"line":614,"column":48}},"194":{"start":{"line":618,"column":8},"end":{"line":618,"column":33}},"195":{"start":{"line":619,"column":8},"end":{"line":619,"column":33}},"196":{"start":{"line":620,"column":8},"end":{"line":620,"column":36}},"197":{"start":{"line":626,"column":11},"end":{"line":654,"column":7}},"198":{"start":{"line":628,"column":8},"end":{"line":631,"column":11}},"199":{"start":{"line":634,"column":29},"end":{"line":634,"column":83}},"200":{"start":{"line":634,"column":58},"end":{"line":634,"column":82}},"201":{"start":{"line":635,"column":8},"end":{"line":637,"column":9}},"202":{"start":{"line":636,"column":10},"end":{"line":636,"column":55}},"203":{"start":{"line":640,"column":8},"end":{"line":640,"column":49}},"204":{"start":{"line":643,"column":31},"end":{"line":643,"column":88}},"205":{"start":{"line":643,"column":57},"end":{"line":643,"column":87}},"206":{"start":{"line":644,"column":8},"end":{"line":647,"column":9}},"207":{"start":{"line":645,"column":10},"end":{"line":645,"column":40}},"208":{"start":{"line":646,"column":10},"end":{"line":646,"column":40}},"209":{"start":{"line":650,"column":8},"end":{"line":650,"column":36}},"210":{"start":{"line":653,"column":8},"end":{"line":653,"column":48}},"211":{"start":{"line":658,"column":4},"end":{"line":667,"column":5}},"212":{"start":{"line":659,"column":6},"end":{"line":666,"column":7}},"213":{"start":{"line":660,"column":8},"end":{"line":665,"column":10}},"214":{"start":{"line":670,"column":4},"end":{"line":676,"column":5}},"215":{"start":{"line":671,"column":6},"end":{"line":675,"column":8}},"216":{"start":{"line":678,"column":4},"end":{"line":684,"column":7}},"217":{"start":{"line":686,"column":4},"end":{"line":686,"column":57}},"218":{"start":{"line":687,"column":4},"end":{"line":687,"column":73}},"219":{"start":{"line":691,"column":0},"end":{"line":691,"column":24}}},"fnMap":{"0":{"name":"(anonymous_0)","decl":{"start":{"line":11,"column":45},"end":{"line":11,"column":46}},"loc":{"start":{"line":11,"column":65},"end":{"line":44,"column":1}},"line":11},"1":{"name":"(anonymous_1)","decl":{"start":{"line":47,"column":40},"end":{"line":47,"column":41}},"loc":{"start":{"line":47,"column":60},"end":{"line":76,"column":1}},"line":47},"2":{"name":"(anonymous_2)","decl":{"start":{"line":63,"column":42},"end":{"line":63,"column":43}},"loc":{"start":{"line":63,"column":48},"end":{"line":69,"column":5}},"line":63},"3":{"name":"(anonymous_3)","decl":{"start":{"line":87,"column":2},"end":{"line":87,"column":3}},"loc":{"start":{"line":87,"column":22},"end":{"line":210,"column":3}},"line":87},"4":{"name":"(anonymous_4)","decl":{"start":{"line":104,"column":48},"end":{"line":104,"column":49}},"loc":{"start":{"line":105,"column":6},"end":{"line":106,"column":67}},"line":105},"5":{"name":"(anonymous_5)","decl":{"start":{"line":106,"column":21},"end":{"line":106,"column":22}},"loc":{"start":{"line":106,"column":39},"end":{"line":106,"column":66}},"line":106},"6":{"name":"(anonymous_6)","decl":{"start":{"line":218,"column":2},"end":{"line":218,"column":3}},"loc":{"start":{"line":218,"column":22},"end":{"line":317,"column":3}},"line":218},"7":{"name":"(anonymous_7)","decl":{"start":{"line":325,"column":2},"end":{"line":325,"column":3}},"loc":{"start":{"line":325,"column":22},"end":{"line":386,"column":3}},"line":325},"8":{"name":"(anonymous_8)","decl":{"star
[...]
art":{"line":56,"column":4},"end":{"line":65,"column":6}},"7":{"start":{"line":58,"column":8},"end":{"line":58,"column":47}},"8":{"start":{"line":59,"column":8},"end":{"line":59,"column":43}},"9":{"start":{"line":60,"column":8},"end":{"line":60,"column":53}},"10":{"start":{"line":61,"column":8},"end":{"line":61,"column":47}},"11":{"start":{"line":62,"column":8},"end":{"line":62,"column":47}},"12":{"start":{"line":63,"column":8},"end":{"line":63,"column":55}},"13":{"start":{"line":76,"column":31},"end":{"line":156,"column":1}},"14":{"start":{"line":77,"column":22},"end":{"line":77,"column":41}},"15":{"start":{"line":80,"column":15},"end":{"line":80,"column":66}},"16":{"start":{"line":81,"column":12},"end":{"line":81,"column":30}},"17":{"start":{"line":84,"column":19},"end":{"line":84,"column":110}},"18":{"start":{"line":86,"column":22},"end":{"line":151,"column":3}},"19":{"start":{"line":153,"column":15},"end":{"line":153,"column":54}},"20":{"start":{"line":154,"column":2},"end":{"line":154,"column":83}},"21":{"start":{"line":155,"column":2},"end":{"line":155,"column":14}},"22":{"start":{"line":158,"column":0},"end":{"line":160,"column":2}}},"fnMap":{"0":{"name":"(anonymous_0)","decl":{"start":{"line":41,"column":26},"end":{"line":41,"column":27}},"loc":{"start":{"line":41,"column":32},"end":{"line":67,"column":1}},"line":41},"1":{"name":"(anonymous_1)","decl":{"start":{"line":57,"column":16},"end":{"line":57,"column":17}},"loc":{"start":{"line":57,"column":39},"end":{"line":64,"column":7}},"line":57},"2":{"name":"(anonymous_2)","decl":{"start":{"line":76,"column":31},"end":{"line":76,"column":32}},"loc":{"start":{"line":76,"column":92},"end":{"line":156,"column":1}},"line":76}},"branchMap":{"0":{"loc":{"start":{"line":43,"column":2},"end":{"line":66,"column":3}},"type":"if","locations":[{"start":{"line":43,"column":2},"end":{"line":66,"column":3}},{"start":{"line":53,"column":9},"end":{"line":66,"column":3}}],"line":43},"1":{"loc":{"start":{"line":43,"column":6},"end":{"line":43,"column":52}},"type":"binary-expr","locations":[{"start":{"line":43,"column":6},"end":{"line":43,"column":27}},{"start":{"line":43,"column":31},"end":{"line":43,"column":52}}],"line":43},"2":{"loc":{"start":{"line":76,"column":72},"end":{"line":76,"column":87}},"type":"default-arg","locations":[{"start":{"line":76,"column":83},"end":{"line":76,"column":87}}],"line":76},"3":{"loc":{"start":{"line":80,"column":15},"end":{"line":80,"column":66}},"type":"binary-expr","locations":[{"start":{"line":80,"column":15},"end":{"line":80,"column":42}},{"start":{"line":80,"column":46},"end":{"line":80,"column":66}}],"line":80},"4":{"loc":{"start":{"line":84,"column":22},"end":{"line":84,"column":73}},"type":"binary-expr","locations":[{"start":{"line":84,"column":22},"end":{"line":84,"column":46}},{"start":{"line":84,"column":50},"end":{"line":84,"column":73}}],"line":84},"5":{"loc":{"start":{"line":87,"column":10},"end":{"line":87,"column":58}},"type":"binary-expr","locations":[{"start":{"line":87,"column":10},"end":{"line":87,"column":31}},{"start":{"line":87,"column":35},"end":{"line":87,"column":58}}],"line":87}},"s":{"0":1,"1":1,"2":1,"3":13,"4":13,"5":0,"6":0,"7":0,"8":0,"9":0,"10":0,"11":0,"12":0,"13":1,"14":13,"15":13,"16":13,"17":13,"18":13,"19":13,"20":12,"21":12,"22":1},"f":{"0":13,"1":0,"2":13},"b":{"0":[13,0],"1":[13,13],"2":[13],"3":[13,0],"4":[13,0],"5":[13,0]},"_coverageSchema":"1a1c01bbd47fc00a2c39e90264f33305004495a9","hash":"8a27028244fa862429c3f0ad9f81cd3bc5d70373"}
,"/Users/Q247532/effective-fortnight/effective-fortnight/backend/utils/waitingListProcessor.js": {"path":"/Users/Q247532/effective-fortnight/effective-fortnight/backend/utils/waitingListProcessor.js","statementMap":{"0":{"start":{"line":1,"column":11},"end":{"line":1,"column":40}},"1":{"start":{"line":9,"column":19},"end":{"line":12,"column":3}},"2":{"start":{"line":13,"column":2},"end":{"line":13,"column":28}},"3":{"start":{"line":28,"column":18},"end":{"line":32,"column":3}},"4":{"start":{"line":34,"column":2},"end":{"line":272,"column":3}},"5":{"start":{"line":40,"column":32},"end":{"line":50,"column":5}},"6":{"start":{"line":52,"column":4},"end":{"line":52,"column":152}},"7":{"start":{"line":54,"column":4},"end":{"line":141,"column":5}},"8":{"start":{"line":58,"column":27},"end":{"line":66,"column":7}},"9":{"start":{"line":69,"column":38},"end":{"line":76,"column":7}},"10":{"start":{"line":78,"column":28},"end":{"line":78,"column":72}},"11":{"start":{"line":79,"column":30},"end":{"line":79,"column":78}},"12":{"start":{"line":81,"column":6},"end":{"line":81,"column":137}},"13":{"start":{"line":82,"column":6},"end":{"line":82,"column":136}},"14":{"start":{"line":83,"column":6},"end":{"line":83,"column":123}},"15":{"start":{"line":84,"column":6},"end":{"line":84,"column":168}},"16":{"start":{"line":84,"column":146},"end":{"line":84,"column":152}},"17":{"start":{"line":85,"column":6},"end":{"line":87,"column":7}},"18":{"start":{"line":86,"column":8},"end":{"line":86,"column":174}},"19":{"start":{"line":86,"column":119},"end":{"line":86,"column":158}},"20":{"start":{"line":89,"column":6},"end":{"line":140,"column":7}},"21":{"start":{"line":93,"column":8},"end":{"line":105,"column":9}},"22":{"start":{"line":94,"column":10},"end":{"line":97,"column":12}},"23":{"start":{"line":98,"column":15},"end":{"line":105,"column":9}},"24":{"start":{"line":99,"column":10},"end":{"line":104,"column":12}},"25":{"start":{"line":108,"column":8},"end":{"line":123,"column":10}},"26":{"start":{"line":125,"column":34},"end":{"line":127,"column":165}},"27":{"start":{"line":128,"column":8},"end":{"line":128,"column":152}},"28":{"start":{"line":130,"column":8},"end":{"line":135,"column":11}},"29":{"start":{"line":139,"column":8},"end":{"line":139,"column":130}},"30":{"start":{"line":145,"column":30},"end":{"line":154,"column":5}},"31":{"start":{"line":156,"column":4},"end":{"line":156,"column":104}},"32":{"start":{"line":158,"column":4},"end":{"line":260,"column":5}},"33":{"start":{"line":160,"column":24},"end":{"line":160,"column":29}},"34":{"start":{"line":161,"column":28},"end":{"line":161,"column":32}},"35":{"start":{"line":163,"column":6},"end":{"line":188,"column":7}},"36":{"start":{"line":164,"column":30},"end":{"line":164,"column":59}},"37":{"start":{"line":169,"column":29},"end":{"line":181,"column":9}},"38":{"start":{"line":183,"column":8},"end":{"line":187,"column":9}},"39":{"start":{"line":184,"column":10},"end":{"line":184,"column":29}},"40":{"start":{"line":185,"column":10},"end":{"line":185,"column":34}},"41":{"start":{"line":186,"column":10},"end":{"line":186,"column":16}},"42":{"start":{"line":190,"column":6},"end":{"line":259,"column":7}},"43":{"start":{"line":194,"column":33},"end":{"line":215,"column":9}},"44":{"start":{"line":217,"column":40},"end":{"line":217,"column":95}},"45":{"start":{"line":218,"column":38},"end":{"line":218,"column":86}},"46":{"start":{"line":221,"column":8},"end":{"line":226,"column":10}},"47":{"start":{"line":229,"column":8},"end":{"line":246,"column":10}},"48":{"start":{"line":248,"column":8},"end":{"line":248,"column":226}},"49":{"start":{"line":250,"column":8},"end":{"line":255,"column":11}},"50":{"start":{"line":257,"column":8},"end":{"line":257,"column":92}},"51":{"start":{"line":258,"column":8},"end":{"line":258,"column":14}},"52":{"start":{"line":262,"column":4},"end":{"line":266,"column":7}},"53":{"start":{"line":268,"column":4},"end":{"line":268,"column":19}},"54":{"start":{"line":270,"column":4},"end":{"line":270,"column":82}},"55":{"start":{"line":271,"column":4},"end":{"line":271,"column":16}},"56":{"start":{"line":286,"column":18},"end":{"line":288,"column":3}},"57":{"start":{"line":290,"column":2},"end":{"line":456,"column":3}},"58":{"start":{"line":291,"column":4},"end":{"line":291,"column":107}},"59":{"start":{"line":295,"column":25},"end":{"line":307,"column":5}},"60":{"start":{"line":309,"column":26},"end":{"line":309,"column":66}},"61":{"start":{"line":310,"column":4},"end":{"line":313,"column":5}},"62":{"start":{"line":311,"column":6},"end":{"line":311,"column":91}},"63":{"start":{"line":312,"column":6},"end":{"line":312,"column":21}},"64":{"start":{"line":316,"column":30},"end":{"line":325,"column":5}},"65":{"start":{"line":327,"column":4},"end":{"line":330,"column":5}},"66":{"start":{"line":328,"column":6},"end":{"line":328,"column":72}},"67":{"start":{"line":329,"column":6},"end":{"line":329,"column":21}},"68":{"start":{"line":332,"column":18},"end":{"line":332,"column":36}},"69":{"start":{"line":335,"column":4},"end":{"line":371,"column":5}},"70":{"start":{"line":337,"column":32},"end":{"line":350,"column":7}},"71":{"start":{"line":352,"column":33},"end":{"line":352,"column":77}},"72":{"start":{"line":353,"column":6},"end":{"line":370,"column":7}},"73":{"start":{"line":355,"column":8},"end":{"line":358,"column":10}},"74":{"start":{"line":360,"column":8},"end":{"line":360,"column":124}},"75":{"start":{"line":362,"column":8},"end":{"line":367,"column":11}},"76":{"start":{"line":369,"column":8},"end":{"line":369,"column":23}},"77":{"start":{"line":374,"column":34},"end":{"line":374,"column":38}},"78":{"start":{"line":375,"column":32},"end":{"line":375,"column":36}},"79":{"start":{"line":378,"column":4},"end":{"line":404,"column":5}},"80":{"start":{"line":379,"column":35},"end":{"line":385,"column":7}},"81":{"start":{"line":387,"column":6},"end":{"line":403,"column":7}},"82":{"start":{"line":390,"column":8},"end":{"line":402,"column":9}},"83":{"start":{"line":392,"column":10},"end":{"line":392,"column":86}},"84":{"start":{"line":393,"column":10},"end":{"line":393,"column":39}},"85":{"start":{"line":394,"column":15},"end":{"line":402,"column":9}},"86":{"start":{"line":396,"column":10},"end":{"line":396,"column":41}},"87":{"start":{"line":397,"column":10},"end":{"line":397,"column":81}},"88":{"start":{"line":400,"column":10},"end":{"line":400,"column":53}},"89":{"start":{"line":401,"column":10},"end":{"line":401,"column":39}},"90":{"start":{"line":407,"column":4},"end":{"line":434,"column":5}},"91":{"start":{"line":408,"column":31},"end":{"line":430,"column":7}},"92":{"start":{"line":432,"column":6},"end":{"line":432,"column":88}},"93":{"start":{"line":433,"column":6},"end":{"line":433,"column":80}},"94":{"start":{"line":436,"column":4},"end":{"line":441,"column":6}},"95":{"start":{"line":443,"column":4},"end":{"line":443,"column":203}},"96":{"start":{"line":445,"column":4},"end":{"line":450,"column":7}},"97":{"start":{"line":452,"column":4},"end":{"line":452,"column":19}},"98":{"start":{"line":454,"column":4},"end":{"line":454,"column":82}},"99":{"start":{"line":455,"column":4},"end":{"line":455,"column":16}},"100":{"start":{"line":459,"column":0},"end":{"line":462,"column":2}}},"fnMap":{"0":{"name":"getGroupCapacity","decl":{"start":{"line":8,"column":15},"end":{"line":8,"column":31}},"loc":{"start":{"line":8,"column":39},"end":{"line":14,"column":1}},"line":8},"1":{"name":"processWaitingList","decl":{"start":{"line":27,"column":15},"end":{"line":27,"column":33}},"loc":{"start":{"line":27,"column":57},"end":{"line":273,"column":1}},"line":27},"2":{"name":"(anonymous_2)","decl":{"start":{"line":84,"column":141},"end":{"line":84,"column":142}},"loc":{"start":{"line":84,"column":146},"end":{"line":84,"column":152}},"line":84},"3":{"name":"(anonymous_3)","decl":{"start":{"line":86,"column":114},"end":{"line":86,"column":115}},"loc":{"start":{"line":86,"column":119},"end":{"line":86,"column":158}},"line":86},"4":{"name":"processSlotGiveUp","decl":{"start":{"line":285,"column":15},"end":{"line":285,"column":32}},"loc":{"start":{"line":285,"column":99},"end":{"line":457,"column":1}},"line":285}},"branchMap":{"0":{"loc":{"start":{"line":85,"column":6},"end":{"line":87,"column":7}},"type":"if","locations":[{"start":{"line":85,"column":6},"end":{"line":87,"column":7}},{"start":{},"end":{}}],"line":85},"1":{"loc":{"start":{"line":89,"column":6},"end":{"line":140,"column":7}},"type":"if","locations":[{"start":{"line":89,"column":6},"end":{"line":140,"column":7}},{"start":{"line":136,"column":13},"end":{"line":140,"column":7}}],"line":89},"2":{"loc":{"start":{"line":93,"column":8},"end":{"line":105,"column":9}},"type":"if","locations":[{"start":{"line":93,"column":8},"end":{"line":105,"column":9}},{"start":{"line":98,"column":15},"end":{"line":105,"column":9}}],"line":93},"3":{"loc":{"start":{"line":98,"column":15},"end":{"line":105,"column":9}},"type":"if","locations":[{"start":{"line":98,"column":15},"end":{"line":105,"column":9}},{"start":{},"end":{}}],"line":98},"4":{"loc":{"start":{"line":98,"column":19},"end":{"line":98,"column":120}},"type":"binary-expr","locations":[{"start":{"line":98,"column":19},"end":{"line":98,"column":47}},{"start":{"line":98,"column":52},"end":{"line":98,"column":85}},{"start":{"line":98,"column":89},"end":{"line":98,"column":119}}],"line":98},"5":{"loc":{"start":{"line":120,"column":30},"end":{"line":120,"column":105}},"type":"binary-expr","locations":[{"start":{"line":120,"column":30},"end":{"line":120,"column":63}},{"start":{"line":120,"column":67},"end":{"line":120,"column":97}},{"start":{"line":120,"column":101},"end":{"line":120,"column":105}}],"line":120},"6":{"loc":{"start":{"line":125,"column":34},"end":{"line":127,"column":165}},"type":"cond-expr","locations":[{"start":{"line":126,"column":12},"end":{"line":126,"column":31}},{"start":{"line":127,"column":12},"end":{"line":127,"column":165}}],"line":125},"7":{"loc":{"start":{"line":127,"column":26},"end":{"line":127,"column":162}},"type":"cond-expr","locations":[{"start":{"line":127,"column":62},"end":{"line":127,"column":113}},{"start":{"line":127,"column":116},"end":{"line":127,"column":162}}],"line":127},"8":{"loc":{"start":{"line":153,"column":13},"end":{"line":153,"column":68}},"type":"cond-expr","locations":[{"start":{"line":153,"column":42},"end":{"line":153,"column":57}},{"start":{"line":153,"column":60},"end":{"line":153,"column":68}}],"line":153},"9":{"loc":{"start":{"line":183,"column":8},"end":{"line":187,"column":9}},"type":"if","locations":[{"start":{"line":183,"column":8},"end":{"line":187,"column":9}},{"start":{},"end":{}}],"line":183},"10":{"loc":{"start":{"line":190,"column":6},"end":{"line":259,"column":7}},"type":"if","locations":[{"start":{"line":190,"column":6},"end":{"line":259,"column":7}},{"start":{"line":256,"column":13},"end":{"line":259,"column":7}}],"line":190},"11":{"loc":{"start":{"line":217,"column":40},"end":{"line":217,"column":95}},"type":"cond-expr","locations":[{"start":{"line":217,"column":68},"end":{"line":217,"column":88}},{"start":{"line":217,"column":91},"end":{"line":217,"column":95}}],"line":217},"12":{"loc":{"start":{"line":218,"column":38},"end":{"line":218,"column":86}},"type":"cond-expr","locations":[{"start":{"line":218,"column":64},"end":{"line":218,"column":68}},{"start":{"line":218,"column":71},"end":{"line":218,"column":86}}],"line":218},"13":{"loc":{"start":{"line":243,"column":45},"end":{"line":243,"column":102}},"type":"cond-expr","locations":[{"start":{"line":243,"column":73},"end":{"line":243,"column":95}},{"start":{"line":243,"column":98},"end":{"line":243,"column":102}}],"line":243},"14":{"loc":{"start":{"line":248,"column":137},"end":{"line":248,"column":222}},"type":"cond-expr","locations":[{"start":{"line":248,"column":163},"end":{"line":248,"column":217}},{"start":{"line":248,"column":220},"end":{"line":248,"column":222}}],"line":248},"15":{"loc":{"start":{"line":285,"column":74},"end":{"line":285,"column":97}},"type":"default-arg","locations":[{"start":{"line":285,"column":93},"end":{"line":285,"column":97}}],"line":285},"16":{"loc":{"start":{"line":310,"column":4},"end":{"line":313,"column":5}},"type":"if","locations":[{"start":{"line":310,"column":4},"end":{"line":313,"column":5}},{"start":{},"end":{}}],"line":310},"17":{"loc":{"start":{"line":327,"column":4},"end":{"line":330,"column":5}},"type":"if","locations":[{"start":{"line":327,"column":4},"end":{"line":330,"column":5}},{"start":{},"end":{}}],"line":327},"18":{"loc":{"start":{"line":335,"column":4},"end":{"line":371,"column":5}},"type":"if","locations":[{"start":{"line":335,"column":4},"end":{"line":371,"column":5}},{"start":{},"end":{}}],"line":335},"19":{"loc":{"start":{"line":353,"column":6},"end":{"line":370,"column":7}},"type":"if","locations":[{"start":{"line":353,"column":6},"end":{"line":370,"column":7}},{"start":{},"end":{}}],"line":353},"20":{"loc":{"start":{"line":378,"column":4},"end":{"line":404,"column":5}},"type":"if","locations":[{"start":{"line":378,"column":4},"end":{"line":404,"column":5}},{"start":{},"end":{}}],"line":378},"21":{"loc":{"start":{"line":387,"column":6},"end":{"line":403,"column":7}},"type":"if","locations":[{"start":{"line":387,"column":6},"end":{"line":403,"column":7}},{"start":{},"end":{}}],"line":387},"22":{"loc":{"start":{"line":387,"column":10},"end":{"line":387,"column":100}},"type":"binary-expr","locations":[{"start":{"line":387,"column":10},"end":{"line":387,"column":39}},{"start":{"line":387,"column":43},"end":{"line":387,"column":100}}],"line":387},"23":{"loc":{"start":{"line":390,"column":8},"end":{"line":402,"column":9}},"type":"if","locations":[{"start":{"line":390,"column":8},"end":{"line":402,"column":9}},{"start":{"line":394,"column":15},"end":{"line":402,"column":9}}],"line":390},"24":{"loc":{"start":{"line":394,"column":15},"end":{"line":402,"column":9}},"type":"if","locations":[{"start":{"line":394,"column":15},"end":{"line":402,"column":9}},{"start":{"line":398,"column":15},"end":{"line":402,"column":9}}],"line":394},"25":{"loc":{"start":{"line":407,"column":4},"end":{"line":434,"column":5}},"type":"if","locations":[{"start":{"line":407,"column":4},"end":{"line":434,"column":5}},{"start":{},"end":{}}],"line":407},"26":{"loc":{"start":{"line":407,"column":8},"end":{"line":407,"column":58}},"type":"binary-expr","locations":[{"start":{"line":407,"column":8},"end":{"line":407,"column":32}},{"start":{"line":407,"column":36},"end":{"line":407,"column":58}}],"line":407},"27":{"loc":{"start":{"line":432,"column":32},"end":{"line":432,"column":87}},"type":"cond-expr","locations":[{"start":{"line":432,"column":60},"end":{"line":432,"column":80}},{"start":{"line":432,"column":83},"end":{"line":432,"column":87}}],"line":432},"28":{"loc":{"start":{"line":433,"column":30},"end":{"line":433,"column":79}},"type":"cond-expr","locations":[{"start":{"line":433,"column":56},"end":{"line":433,"column":60}},{"start":{"line":433,"column":63},"end":{"line":433,"column":79}}],"line":433},"29":{"loc":{"start":{"line":443,"column":114},"end":{"line":443,"column":199}},"type":"cond-expr","locations":[{"start":{"line":443,"column":140},"end":{"line":443,"column":194}},{"start":{"line":443,"column":197},"end":{"line":443,"column":199}}],"line":443}},"s":{"0":1,"1":1,"2":1,"3":1,"4":1,"5":1,"6":1,"7":1,"8":0,"9":0,"10":0,"11":0,"12":0,"13":0,"14":0,"15":0,"16":0,"17":0,"18":0,"19":0,"20":0,"21":0,"22":0,"23":0,"24":0,"25":0,"26":0,"27":0,"28":0,"29":0,"30":1,"31":1,"32":1,"33":0,"34":0,"35":0,"36":0,"37":0,"38":0,"39":0,"40":0,"41":0,"42":0,"43":0,"44":0,"45":0,"46":0,"47":0,"48":0,"49":0,"50":0,"51":0,"52":1,"53":1,"54":0,"55":0,"56":1,"57":1,"58":1,"59":1,"60":1,"61":1,"62":0,"63":0,"64":1,"65":1,"66":1,"67":1,"68":0,"69":0,"70":0,"71":0,"72":0,"73":0,"74":0,"75":0,"76":0,"77":0,"78":0,"79":0,"80":0,"81":0,"82":0,"83":0,"84":0,"85":0,"86":0,"87":0,"88":0,"89":0,"90":0,"91":0,"92":0,"93":0,"94":0,"95":0,"96":0,"97":0,"98":0,"99":0,"100":1},"f":{"0":1,"1":1,"2":0,"3":0,"4":1},"b":{"0":[0,0],"1":[0,0],"2":[0,0],"3":[0,0],"4":[0,0,0],"5":[0,0,0],"6":[0,0],"7":[0,0],"8":[1,0],"9":[0,0],"10":[0,0],"11":[0,0],"12":[0,0],"13":[0,0],"14":[0,0],"15":[1],"16":[0,1],"17":[1,0],"18":[0,0],"19":[0,0],"20":[0,0],"21":[0,0],"22":[0,0],"23":[0,0],"24":[0,0],"25":[0,0],"26":[0,0],"27":[0,0],"28":[0,0],"29":[0,0]},"_coverageSchema":"1a1c01bbd47fc00a2c39e90264f33305004495a9","hash":"5562dc2609c80297d939ab6f54b7063aed98c4de"}
}
