TN:
SF:middleware/auth.js
FN:4,(anonymous_0)
FN:12,(anonymous_1)
FN:22,(anonymous_2)
FN:30,(anonymous_3)
FNF:4
FNH:3
FNDA:13,(anonymous_0)
FNDA:10,(anonymous_1)
FNDA:7,(anonymous_2)
FNDA:0,(anonymous_3)
DA:1,2
DA:4,2
DA:5,13
DA:6,13
DA:8,13
DA:9,3
DA:12,10
DA:13,10
DA:14,4
DA:16,6
DA:17,6
DA:22,2
DA:23,7
DA:24,5
DA:26,2
DA:30,2
DA:31,0
DA:32,0
DA:34,0
DA:37,2
LF:20
LH:17
BRDA:6,0,0,13
BRDA:6,0,1,11
BRDA:8,1,0,3
BRDA:8,1,1,10
BRDA:13,2,0,4
BRDA:13,2,1,6
BRDA:23,3,0,5
BRDA:23,3,1,2
BRDA:31,4,0,0
BRDA:31,4,1,0
BRF:10
BRH:8
end_of_record
TN:
SF:routes/attendance.js
FN:9,(anonymous_0)
FN:69,(anonymous_1)
FN:252,(anonymous_2)
FN:266,(anonymous_3)
FNF:4
FNH:0
FNDA:0,(anonymous_0)
FNDA:0,(anonymous_1)
FNDA:0,(anonymous_2)
FNDA:0,(anonymous_3)
DA:1,0
DA:2,0
DA:3,0
DA:4,0
DA:6,0
DA:9,0
DA:10,0
DA:12,0
DA:14,0
DA:15,0
DA:19,0
DA:20,0
DA:24,0
DA:32,0
DA:33,0
DA:43,0
DA:56,0
DA:57,0
DA:62,0
DA:70,0
DA:71,0
DA:72,0
DA:75,0
DA:76,0
DA:77,0
DA:79,0
DA:81,0
DA:85,0
DA:86,0
DA:90,0
DA:95,0
DA:97,0
DA:105,0
DA:113,0
DA:114,0
DA:115,0
DA:118,0
DA:119,0
DA:121,0
DA:122,0
DA:123,0
DA:126,0
DA:130,0
DA:132,0
DA:133,0
DA:134,0
DA:136,0
DA:138,0
DA:139,0
DA:142,0
DA:143,0
DA:144,0
DA:152,0
DA:154,0
DA:155,0
DA:157,0
DA:163,0
DA:165,0
DA:170,0
DA:171,0
DA:173,0
DA:174,0
DA:181,0
DA:183,0
DA:184,0
DA:185,0
DA:186,0
DA:190,0
DA:191,0
DA:193,0
DA:199,0
DA:201,0
DA:207,0
DA:209,0
DA:216,0
DA:218,0
DA:219,0
DA:222,0
DA:238,0
DA:239,0
DA:246,0
DA:252,0
DA:253,0
DA:255,0
DA:256,0
DA:266,0
DA:279,0
DA:280,0
DA:284,0
LF:89
LH:0
BRDA:14,0,0,0
BRDA:14,0,1,0
BRDA:19,1,0,0
BRDA:19,1,1,0
BRDA:32,2,0,0
BRDA:32,2,1,0
BRDA:71,3,0,0
BRDA:71,3,1,0
BRDA:85,4,0,0
BRDA:85,4,1,0
BRDA:95,5,0,0
BRDA:95,5,1,0
BRDA:113,6,0,0
BRDA:113,6,1,0
BRDA:121,7,0,0
BRDA:121,7,1,0
BRDA:133,8,0,0
BRDA:133,8,1,0
BRDA:142,9,0,0
BRDA:142,9,1,0
BRDA:154,10,0,0
BRDA:154,10,1,0
BRDA:183,11,0,0
BRDA:183,11,1,0
BRDA:190,12,0,0
BRDA:190,12,1,0
BRDA:218,13,0,0
BRDA:218,13,1,0
BRF:28
BRH:0
end_of_record
TN:
SF:routes/auth.js
FN:22,(anonymous_0)
FN:111,(anonymous_1)
FN:192,(anonymous_2)
FN:242,(anonymous_3)
FN:291,(anonymous_4)
FN:349,(anonymous_5)
FN:411,(anonymous_6)
FN:473,(anonymous_7)
FN:525,(anonymous_8)
FNF:9
FNH:6
FNDA:4,(anonymous_0)
FNDA:5,(anonymous_1)
FNDA:1,(anonymous_2)
FNDA:0,(anonymous_3)
FNDA:0,(anonymous_4)
FNDA:0,(anonymous_5)
FNDA:2,(anonymous_6)
FNDA:3,(anonymous_7)
FNDA:2,(anonymous_8)
DA:1,1
DA:2,1
DA:3,1
DA:4,1
DA:5,1
DA:6,1
DA:7,1
DA:8,1
DA:10,1
DA:13,1
DA:23,4
DA:24,4
DA:25,1
DA:28,3
DA:30,3
DA:32,3
DA:37,3
DA:38,1
DA:41,2
DA:44,2
DA:49,2
DA:50,1
DA:54,1
DA:57,1
DA:62,1
DA:65,1
DA:71,1
DA:78,1
DA:86,1
DA:99,0
DA:100,0
DA:106,1
DA:112,5
DA:113,5
DA:114,0
DA:115,0
DA:118,5
DA:119,5
DA:121,5
DA:122,5
DA:127,5
DA:128,1
DA:129,1
DA:132,4
DA:133,4
DA:136,4
DA:137,4
DA:139,4
DA:140,1
DA:141,1
DA:145,3
DA:146,0
DA:147,0
DA:151,3
DA:157,3
DA:160,3
DA:161,3
DA:162,2
DA:169,2
DA:172,3
DA:185,0
DA:186,0
DA:192,1
DA:193,1
DA:194,1
DA:199,1
DA:200,0
DA:203,1
DA:206,1
DA:207,1
DA:208,1
DA:215,1
DA:218,1
DA:228,0
DA:229,0
DA:234,1
DA:243,0
DA:244,0
DA:245,0
DA:248,0
DA:250,0
DA:252,0
DA:257,0
DA:258,0
DA:262,0
DA:267,0
DA:279,0
DA:280,0
DA:286,1
DA:292,0
DA:293,0
DA:294,0
DA:297,0
DA:298,0
DA:300,0
DA:302,0
DA:303,0
DA:308,0
DA:309,0
DA:314,0
DA:319,0
DA:320,0
DA:324,0
DA:329,0
DA:337,0
DA:338,0
DA:344,1
DA:350,0
DA:351,0
DA:352,0
DA:356,0
DA:357,0
DA:360,0
DA:362,0
DA:364,0
DA:369,0
DA:370,0
DA:373,0
DA:376,0
DA:381,0
DA:382,0
DA:386,0
DA:391,0
DA:400,0
DA:401,0
DA:407,1
DA:412,2
DA:413,2
DA:414,0
DA:417,2
DA:419,2
DA:421,2
DA:428,2
DA:429,1
DA:434,1
DA:437,1
DA:438,1
DA:441,1
DA:444,1
DA:450,1
DA:451,1
DA:453,0
DA:457,1
DA:461,0
DA:462,0
DA:468,1
DA:474,3
DA:475,3
DA:476,1
DA:479,2
DA:481,2
DA:483,2
DA:486,2
DA:493,2
DA:494,1
DA:499,1
DA:502,1
DA:505,1
DA:511,1
DA:516,1
DA:518,0
DA:519,0
DA:525,1
DA:526,2
DA:528,2
DA:529,2
DA:531,2
DA:537,2
DA:538,1
DA:544,1
DA:546,0
DA:547,0
DA:551,1
LF:173
LH:107
BRDA:24,0,0,1
BRDA:24,0,1,3
BRDA:37,1,0,1
BRDA:37,1,1,2
BRDA:49,2,0,1
BRDA:49,2,1,1
BRDA:59,3,0,1
BRDA:59,3,1,1
BRDA:113,4,0,0
BRDA:113,4,1,5
BRDA:127,5,0,1
BRDA:127,5,1,4
BRDA:139,6,0,1
BRDA:139,6,1,3
BRDA:145,7,0,0
BRDA:145,7,1,3
BRDA:161,8,0,2
BRDA:161,8,1,1
BRDA:199,9,0,0
BRDA:199,9,1,1
BRDA:207,10,0,1
BRDA:207,10,1,0
BRDA:244,11,0,0
BRDA:244,11,1,0
BRDA:257,12,0,0
BRDA:257,12,1,0
BRDA:264,13,0,0
BRDA:264,13,1,0
BRDA:293,14,0,0
BRDA:293,14,1,0
BRDA:302,15,0,0
BRDA:302,15,1,0
BRDA:308,16,0,0
BRDA:308,16,1,0
BRDA:319,17,0,0
BRDA:319,17,1,0
BRDA:351,18,0,0
BRDA:351,18,1,0
BRDA:356,19,0,0
BRDA:356,19,1,0
BRDA:369,20,0,0
BRDA:369,20,1,0
BRDA:381,21,0,0
BRDA:381,21,1,0
BRDA:413,22,0,0
BRDA:413,22,1,2
BRDA:428,23,0,1
BRDA:428,23,1,1
BRDA:475,24,0,1
BRDA:475,24,1,2
BRDA:493,25,0,1
BRDA:493,25,1,1
BRDA:537,26,0,1
BRDA:537,26,1,1
BRF:54
BRH:27
end_of_record
TN:
SF:routes/children.js
FN:10,generateRegistrationCode
FN:15,(anonymous_1)
FN:46,(anonymous_2)
FN:74,(anonymous_3)
FN:139,(anonymous_4)
FN:213,(anonymous_5)
FN:231,(anonymous_6)
FNF:7
FNH:0
FNDA:0,generateRegistrationCode
FNDA:0,(anonymous_1)
FNDA:0,(anonymous_2)
FNDA:0,(anonymous_3)
FNDA:0,(anonymous_4)
FNDA:0,(anonymous_5)
FNDA:0,(anonymous_6)
DA:1,0
DA:2,0
DA:3,0
DA:4,0
DA:5,0
DA:7,0
DA:11,0
DA:15,0
DA:16,0
DA:17,0
DA:26,0
DA:27,0
DA:35,0
DA:38,0
DA:40,0
DA:41,0
DA:46,0
DA:47,0
DA:49,0
DA:50,0
DA:53,0
DA:54,0
DA:59,0
DA:61,0
DA:62,0
DA:67,0
DA:75,0
DA:76,0
DA:77,0
DA:80,0
DA:81,0
DA:83,0
DA:85,0
DA:90,0
DA:91,0
DA:98,0
DA:100,0
DA:101,0
DA:102,0
DA:106,0
DA:110,0
DA:115,0
DA:125,0
DA:126,0
DA:132,0
DA:140,0
DA:141,0
DA:142,0
DA:145,0
DA:146,0
DA:147,0
DA:149,0
DA:151,0
DA:153,0
DA:158,0
DA:159,0
DA:163,0
DA:164,0
DA:169,0
DA:170,0
DA:177,0
DA:178,0
DA:180,0
DA:181,0
DA:182,0
DA:184,0
DA:185,0
DA:186,0
DA:189,0
DA:190,0
DA:193,0
DA:195,0
DA:200,0
DA:201,0
DA:204,0
DA:206,0
DA:207,0
DA:213,0
DA:214,0
DA:216,0
DA:217,0
DA:219,0
DA:220,0
DA:223,0
DA:225,0
DA:226,0
DA:231,0
DA:232,0
DA:233,0
DA:236,0
DA:237,0
DA:246,0
DA:248,0
DA:249,0
DA:253,0
LF:95
LH:0
BRDA:49,0,0,0
BRDA:49,0,1,0
BRDA:76,1,0,0
BRDA:76,1,1,0
BRDA:90,2,0,0
BRDA:90,2,1,0
BRDA:141,3,0,0
BRDA:141,3,1,0
BRDA:151,4,0,0
BRDA:151,4,1,0
BRDA:158,5,0,0
BRDA:158,5,1,0
BRDA:163,6,0,0
BRDA:163,6,1,0
BRDA:169,7,0,0
BRDA:169,7,1,0
BRDA:180,8,0,0
BRDA:180,8,1,0
BRDA:184,9,0,0
BRDA:184,9,1,0
BRDA:189,10,0,0
BRDA:189,10,1,0
BRDA:200,11,0,0
BRDA:200,11,1,0
BRDA:219,12,0,0
BRDA:219,12,1,0
BRDA:232,13,0,0
BRDA:232,13,1,0
BRF:28
BRH:0
end_of_record
TN:
SF:routes/schedules.js
FN:9,(anonymous_0)
FN:45,(anonymous_1)
FN:61,(anonymous_2)
FN:84,(anonymous_3)
FN:101,(anonymous_4)
FN:103,(anonymous_5)
FN:160,(anonymous_6)
FN:225,(anonymous_7)
FN:236,(anonymous_8)
FN:290,(anonymous_9)
FN:326,(anonymous_10)
FN:327,(anonymous_11)
FN:328,(anonymous_12)
FN:341,(anonymous_13)
FN:343,(anonymous_14)
FN:344,(anonymous_15)
FN:357,(anonymous_16)
FN:382,(anonymous_17)
FN:383,(anonymous_18)
FN:390,(anonymous_19)
FN:391,(anonymous_20)
FN:422,(anonymous_21)
FN:436,(anonymous_22)
FN:438,(anonymous_23)
FN:459,(anonymous_24)
FN:461,(anonymous_25)
FN:472,(anonymous_26)
FN:483,(anonymous_27)
FN:505,(anonymous_28)
FN:514,(anonymous_29)
FNF:30
FNH:0
FNDA:0,(anonymous_0)
FNDA:0,(anonymous_1)
FNDA:0,(anonymous_2)
FNDA:0,(anonymous_3)
FNDA:0,(anonymous_4)
FNDA:0,(anonymous_5)
FNDA:0,(anonymous_6)
FNDA:0,(anonymous_7)
FNDA:0,(anonymous_8)
FNDA:0,(anonymous_9)
FNDA:0,(anonymous_10)
FNDA:0,(anonymous_11)
FNDA:0,(anonymous_12)
FNDA:0,(anonymous_13)
FNDA:0,(anonymous_14)
FNDA:0,(anonymous_15)
FNDA:0,(anonymous_16)
FNDA:0,(anonymous_17)
FNDA:0,(anonymous_18)
FNDA:0,(anonymous_19)
FNDA:0,(anonymous_20)
FNDA:0,(anonymous_21)
FNDA:0,(anonymous_22)
FNDA:0,(anonymous_23)
FNDA:0,(anonymous_24)
FNDA:0,(anonymous_25)
FNDA:0,(anonymous_26)
FNDA:0,(anonymous_27)
FNDA:0,(anonymous_28)
FNDA:0,(anonymous_29)
DA:1,0
DA:2,0
DA:3,0
DA:4,0
DA:6,0
DA:9,0
DA:10,0
DA:12,0
DA:13,0
DA:20,0
DA:22,0
DA:30,0
DA:31,0
DA:39,0
DA:40,0
DA:45,0
DA:46,0
DA:48,0
DA:49,0
DA:52,0
DA:53,0
DA:61,0
DA:69,0
DA:71,0
DA:72,0
DA:77,0
DA:85,0
DA:86,0
DA:87,0
DA:90,0
DA:91,0
DA:94,0
DA:101,0
DA:102,0
DA:103,0
DA:106,0
DA:107,0
DA:113,0
DA:115,0
DA:117,0
DA:122,0
DA:124,0
DA:132,0
DA:139,0
DA:149,0
DA:150,0
DA:156,0
DA:161,0
DA:162,0
DA:163,0
DA:166,0
DA:167,0
DA:169,0
DA:171,0
DA:177,0
DA:179,0
DA:181,0
DA:185,0
DA:187,0
DA:189,0
DA:196,0
DA:204,0
DA:214,0
DA:215,0
DA:221,0
DA:226,0
DA:227,0
DA:228,0
DA:231,0
DA:232,0
DA:235,0
DA:236,0
DA:238,0
DA:241,0
DA:243,0
DA:248,0
DA:249,0
DA:250,0
DA:254,0
DA:256,0
DA:258,0
DA:265,0
DA:273,0
DA:283,0
DA:284,0
DA:290,0
DA:291,0
DA:293,0
DA:295,0
DA:300,0
DA:301,0
DA:303,0
DA:304,0
DA:305,0
DA:309,0
DA:322,0
DA:325,0
DA:326,0
DA:327,0
DA:328,0
DA:341,0
DA:342,0
DA:343,0
DA:344,0
DA:357,0
DA:358,0
DA:362,0
DA:364,0
DA:375,0
DA:376,0
DA:377,0
DA:378,0
DA:381,0
DA:382,0
DA:383,0
DA:389,0
DA:390,0
DA:392,0
DA:393,0
DA:394,0
DA:397,0
DA:398,0
DA:399,0
DA:402,0
DA:404,0
DA:406,0
DA:419,0
DA:422,0
DA:423,0
DA:424,0
DA:425,0
DA:430,0
DA:436,0
DA:437,0
DA:438,0
DA:439,0
DA:440,0
DA:445,0
DA:456,0
DA:459,0
DA:460,0
DA:461,0
DA:462,0
DA:463,0
DA:470,0
DA:472,0
DA:474,0
DA:478,0
DA:480,0
DA:483,0
DA:484,0
DA:485,0
DA:489,0
DA:490,0
DA:491,0
DA:497,0
DA:499,0
DA:505,0
DA:506,0
DA:507,0
DA:511,0
DA:514,0
DA:515,0
DA:516,0
DA:517,0
DA:521,0
DA:524,0
DA:529,0
DA:530,0
DA:531,0
DA:541,0
DA:542,0
DA:549,0
DA:557,0
DA:558,0
DA:562,0
LF:176
LH:0
BRDA:20,0,0,0
BRDA:20,0,1,0
BRDA:48,1,0,0
BRDA:48,1,1,0
BRDA:48,2,0,0
BRDA:48,2,1,0
BRDA:86,3,0,0
BRDA:86,3,1,0
BRDA:102,4,0,0
BRDA:102,4,1,0
BRDA:106,5,0,0
BRDA:106,5,1,0
BRDA:122,6,0,0
BRDA:122,6,1,0
BRDA:162,7,0,0
BRDA:162,7,1,0
BRDA:177,8,0,0
BRDA:177,8,1,0
BRDA:187,9,0,0
BRDA:187,9,1,0
BRDA:227,10,0,0
BRDA:227,10,1,0
BRDA:236,11,0,0
BRDA:236,11,1,0
BRDA:236,12,0,0
BRDA:236,12,1,0
BRDA:249,13,0,0
BRDA:249,13,1,0
BRDA:256,14,0,0
BRDA:256,14,1,0
BRDA:303,15,0,0
BRDA:303,15,1,0
BRDA:334,16,0,0
BRDA:334,16,1,0
BRDA:334,17,0,0
BRDA:334,17,1,0
BRDA:347,18,0,0
BRDA:347,18,1,0
BRDA:350,19,0,0
BRDA:350,19,1,0
BRDA:350,20,0,0
BRDA:350,20,1,0
BRDA:358,21,0,0
BRDA:358,21,1,0
BRDA:369,22,0,0
BRDA:369,22,1,0
BRDA:392,23,0,0
BRDA:392,23,1,0
BRDA:393,24,0,0
BRDA:393,24,1,0
BRDA:402,25,0,0
BRDA:402,25,1,0
BRDA:404,26,0,0
BRDA:404,26,1,0
BRDA:412,27,0,0
BRDA:412,27,1,0
BRDA:412,28,0,0
BRDA:412,28,1,0
BRDA:422,29,0,0
BRDA:422,29,1,0
BRDA:423,30,0,0
BRDA:423,30,1,0
BRDA:437,31,0,0
BRDA:437,31,1,0
BRDA:439,32,0,0
BRDA:439,32,1,0
BRDA:460,33,0,0
BRDA:460,33,1,0
BRDA:462,34,0,0
BRDA:462,34,1,0
BRDA:474,35,0,0
BRDA:474,35,1,0
BRDA:478,36,0,0
BRDA:478,36,1,0
BRDA:478,37,0,0
BRDA:478,37,1,0
BRDA:484,38,0,0
BRDA:484,38,1,0
BRDA:497,39,0,0
BRDA:497,39,1,0
BRDA:497,40,0,0
BRDA:497,40,1,0
BRDA:506,41,0,0
BRDA:506,41,1,0
BRDA:514,42,0,0
BRDA:514,42,1,0
BRDA:515,43,0,0
BRDA:515,43,1,0
BRDA:529,44,0,0
BRDA:529,44,1,0
BRDA:541,45,0,0
BRDA:541,45,1,0
BRF:92
BRH:0
end_of_record
TN:
SF:utils/emailService.js
FN:7,(anonymous_0)
FN:23,(anonymous_1)
FN:38,(anonymous_2)
FNF:3
FNH:2
FNDA:13,(anonymous_0)
FNDA:0,(anonymous_1)
FNDA:13,(anonymous_2)
DA:1,1
DA:7,1
DA:9,13
DA:10,13
DA:21,0
DA:22,0
DA:24,0
DA:25,0
DA:26,0
DA:27,0
DA:28,0
DA:29,0
DA:38,1
DA:39,13
DA:42,13
DA:44,13
DA:111,13
DA:112,12
DA:113,12
DA:116,1
LF:20
LH:12
BRDA:9,0,0,13
BRDA:9,0,1,0
BRDA:9,1,0,13
BRDA:9,1,1,13
BRDA:42,2,0,13
BRDA:42,2,1,0
BRDA:45,3,0,13
BRDA:45,3,1,0
BRF:8
BRH:5
end_of_record
