TN:
SF:middleware/auth.js
FN:4,(anonymous_0)
FN:12,(anonymous_1)
FN:22,(anonymous_2)
FN:30,(anonymous_3)
FNF:4
FNH:3
FNDA:13,(anonymous_0)
FNDA:10,(anonymous_1)
FNDA:7,(anonymous_2)
FNDA:0,(anonymous_3)
DA:1,2
DA:4,2
DA:5,13
DA:6,13
DA:8,13
DA:9,3
DA:12,10
DA:13,10
DA:14,4
DA:16,6
DA:17,6
DA:22,2
DA:23,7
DA:24,5
DA:26,2
DA:30,2
DA:31,0
DA:32,0
DA:34,0
DA:37,2
LF:20
LH:17
BRDA:6,0,0,13
BRDA:6,0,1,11
BRDA:8,1,0,3
BRDA:8,1,1,10
BRDA:13,2,0,4
BRDA:13,2,1,6
BRDA:23,3,0,5
BRDA:23,3,1,2
BRDA:31,4,0,0
BRDA:31,4,1,0
BRF:10
BRH:8
end_of_record
TN:
SF:routes/activity.js
FN:7,(anonymous_0)
FN:33,(anonymous_1)
FNF:2
FNH:0
FNDA:0,(anonymous_0)
FNDA:0,(anonymous_1)
DA:1,0
DA:2,0
DA:3,0
DA:4,0
DA:7,0
DA:8,0
DA:10,0
DA:12,0
DA:33,0
DA:34,0
DA:36,0
DA:47,0
DA:53,0
DA:54,0
DA:58,0
LF:15
LH:0
BRDA:34,0,0,0
BRDA:34,0,1,0
BRDA:40,1,0,0
BRDA:40,1,1,0
BRDA:40,1,2,0
BRF:5
BRH:0
end_of_record
TN:
SF:routes/attendance.js
FN:11,(anonymous_0)
FN:73,(anonymous_1)
FN:246,(anonymous_2)
FN:247,(anonymous_3)
FN:320,(anonymous_4)
FN:334,(anonymous_5)
FNF:6
FNH:0
FNDA:0,(anonymous_0)
FNDA:0,(anonymous_1)
FNDA:0,(anonymous_2)
FNDA:0,(anonymous_3)
FNDA:0,(anonymous_4)
FNDA:0,(anonymous_5)
DA:1,0
DA:2,0
DA:3,0
DA:4,0
DA:5,0
DA:6,0
DA:8,0
DA:11,0
DA:12,0
DA:14,0
DA:16,0
DA:17,0
DA:21,0
DA:22,0
DA:26,0
DA:34,0
DA:35,0
DA:45,0
DA:58,0
DA:59,0
DA:65,0
DA:74,0
DA:75,0
DA:76,0
DA:79,0
DA:80,0
DA:81,0
DA:82,0
DA:84,0
DA:86,0
DA:87,0
DA:91,0
DA:92,0
DA:97,0
DA:99,0
DA:102,0
DA:108,0
DA:124,0
DA:127,0
DA:144,0
DA:147,0
DA:152,0
DA:156,0
DA:164,0
DA:172,0
DA:173,0
DA:175,0
DA:176,0
DA:178,0
DA:179,0
DA:181,0
DA:182,0
DA:185,0
DA:204,0
DA:207,0
DA:211,0
DA:214,0
DA:215,0
DA:216,0
DA:217,0
DA:218,0
DA:222,0
DA:228,0
DA:230,0
DA:236,0
DA:237,0
DA:238,0
DA:241,0
DA:242,0
DA:243,0
DA:246,0
DA:247,0
DA:248,0
DA:249,0
DA:250,0
DA:253,0
DA:258,0
DA:260,0
DA:267,0
DA:269,0
DA:272,0
DA:273,0
DA:290,0
DA:306,0
DA:307,0
DA:314,0
DA:320,0
DA:321,0
DA:323,0
DA:324,0
DA:334,0
DA:348,0
DA:349,0
DA:353,0
LF:94
LH:0
BRDA:16,0,0,0
BRDA:16,0,1,0
BRDA:21,1,0,0
BRDA:21,1,1,0
BRDA:34,2,0,0
BRDA:34,2,1,0
BRDA:75,3,0,0
BRDA:75,3,1,0
BRDA:81,4,0,0
BRDA:81,4,1,0
BRDA:86,5,0,0
BRDA:86,5,1,0
BRDA:91,6,0,0
BRDA:91,6,1,0
BRDA:97,7,0,0
BRDA:97,7,1,0
BRDA:119,8,0,0
BRDA:119,8,1,0
BRDA:152,9,0,0
BRDA:152,9,1,0
BRDA:173,10,0,0
BRDA:173,10,1,0
BRDA:173,10,2,0
BRDA:196,11,0,0
BRDA:196,11,1,0
BRDA:198,12,0,0
BRDA:198,12,1,0
BRDA:204,13,0,0
BRDA:204,13,1,0
BRDA:211,14,0,0
BRDA:211,14,1,0
BRDA:214,15,0,0
BRDA:214,15,1,0
BRDA:214,16,0,0
BRDA:214,16,1,0
BRDA:236,17,0,0
BRDA:236,17,1,0
BRDA:236,18,0,0
BRDA:236,18,1,0
BRDA:246,19,0,0
BRDA:246,19,1,0
BRDA:248,20,0,0
BRDA:248,20,1,0
BRDA:269,21,0,0
BRDA:269,21,1,0
BRF:45
BRH:0
end_of_record
TN:
SF:routes/auth.js
FN:23,(anonymous_0)
FN:112,(anonymous_1)
FN:194,(anonymous_2)
FN:248,(anonymous_3)
FN:347,(anonymous_4)
FN:405,(anonymous_5)
FN:465,(anonymous_6)
FN:535,(anonymous_7)
FN:569,(anonymous_8)
FN:631,(anonymous_9)
FN:683,(anonymous_10)
FNF:11
FNH:6
FNDA:4,(anonymous_0)
FNDA:5,(anonymous_1)
FNDA:1,(anonymous_2)
FNDA:0,(anonymous_3)
FNDA:0,(anonymous_4)
FNDA:0,(anonymous_5)
FNDA:0,(anonymous_6)
FNDA:0,(anonymous_7)
FNDA:2,(anonymous_8)
FNDA:3,(anonymous_9)
FNDA:2,(anonymous_10)
DA:1,1
DA:2,1
DA:3,1
DA:4,1
DA:5,1
DA:6,1
DA:7,1
DA:8,1
DA:10,1
DA:13,1
DA:24,4
DA:25,4
DA:26,1
DA:29,3
DA:31,3
DA:33,3
DA:38,3
DA:39,1
DA:42,2
DA:45,2
DA:50,2
DA:51,1
DA:55,1
DA:58,1
DA:63,1
DA:66,1
DA:72,1
DA:79,1
DA:87,1
DA:100,0
DA:101,0
DA:107,1
DA:113,5
DA:114,5
DA:115,0
DA:116,0
DA:119,5
DA:120,5
DA:122,5
DA:123,5
DA:128,5
DA:129,1
DA:130,1
DA:133,4
DA:134,4
DA:137,4
DA:138,4
DA:140,4
DA:141,1
DA:142,1
DA:146,3
DA:147,0
DA:148,0
DA:152,3
DA:158,3
DA:161,3
DA:162,3
DA:163,2
DA:170,2
DA:173,3
DA:187,0
DA:188,0
DA:194,1
DA:195,1
DA:196,1
DA:201,1
DA:202,0
DA:205,1
DA:208,1
DA:209,1
DA:210,1
DA:217,1
DA:220,1
DA:232,0
DA:233,0
DA:238,1
DA:249,0
DA:250,0
DA:251,0
DA:254,0
DA:256,0
DA:258,0
DA:259,0
DA:262,0
DA:263,0
DA:268,0
DA:269,0
DA:271,0
DA:272,0
DA:275,0
DA:276,0
DA:277,0
DA:280,0
DA:281,0
DA:282,0
DA:285,0
DA:286,0
DA:287,0
DA:290,0
DA:291,0
DA:292,0
DA:295,0
DA:296,0
DA:297,0
DA:301,0
DA:302,0
DA:305,0
DA:308,0
DA:314,0
DA:319,0
DA:321,0
DA:335,0
DA:336,0
DA:342,1
DA:348,0
DA:349,0
DA:350,0
DA:353,0
DA:354,0
DA:356,0
DA:358,0
DA:359,0
DA:364,0
DA:365,0
DA:370,0
DA:375,0
DA:376,0
DA:380,0
DA:385,0
DA:393,0
DA:394,0
DA:400,1
DA:406,0
DA:407,0
DA:408,0
DA:412,0
DA:413,0
DA:416,0
DA:418,0
DA:420,0
DA:425,0
DA:426,0
DA:429,0
DA:432,0
DA:437,0
DA:438,0
DA:442,0
DA:447,0
DA:456,0
DA:457,0
DA:463,1
DA:466,0
DA:468,0
DA:470,0
DA:471,0
DA:475,0
DA:480,0
DA:481,0
DA:485,0
DA:489,0
DA:492,0
DA:498,0
DA:500,0
DA:508,0
DA:513,0
DA:520,0
DA:526,0
DA:527,0
DA:533,1
DA:536,0
DA:538,0
DA:539,0
DA:543,0
DA:549,0
DA:554,0
DA:558,0
DA:559,0
DA:565,1
DA:570,2
DA:571,2
DA:572,0
DA:575,2
DA:577,2
DA:579,2
DA:586,2
DA:587,1
DA:592,1
DA:595,1
DA:596,1
DA:599,1
DA:602,1
DA:608,1
DA:609,1
DA:611,0
DA:615,1
DA:619,0
DA:620,0
DA:626,1
DA:632,3
DA:633,3
DA:634,1
DA:637,2
DA:639,2
DA:641,2
DA:644,2
DA:651,2
DA:652,1
DA:657,1
DA:660,1
DA:663,1
DA:669,1
DA:674,1
DA:676,0
DA:677,0
DA:683,1
DA:684,2
DA:686,2
DA:687,2
DA:689,2
DA:695,2
DA:696,1
DA:702,1
DA:704,0
DA:705,0
DA:709,1
LF:225
LH:109
BRDA:25,0,0,1
BRDA:25,0,1,3
BRDA:38,1,0,1
BRDA:38,1,1,2
BRDA:50,2,0,1
BRDA:50,2,1,1
BRDA:60,3,0,1
BRDA:60,3,1,1
BRDA:60,4,0,1
BRDA:60,4,1,1
BRDA:114,5,0,0
BRDA:114,5,1,5
BRDA:128,6,0,1
BRDA:128,6,1,4
BRDA:140,7,0,1
BRDA:140,7,1,3
BRDA:146,8,0,0
BRDA:146,8,1,3
BRDA:162,9,0,2
BRDA:162,9,1,1
BRDA:182,10,0,3
BRDA:182,10,1,3
BRDA:201,11,0,0
BRDA:201,11,1,1
BRDA:209,12,0,1
BRDA:209,12,1,0
BRDA:227,13,0,1
BRDA:227,13,1,1
BRDA:228,14,0,1
BRDA:228,14,1,1
BRDA:250,15,0,0
BRDA:250,15,1,0
BRDA:262,16,0,0
BRDA:262,16,1,0
BRDA:268,17,0,0
BRDA:268,17,1,0
BRDA:275,18,0,0
BRDA:275,18,1,0
BRDA:280,19,0,0
BRDA:280,19,1,0
BRDA:285,20,0,0
BRDA:285,20,1,0
BRDA:287,21,0,0
BRDA:287,21,1,0
BRDA:290,22,0,0
BRDA:290,22,1,0
BRDA:295,23,0,0
BRDA:295,23,1,0
BRDA:301,24,0,0
BRDA:301,24,1,0
BRDA:329,25,0,0
BRDA:329,25,1,0
BRDA:330,26,0,0
BRDA:330,26,1,0
BRDA:349,27,0,0
BRDA:349,27,1,0
BRDA:358,28,0,0
BRDA:358,28,1,0
BRDA:364,29,0,0
BRDA:364,29,1,0
BRDA:375,30,0,0
BRDA:375,30,1,0
BRDA:407,31,0,0
BRDA:407,31,1,0
BRDA:412,32,0,0
BRDA:412,32,1,0
BRDA:425,33,0,0
BRDA:425,33,1,0
BRDA:437,34,0,0
BRDA:437,34,1,0
BRDA:470,35,0,0
BRDA:470,35,1,0
BRDA:480,36,0,0
BRDA:480,36,1,0
BRDA:498,37,0,0
BRDA:498,37,1,0
BRDA:538,38,0,0
BRDA:538,38,1,0
BRDA:571,39,0,0
BRDA:571,39,1,2
BRDA:586,40,0,1
BRDA:586,40,1,1
BRDA:609,41,0,1
BRDA:609,41,1,1
BRDA:633,42,0,1
BRDA:633,42,1,2
BRDA:651,43,0,1
BRDA:651,43,1,1
BRDA:695,44,0,1
BRDA:695,44,1,1
BRF:90
BRH:37
end_of_record
TN:
SF:routes/children.js
FN:10,generateRegistrationCode
FN:15,(anonymous_1)
FN:46,(anonymous_2)
FN:74,(anonymous_3)
FN:129,(anonymous_4)
FN:178,(anonymous_5)
FN:213,(anonymous_6)
FN:227,(anonymous_7)
FN:298,(anonymous_8)
FN:307,(anonymous_9)
FNF:10
FNH:0
FNDA:0,generateRegistrationCode
FNDA:0,(anonymous_1)
FNDA:0,(anonymous_2)
FNDA:0,(anonymous_3)
FNDA:0,(anonymous_4)
FNDA:0,(anonymous_5)
FNDA:0,(anonymous_6)
FNDA:0,(anonymous_7)
FNDA:0,(anonymous_8)
FNDA:0,(anonymous_9)
DA:1,0
DA:2,0
DA:3,0
DA:4,0
DA:5,0
DA:7,0
DA:11,0
DA:15,0
DA:16,0
DA:17,0
DA:26,0
DA:27,0
DA:35,0
DA:38,0
DA:40,0
DA:41,0
DA:46,0
DA:47,0
DA:49,0
DA:50,0
DA:53,0
DA:54,0
DA:59,0
DA:61,0
DA:62,0
DA:67,0
DA:75,0
DA:76,0
DA:77,0
DA:80,0
DA:82,0
DA:88,0
DA:90,0
DA:91,0
DA:92,0
DA:96,0
DA:100,0
DA:105,0
DA:115,0
DA:116,0
DA:122,0
DA:130,0
DA:131,0
DA:132,0
DA:135,0
DA:136,0
DA:138,0
DA:142,0
DA:143,0
DA:145,0
DA:146,0
DA:147,0
DA:149,0
DA:150,0
DA:151,0
DA:154,0
DA:155,0
DA:158,0
DA:160,0
DA:165,0
DA:166,0
DA:169,0
DA:171,0
DA:172,0
DA:178,0
DA:179,0
DA:181,0
DA:183,0
DA:188,0
DA:189,0
DA:193,0
DA:210,0
DA:213,0
DA:221,0
DA:222,0
DA:227,0
DA:228,0
DA:229,0
DA:231,0
DA:233,0
DA:238,0
DA:239,0
DA:242,0
DA:245,0
DA:264,0
DA:267,0
DA:269,0
DA:275,0
DA:278,0
DA:279,0
DA:280,0
DA:284,0
DA:288,0
DA:290,0
DA:295,0
DA:298,0
DA:301,0
DA:302,0
DA:307,0
DA:308,0
DA:309,0
DA:312,0
DA:313,0
DA:322,0
DA:324,0
DA:325,0
DA:329,0
LF:107
LH:0
BRDA:49,0,0,0
BRDA:49,0,1,0
BRDA:76,1,0,0
BRDA:76,1,1,0
BRDA:131,2,0,0
BRDA:131,2,1,0
BRDA:145,3,0,0
BRDA:145,3,1,0
BRDA:149,4,0,0
BRDA:149,4,1,0
BRDA:154,5,0,0
BRDA:154,5,1,0
BRDA:165,6,0,0
BRDA:165,6,1,0
BRDA:188,7,0,0
BRDA:188,7,1,0
BRDA:238,8,0,0
BRDA:238,8,1,0
BRDA:279,9,0,0
BRDA:279,9,1,0
BRDA:280,10,0,0
BRDA:280,10,1,0
BRDA:284,11,0,0
BRDA:284,11,1,0
BRDA:308,12,0,0
BRDA:308,12,1,0
BRF:26
BRH:0
end_of_record
TN:
SF:routes/schedules.js
FN:11,(anonymous_0)
FN:47,(anonymous_1)
FN:63,(anonymous_2)
FN:87,(anonymous_3)
FN:104,(anonymous_4)
FN:106,(anonymous_5)
FN:218,(anonymous_6)
FN:325,(anonymous_7)
FN:336,(anonymous_8)
FN:390,(anonymous_9)
FN:433,(anonymous_10)
FN:434,(anonymous_11)
FN:442,(anonymous_12)
FN:461,(anonymous_13)
FN:463,(anonymous_14)
FN:464,(anonymous_15)
FN:480,(anonymous_16)
FN:508,(anonymous_17)
FN:509,(anonymous_18)
FN:516,(anonymous_19)
FN:517,(anonymous_20)
FN:551,(anonymous_21)
FN:565,(anonymous_22)
FN:567,(anonymous_23)
FN:588,(anonymous_24)
FN:590,(anonymous_25)
FN:601,(anonymous_26)
FN:612,(anonymous_27)
FN:634,(anonymous_28)
FN:643,(anonymous_29)
FNF:30
FNH:0
FNDA:0,(anonymous_0)
FNDA:0,(anonymous_1)
FNDA:0,(anonymous_2)
FNDA:0,(anonymous_3)
FNDA:0,(anonymous_4)
FNDA:0,(anonymous_5)
FNDA:0,(anonymous_6)
FNDA:0,(anonymous_7)
FNDA:0,(anonymous_8)
FNDA:0,(anonymous_9)
FNDA:0,(anonymous_10)
FNDA:0,(anonymous_11)
FNDA:0,(anonymous_12)
FNDA:0,(anonymous_13)
FNDA:0,(anonymous_14)
FNDA:0,(anonymous_15)
FNDA:0,(anonymous_16)
FNDA:0,(anonymous_17)
FNDA:0,(anonymous_18)
FNDA:0,(anonymous_19)
FNDA:0,(anonymous_20)
FNDA:0,(anonymous_21)
FNDA:0,(anonymous_22)
FNDA:0,(anonymous_23)
FNDA:0,(anonymous_24)
FNDA:0,(anonymous_25)
FNDA:0,(anonymous_26)
FNDA:0,(anonymous_27)
FNDA:0,(anonymous_28)
FNDA:0,(anonymous_29)
DA:1,0
DA:2,0
DA:3,0
DA:4,0
DA:5,0
DA:6,0
DA:8,0
DA:11,0
DA:12,0
DA:14,0
DA:15,0
DA:22,0
DA:24,0
DA:32,0
DA:33,0
DA:41,0
DA:42,0
DA:47,0
DA:48,0
DA:50,0
DA:51,0
DA:54,0
DA:55,0
DA:63,0
DA:71,0
DA:73,0
DA:74,0
DA:79,0
DA:88,0
DA:89,0
DA:90,0
DA:93,0
DA:94,0
DA:97,0
DA:104,0
DA:105,0
DA:106,0
DA:109,0
DA:110,0
DA:116,0
DA:118,0
DA:120,0
DA:125,0
DA:126,0
DA:127,0
DA:128,0
DA:130,0
DA:132,0
DA:133,0
DA:134,0
DA:136,0
DA:137,0
DA:140,0
DA:148,0
DA:155,0
DA:156,0
DA:160,0
DA:161,0
DA:179,0
DA:180,0
DA:197,0
DA:207,0
DA:208,0
DA:214,0
DA:219,0
DA:220,0
DA:221,0
DA:224,0
DA:225,0
DA:227,0
DA:229,0
DA:235,0
DA:236,0
DA:238,0
DA:240,0
DA:241,0
DA:245,0
DA:247,0
DA:249,0
DA:256,0
DA:265,0
DA:266,0
DA:285,0
DA:286,0
DA:287,0
DA:289,0
DA:300,0
DA:302,0
DA:314,0
DA:315,0
DA:321,0
DA:326,0
DA:327,0
DA:328,0
DA:331,0
DA:332,0
DA:335,0
DA:336,0
DA:338,0
DA:341,0
DA:343,0
DA:348,0
DA:349,0
DA:350,0
DA:354,0
DA:356,0
DA:358,0
DA:365,0
DA:373,0
DA:383,0
DA:384,0
DA:390,0
DA:391,0
DA:393,0
DA:395,0
DA:400,0
DA:401,0
DA:403,0
DA:404,0
DA:405,0
DA:409,0
DA:432,0
DA:433,0
DA:436,0
DA:437,0
DA:438,0
DA:440,0
DA:442,0
DA:461,0
DA:462,0
DA:463,0
DA:464,0
DA:480,0
DA:481,0
DA:485,0
DA:488,0
DA:490,0
DA:501,0
DA:502,0
DA:503,0
DA:504,0
DA:507,0
DA:508,0
DA:509,0
DA:515,0
DA:516,0
DA:518,0
DA:519,0
DA:520,0
DA:523,0
DA:524,0
DA:525,0
DA:528,0
DA:530,0
DA:532,0
DA:548,0
DA:551,0
DA:552,0
DA:553,0
DA:554,0
DA:559,0
DA:565,0
DA:566,0
DA:567,0
DA:568,0
DA:569,0
DA:574,0
DA:585,0
DA:588,0
DA:589,0
DA:590,0
DA:591,0
DA:592,0
DA:599,0
DA:601,0
DA:603,0
DA:607,0
DA:609,0
DA:612,0
DA:613,0
DA:614,0
DA:618,0
DA:619,0
DA:620,0
DA:626,0
DA:628,0
DA:634,0
DA:635,0
DA:636,0
DA:640,0
DA:643,0
DA:644,0
DA:645,0
DA:646,0
DA:650,0
DA:653,0
DA:658,0
DA:659,0
DA:660,0
DA:670,0
DA:671,0
DA:678,0
DA:686,0
DA:687,0
DA:691,0
LF:205
LH:0
BRDA:22,0,0,0
BRDA:22,0,1,0
BRDA:50,1,0,0
BRDA:50,1,1,0
BRDA:50,2,0,0
BRDA:50,2,1,0
BRDA:89,3,0,0
BRDA:89,3,1,0
BRDA:105,4,0,0
BRDA:105,4,1,0
BRDA:109,5,0,0
BRDA:109,5,1,0
BRDA:130,6,0,0
BRDA:130,6,1,0
BRDA:160,7,0,0
BRDA:160,7,1,0
BRDA:179,8,0,0
BRDA:179,8,1,0
BRDA:220,9,0,0
BRDA:220,9,1,0
BRDA:236,10,0,0
BRDA:236,10,1,0
BRDA:247,11,0,0
BRDA:247,11,1,0
BRDA:265,12,0,0
BRDA:265,12,1,0
BRDA:265,13,0,0
BRDA:265,13,1,0
BRDA:327,14,0,0
BRDA:327,14,1,0
BRDA:336,15,0,0
BRDA:336,15,1,0
BRDA:336,16,0,0
BRDA:336,16,1,0
BRDA:349,17,0,0
BRDA:349,17,1,0
BRDA:356,18,0,0
BRDA:356,18,1,0
BRDA:403,19,0,0
BRDA:403,19,1,0
BRDA:437,20,0,0
BRDA:437,20,1,0
BRDA:437,21,0,0
BRDA:437,21,1,0
BRDA:438,22,0,0
BRDA:438,22,1,0
BRDA:449,23,0,0
BRDA:449,23,1,0
BRDA:449,24,0,0
BRDA:449,24,1,0
BRDA:467,25,0,0
BRDA:467,25,1,0
BRDA:470,26,0,0
BRDA:470,26,1,0
BRDA:470,27,0,0
BRDA:470,27,1,0
BRDA:481,28,0,0
BRDA:481,28,1,0
BRDA:495,29,0,0
BRDA:495,29,1,0
BRDA:518,30,0,0
BRDA:518,30,1,0
BRDA:519,31,0,0
BRDA:519,31,1,0
BRDA:528,32,0,0
BRDA:528,32,1,0
BRDA:530,33,0,0
BRDA:530,33,1,0
BRDA:538,34,0,0
BRDA:538,34,1,0
BRDA:538,35,0,0
BRDA:538,35,1,0
BRDA:551,36,0,0
BRDA:551,36,1,0
BRDA:552,37,0,0
BRDA:552,37,1,0
BRDA:566,38,0,0
BRDA:566,38,1,0
BRDA:568,39,0,0
BRDA:568,39,1,0
BRDA:589,40,0,0
BRDA:589,40,1,0
BRDA:591,41,0,0
BRDA:591,41,1,0
BRDA:603,42,0,0
BRDA:603,42,1,0
BRDA:607,43,0,0
BRDA:607,43,1,0
BRDA:607,44,0,0
BRDA:607,44,1,0
BRDA:613,45,0,0
BRDA:613,45,1,0
BRDA:626,46,0,0
BRDA:626,46,1,0
BRDA:626,47,0,0
BRDA:626,47,1,0
BRDA:635,48,0,0
BRDA:635,48,1,0
BRDA:643,49,0,0
BRDA:643,49,1,0
BRDA:644,50,0,0
BRDA:644,50,1,0
BRDA:658,51,0,0
BRDA:658,51,1,0
BRDA:670,52,0,0
BRDA:670,52,1,0
BRF:106
BRH:0
end_of_record
TN:
SF:utils/dateValidation.js
FN:10,isPastDate
FN:25,rejectPastDates
FNF:2
FNH:2
FNDA:6,isPastDate
FNDA:4,rejectPastDates
DA:11,6
DA:12,6
DA:15,6
DA:16,6
DA:18,6
DA:26,4
DA:28,4
DA:29,1
DA:32,3
DA:33,1
DA:39,2
DA:42,1
LF:12
LH:12
BRDA:28,0,0,1
BRDA:28,0,1,3
BRDA:32,1,0,1
BRDA:32,1,1,2
BRF:4
BRH:4
end_of_record
TN:
SF:utils/emailService.js
FN:41,(anonymous_0)
FN:57,(anonymous_1)
FN:76,(anonymous_2)
FNF:3
FNH:2
FNDA:13,(anonymous_0)
FNDA:0,(anonymous_1)
FNDA:13,(anonymous_2)
DA:1,1
DA:8,1
DA:41,1
DA:43,13
DA:44,13
DA:55,0
DA:56,0
DA:58,0
DA:59,0
DA:60,0
DA:61,0
DA:62,0
DA:63,0
DA:76,1
DA:77,13
DA:80,13
DA:81,13
DA:84,13
DA:86,13
DA:153,13
DA:154,12
DA:155,12
DA:158,1
LF:23
LH:15
BRDA:43,0,0,13
BRDA:43,0,1,0
BRDA:43,1,0,13
BRDA:43,1,1,13
BRDA:76,2,0,13
BRDA:80,3,0,13
BRDA:80,3,1,0
BRDA:84,4,0,13
BRDA:84,4,1,0
BRDA:87,5,0,13
BRDA:87,5,1,0
BRF:11
BRH:7
end_of_record
TN:
SF:utils/waitingListProcessor.js
FN:8,getGroupCapacity
FN:27,processWaitingList
FN:84,(anonymous_2)
FN:86,(anonymous_3)
FN:285,processSlotGiveUp
FNF:5
FNH:3
FNDA:1,getGroupCapacity
FNDA:1,processWaitingList
FNDA:0,(anonymous_2)
FNDA:0,(anonymous_3)
FNDA:1,processSlotGiveUp
DA:1,1
DA:9,1
DA:13,1
DA:28,1
DA:34,1
DA:40,1
DA:52,1
DA:54,1
DA:58,0
DA:69,0
DA:78,0
DA:79,0
DA:81,0
DA:82,0
DA:83,0
DA:84,0
DA:85,0
DA:86,0
DA:89,0
DA:93,0
DA:94,0
DA:98,0
DA:99,0
DA:108,0
DA:125,0
DA:128,0
DA:130,0
DA:139,0
DA:145,1
DA:156,1
DA:158,1
DA:160,0
DA:161,0
DA:163,0
DA:164,0
DA:169,0
DA:183,0
DA:184,0
DA:185,0
DA:186,0
DA:190,0
DA:194,0
DA:217,0
DA:218,0
DA:221,0
DA:229,0
DA:248,0
DA:250,0
DA:257,0
DA:258,0
DA:262,1
DA:268,1
DA:270,0
DA:271,0
DA:286,1
DA:290,1
DA:291,1
DA:295,1
DA:309,1
DA:310,1
DA:311,0
DA:312,0
DA:316,1
DA:327,1
DA:328,1
DA:329,1
DA:332,0
DA:335,0
DA:337,0
DA:352,0
DA:353,0
DA:355,0
DA:360,0
DA:362,0
DA:369,0
DA:374,0
DA:375,0
DA:378,0
DA:379,0
DA:387,0
DA:390,0
DA:392,0
DA:393,0
DA:394,0
DA:396,0
DA:397,0
DA:400,0
DA:401,0
DA:407,0
DA:408,0
DA:432,0
DA:433,0
DA:436,0
DA:443,0
DA:445,0
DA:452,0
DA:454,0
DA:455,0
DA:459,1
LF:99
LH:24
BRDA:85,0,0,0
BRDA:85,0,1,0
BRDA:89,1,0,0
BRDA:89,1,1,0
BRDA:93,2,0,0
BRDA:93,2,1,0
BRDA:98,3,0,0
BRDA:98,3,1,0
BRDA:98,4,0,0
BRDA:98,4,1,0
BRDA:98,4,2,0
BRDA:120,5,0,0
BRDA:120,5,1,0
BRDA:120,5,2,0
BRDA:125,6,0,0
BRDA:125,6,1,0
BRDA:127,7,0,0
BRDA:127,7,1,0
BRDA:153,8,0,1
BRDA:153,8,1,0
BRDA:183,9,0,0
BRDA:183,9,1,0
BRDA:190,10,0,0
BRDA:190,10,1,0
BRDA:217,11,0,0
BRDA:217,11,1,0
BRDA:218,12,0,0
BRDA:218,12,1,0
BRDA:243,13,0,0
BRDA:243,13,1,0
BRDA:248,14,0,0
BRDA:248,14,1,0
BRDA:285,15,0,1
BRDA:310,16,0,0
BRDA:310,16,1,1
BRDA:327,17,0,1
BRDA:327,17,1,0
BRDA:335,18,0,0
BRDA:335,18,1,0
BRDA:353,19,0,0
BRDA:353,19,1,0
BRDA:378,20,0,0
BRDA:378,20,1,0
BRDA:387,21,0,0
BRDA:387,21,1,0
BRDA:387,22,0,0
BRDA:387,22,1,0
BRDA:390,23,0,0
BRDA:390,23,1,0
BRDA:394,24,0,0
BRDA:394,24,1,0
BRDA:407,25,0,0
BRDA:407,25,1,0
BRDA:407,26,0,0
BRDA:407,26,1,0
BRDA:432,27,0,0
BRDA:432,27,1,0
BRDA:433,28,0,0
BRDA:433,28,1,0
BRDA:443,29,0,0
BRDA:443,29,1,0
BRF:61
BRH:4
end_of_record
